'/=====================================================================================2019-11-15 07:25:58/'
array (
  'weid' => '4',
  'uniacid' => '4',
  'result' => 'success',
  'type' => 'wechat',
  'tid' => '2019111507254800001324882646',
  'uniontid' => '2019111507254800001324882646',
  'user' => 'oU4JcvxoUIcjzaYWWfNoQbFuafwk',
  'fee' => '298.00',
  'tag' => 
  array (
    'acid' => '4',
    'uid' => '184',
    'transaction_id' => '4200000470201911155652007313',
  ),
  'is_usecard' => '0',
  'card_type' => '0',
  'card_fee' => '298.00',
  'card_id' => '',
  'from' => 'notify',
)
'/=====================================================================================2019-11-15 09:22:10/'
array (
  'weid' => '4',
  'uniacid' => '4',
  'result' => 'success',
  'type' => 'wechat',
  'tid' => '2019111509214100001320278526',
  'uniontid' => '2019111509214100001320278526',
  'user' => 'oU4JcvytzJKLrf6mISf-Klxg0e5A',
  'fee' => '298.00',
  'tag' => 
  array (
    'acid' => '4',
    'uid' => '233',
    'transaction_id' => '4200000467201911155928238393',
  ),
  'is_usecard' => '0',
  'card_type' => '0',
  'card_fee' => '298.00',
  'card_id' => '',
  'from' => 'notify',
)
'/=====================================================================================2019-11-15 14:17:35/'
array (
  'weid' => '4',
  'uniacid' => '4',
  'result' => 'success',
  'type' => 'wechat',
  'tid' => '2019111514172100001388081328',
  'uniontid' => '2019111514172100001388081328',
  'user' => 'oU4JcvzIt0vqt9LvkgvU3SGg3p7o',
  'fee' => '298.00',
  'tag' => 
  array (
    'acid' => '4',
    'uid' => '327',
    'transaction_id' => '4200000461201911153364671560',
  ),
  'is_usecard' => '0',
  'card_type' => '0',
  'card_fee' => '298.00',
  'card_id' => '',
  'from' => 'notify',
)
'/=====================================================================================2019-11-15 17:21:56/'
array (
  'weid' => '4',
  'uniacid' => '4',
  'result' => 'success',
  'type' => 'wechat',
  'tid' => '2019111517214800001385688664',
  'uniontid' => '2019111517214800001385688664',
  'user' => 'oU4JcvzgJlhp_6Ti6NcADdst80e0',
  'fee' => '298.00',
  'tag' => 
  array (
    'acid' => '4',
    'uid' => '710',
    'transaction_id' => '4200000457201911159472481031',
  ),
  'is_usecard' => '0',
  'card_type' => '0',
  'card_fee' => '298.00',
  'card_id' => '',
  'from' => 'notify',
)
