'/=====================================================================================2019-11-19 00:00:01/'
array (
  'time' => '2019-11-19 00:00:01',
  'siteroot' => 'https://o2o.sctsck.com/',
)
'/=====================================================================================2019-11-19 00:05:01/'
array (
  'time' => '2019-11-19 00:05:01',
  'siteroot' => 'https://o2o.sctsck.com/',
)
'/=====================================================================================2019-11-19 00:10:01/'
array (
  'time' => '2019-11-19 00:10:01',
  'siteroot' => 'https://o2o.sctsck.com/',
)
'/=====================================================================================2019-11-19 00:15:02/'
array (
  'time' => '2019-11-19 00:15:02',
  'siteroot' => 'https://o2o.sctsck.com/',
)
'/=====================================================================================2019-11-19 00:20:01/'
array (
  'time' => '2019-11-19 00:20:01',
  'siteroot' => 'https://o2o.sctsck.com/',
)
'/=====================================================================================2019-11-19 00:25:01/'
array (
  'time' => '2019-11-19 00:25:01',
  'siteroot' => 'https://o2o.sctsck.com/',
)
'/=====================================================================================2019-11-19 00:30:01/'
array (
  'time' => '2019-11-19 00:30:01',
  'siteroot' => 'https://o2o.sctsck.com/',
)
'/=====================================================================================2019-11-19 00:40:03/'
array (
  'time' => '2019-11-19 00:40:03',
  'siteroot' => 'https://o2o.sctsck.com/',
)
'/=====================================================================================2019-11-19 00:45:01/'
array (
  'time' => '2019-11-19 00:45:01',
  'siteroot' => 'https://o2o.sctsck.com/',
)
'/=====================================================================================2019-11-19 00:50:02/'
array (
  'time' => '2019-11-19 00:50:02',
  'siteroot' => 'https://o2o.sctsck.com/',
)
'/=====================================================================================2019-11-19 00:55:02/'
array (
  'time' => '2019-11-19 00:55:02',
  'siteroot' => 'https://o2o.sctsck.com/',
)
'/=====================================================================================2019-11-19 01:00:01/'
array (
  'time' => '2019-11-19 01:00:01',
  'siteroot' => 'https://o2o.sctsck.com/',
)
'/=====================================================================================2019-11-19 01:05:01/'
array (
  'time' => '2019-11-19 01:05:01',
  'siteroot' => 'https://o2o.sctsck.com/',
)
'/=====================================================================================2019-11-19 01:10:01/'
array (
  'time' => '2019-11-19 01:10:01',
  'siteroot' => 'https://o2o.sctsck.com/',
)
'/=====================================================================================2019-11-19 01:15:02/'
array (
  'time' => '2019-11-19 01:15:02',
  'siteroot' => 'https://o2o.sctsck.com/',
)
'/=====================================================================================2019-11-19 01:20:02/'
array (
  'time' => '2019-11-19 01:20:02',
  'siteroot' => 'https://o2o.sctsck.com/',
)
'/=====================================================================================2019-11-19 01:25:01/'
array (
  'time' => '2019-11-19 01:25:01',
  'siteroot' => 'https://o2o.sctsck.com/',
)
'/=====================================================================================2019-11-19 01:30:02/'
array (
  'time' => '2019-11-19 01:30:02',
  'siteroot' => 'https://o2o.sctsck.com/',
)
'/=====================================================================================2019-11-19 01:35:01/'
array (
  'time' => '2019-11-19 01:35:01',
  'siteroot' => 'https://o2o.sctsck.com/',
)
'/=====================================================================================2019-11-19 01:40:01/'
array (
  'time' => '2019-11-19 01:40:01',
  'siteroot' => 'https://o2o.sctsck.com/',
)
'/=====================================================================================2019-11-19 01:45:02/'
array (
  'time' => '2019-11-19 01:45:02',
  'siteroot' => 'https://o2o.sctsck.com/',
)
'/=====================================================================================2019-11-19 01:50:01/'
array (
  'time' => '2019-11-19 01:50:01',
  'siteroot' => 'https://o2o.sctsck.com/',
)
'/=====================================================================================2019-11-19 01:55:02/'
array (
  'time' => '2019-11-19 01:55:02',
  'siteroot' => 'https://o2o.sctsck.com/',
)
'/=====================================================================================2019-11-19 02:00:01/'
array (
  'time' => '2019-11-19 02:00:01',
  'siteroot' => 'https://o2o.sctsck.com/',
)
'/=====================================================================================2019-11-19 02:05:02/'
array (
  'time' => '2019-11-19 02:05:02',
  'siteroot' => 'https://o2o.sctsck.com/',
)
'/=====================================================================================2019-11-19 02:10:01/'
array (
  'time' => '2019-11-19 02:10:01',
  'siteroot' => 'https://o2o.sctsck.com/',
)
'/=====================================================================================2019-11-19 02:15:02/'
array (
  'time' => '2019-11-19 02:15:02',
  'siteroot' => 'https://o2o.sctsck.com/',
)
'/=====================================================================================2019-11-19 02:20:01/'
array (
  'time' => '2019-11-19 02:20:01',
  'siteroot' => 'https://o2o.sctsck.com/',
)
'/=====================================================================================2019-11-19 02:25:01/'
array (
  'time' => '2019-11-19 02:25:01',
  'siteroot' => 'https://o2o.sctsck.com/',
)
'/=====================================================================================2019-11-19 02:30:02/'
array (
  'time' => '2019-11-19 02:30:02',
  'siteroot' => 'https://o2o.sctsck.com/',
)
'/=====================================================================================2019-11-19 02:35:01/'
array (
  'time' => '2019-11-19 02:35:01',
  'siteroot' => 'https://o2o.sctsck.com/',
)
'/=====================================================================================2019-11-19 02:40:02/'
array (
  'time' => '2019-11-19 02:40:02',
  'siteroot' => 'https://o2o.sctsck.com/',
)
'/=====================================================================================2019-11-19 02:45:01/'
array (
  'time' => '2019-11-19 02:45:01',
  'siteroot' => 'https://o2o.sctsck.com/',
)
'/=====================================================================================2019-11-19 02:50:01/'
array (
  'time' => '2019-11-19 02:50:01',
  'siteroot' => 'https://o2o.sctsck.com/',
)
'/=====================================================================================2019-11-19 02:55:02/'
array (
  'time' => '2019-11-19 02:55:02',
  'siteroot' => 'https://o2o.sctsck.com/',
)
'/=====================================================================================2019-11-19 03:00:01/'
array (
  'time' => '2019-11-19 03:00:01',
  'siteroot' => 'https://o2o.sctsck.com/',
)
'/=====================================================================================2019-11-19 03:05:02/'
array (
  'time' => '2019-11-19 03:05:02',
  'siteroot' => 'https://o2o.sctsck.com/',
)
'/=====================================================================================2019-11-19 03:10:01/'
array (
  'time' => '2019-11-19 03:10:01',
  'siteroot' => 'https://o2o.sctsck.com/',
)
'/=====================================================================================2019-11-19 03:15:02/'
array (
  'time' => '2019-11-19 03:15:02',
  'siteroot' => 'https://o2o.sctsck.com/',
)
'/=====================================================================================2019-11-19 03:20:01/'
array (
  'time' => '2019-11-19 03:20:01',
  'siteroot' => 'https://o2o.sctsck.com/',
)
'/=====================================================================================2019-11-19 03:25:01/'
array (
  'time' => '2019-11-19 03:25:01',
  'siteroot' => 'https://o2o.sctsck.com/',
)
'/=====================================================================================2019-11-19 03:30:03/'
array (
  'time' => '2019-11-19 03:30:03',
  'siteroot' => 'https://o2o.sctsck.com/',
)
'/=====================================================================================2019-11-19 03:35:01/'
array (
  'time' => '2019-11-19 03:35:01',
  'siteroot' => 'https://o2o.sctsck.com/',
)
'/=====================================================================================2019-11-19 03:40:01/'
array (
  'time' => '2019-11-19 03:40:01',
  'siteroot' => 'https://o2o.sctsck.com/',
)
'/=====================================================================================2019-11-19 03:45:02/'
array (
  'time' => '2019-11-19 03:45:02',
  'siteroot' => 'https://o2o.sctsck.com/',
)
'/=====================================================================================2019-11-19 03:50:02/'
array (
  'time' => '2019-11-19 03:50:02',
  'siteroot' => 'https://o2o.sctsck.com/',
)
'/=====================================================================================2019-11-19 03:55:07/'
array (
  'time' => '2019-11-19 03:55:07',
  'siteroot' => 'https://o2o.sctsck.com/',
)
'/=====================================================================================2019-11-19 04:00:02/'
array (
  'time' => '2019-11-19 04:00:02',
  'siteroot' => 'https://o2o.sctsck.com/',
)
'/=====================================================================================2019-11-19 04:05:01/'
array (
  'time' => '2019-11-19 04:05:01',
  'siteroot' => 'https://o2o.sctsck.com/',
)
'/=====================================================================================2019-11-19 04:10:02/'
array (
  'time' => '2019-11-19 04:10:02',
  'siteroot' => 'https://o2o.sctsck.com/',
)
'/=====================================================================================2019-11-19 04:15:01/'
array (
  'time' => '2019-11-19 04:15:01',
  'siteroot' => 'https://o2o.sctsck.com/',
)
'/=====================================================================================2019-11-19 04:20:02/'
array (
  'time' => '2019-11-19 04:20:02',
  'siteroot' => 'https://o2o.sctsck.com/',
)
'/=====================================================================================2019-11-19 04:25:01/'
array (
  'time' => '2019-11-19 04:25:01',
  'siteroot' => 'https://o2o.sctsck.com/',
)
'/=====================================================================================2019-11-19 04:30:02/'
array (
  'time' => '2019-11-19 04:30:02',
  'siteroot' => 'https://o2o.sctsck.com/',
)
'/=====================================================================================2019-11-19 04:35:02/'
array (
  'time' => '2019-11-19 04:35:02',
  'siteroot' => 'https://o2o.sctsck.com/',
)
'/=====================================================================================2019-11-19 04:40:01/'
array (
  'time' => '2019-11-19 04:40:01',
  'siteroot' => 'https://o2o.sctsck.com/',
)
'/=====================================================================================2019-11-19 04:45:02/'
array (
  'time' => '2019-11-19 04:45:02',
  'siteroot' => 'https://o2o.sctsck.com/',
)
'/=====================================================================================2019-11-19 04:50:01/'
array (
  'time' => '2019-11-19 04:50:01',
  'siteroot' => 'https://o2o.sctsck.com/',
)
'/=====================================================================================2019-11-19 04:55:02/'
array (
  'time' => '2019-11-19 04:55:02',
  'siteroot' => 'https://o2o.sctsck.com/',
)
'/=====================================================================================2019-11-19 05:00:01/'
array (
  'time' => '2019-11-19 05:00:01',
  'siteroot' => 'https://o2o.sctsck.com/',
)
'/=====================================================================================2019-11-19 05:05:01/'
array (
  'time' => '2019-11-19 05:05:01',
  'siteroot' => 'https://o2o.sctsck.com/',
)
'/=====================================================================================2019-11-19 05:10:02/'
array (
  'time' => '2019-11-19 05:10:02',
  'siteroot' => 'https://o2o.sctsck.com/',
)
'/=====================================================================================2019-11-19 05:15:01/'
array (
  'time' => '2019-11-19 05:15:01',
  'siteroot' => 'https://o2o.sctsck.com/',
)
'/=====================================================================================2019-11-19 05:20:02/'
array (
  'time' => '2019-11-19 05:20:02',
  'siteroot' => 'https://o2o.sctsck.com/',
)
'/=====================================================================================2019-11-19 05:25:01/'
array (
  'time' => '2019-11-19 05:25:01',
  'siteroot' => 'https://o2o.sctsck.com/',
)
'/=====================================================================================2019-11-19 05:30:01/'
array (
  'time' => '2019-11-19 05:30:01',
  'siteroot' => 'https://o2o.sctsck.com/',
)
'/=====================================================================================2019-11-19 05:35:01/'
array (
  'time' => '2019-11-19 05:35:01',
  'siteroot' => 'https://o2o.sctsck.com/',
)
'/=====================================================================================2019-11-19 05:40:02/'
array (
  'time' => '2019-11-19 05:40:02',
  'siteroot' => 'https://o2o.sctsck.com/',
)
'/=====================================================================================2019-11-19 05:45:01/'
array (
  'time' => '2019-11-19 05:45:01',
  'siteroot' => 'https://o2o.sctsck.com/',
)
'/=====================================================================================2019-11-19 05:50:02/'
array (
  'time' => '2019-11-19 05:50:02',
  'siteroot' => 'https://o2o.sctsck.com/',
)
'/=====================================================================================2019-11-19 05:55:01/'
array (
  'time' => '2019-11-19 05:55:01',
  'siteroot' => 'https://o2o.sctsck.com/',
)
'/=====================================================================================2019-11-19 06:00:02/'
array (
  'time' => '2019-11-19 06:00:02',
  'siteroot' => 'https://o2o.sctsck.com/',
)
'/=====================================================================================2019-11-19 06:05:01/'
array (
  'time' => '2019-11-19 06:05:01',
  'siteroot' => 'https://o2o.sctsck.com/',
)
'/=====================================================================================2019-11-19 06:10:02/'
array (
  'time' => '2019-11-19 06:10:02',
  'siteroot' => 'https://o2o.sctsck.com/',
)
'/=====================================================================================2019-11-19 06:15:01/'
array (
  'time' => '2019-11-19 06:15:01',
  'siteroot' => 'https://o2o.sctsck.com/',
)
'/=====================================================================================2019-11-19 06:20:01/'
array (
  'time' => '2019-11-19 06:20:01',
  'siteroot' => 'https://o2o.sctsck.com/',
)
'/=====================================================================================2019-11-19 06:25:01/'
array (
  'time' => '2019-11-19 06:25:01',
  'siteroot' => 'https://o2o.sctsck.com/',
)
'/=====================================================================================2019-11-19 06:30:02/'
array (
  'time' => '2019-11-19 06:30:02',
  'siteroot' => 'https://o2o.sctsck.com/',
)
'/=====================================================================================2019-11-19 06:35:01/'
array (
  'time' => '2019-11-19 06:35:01',
  'siteroot' => 'https://o2o.sctsck.com/',
)
'/=====================================================================================2019-11-19 06:40:02/'
array (
  'time' => '2019-11-19 06:40:02',
  'siteroot' => 'https://o2o.sctsck.com/',
)
'/=====================================================================================2019-11-19 06:45:01/'
array (
  'time' => '2019-11-19 06:45:01',
  'siteroot' => 'https://o2o.sctsck.com/',
)
'/=====================================================================================2019-11-19 06:50:01/'
array (
  'time' => '2019-11-19 06:50:01',
  'siteroot' => 'https://o2o.sctsck.com/',
)
'/=====================================================================================2019-11-19 06:55:01/'
array (
  'time' => '2019-11-19 06:55:01',
  'siteroot' => 'https://o2o.sctsck.com/',
)
'/=====================================================================================2019-11-19 07:00:01/'
array (
  'time' => '2019-11-19 07:00:01',
  'siteroot' => 'https://o2o.sctsck.com/',
)
'/=====================================================================================2019-11-19 07:05:01/'
array (
  'time' => '2019-11-19 07:05:01',
  'siteroot' => 'https://o2o.sctsck.com/',
)
'/=====================================================================================2019-11-19 07:10:01/'
array (
  'time' => '2019-11-19 07:10:01',
  'siteroot' => 'https://o2o.sctsck.com/',
)
'/=====================================================================================2019-11-19 07:15:02/'
array (
  'time' => '2019-11-19 07:15:02',
  'siteroot' => 'https://o2o.sctsck.com/',
)
'/=====================================================================================2019-11-19 07:20:01/'
array (
  'time' => '2019-11-19 07:20:01',
  'siteroot' => 'https://o2o.sctsck.com/',
)
'/=====================================================================================2019-11-19 07:25:02/'
array (
  'time' => '2019-11-19 07:25:02',
  'siteroot' => 'https://o2o.sctsck.com/',
)
'/=====================================================================================2019-11-19 07:30:01/'
array (
  'time' => '2019-11-19 07:30:01',
  'siteroot' => 'https://o2o.sctsck.com/',
)
'/=====================================================================================2019-11-19 07:35:02/'
array (
  'time' => '2019-11-19 07:35:02',
  'siteroot' => 'https://o2o.sctsck.com/',
)
'/=====================================================================================2019-11-19 07:40:02/'
array (
  'time' => '2019-11-19 07:40:02',
  'siteroot' => 'https://o2o.sctsck.com/',
)
'/=====================================================================================2019-11-19 07:45:01/'
array (
  'time' => '2019-11-19 07:45:01',
  'siteroot' => 'https://o2o.sctsck.com/',
)
'/=====================================================================================2019-11-19 07:50:02/'
array (
  'time' => '2019-11-19 07:50:02',
  'siteroot' => 'https://o2o.sctsck.com/',
)
'/=====================================================================================2019-11-19 07:55:01/'
array (
  'time' => '2019-11-19 07:55:01',
  'siteroot' => 'https://o2o.sctsck.com/',
)
'/=====================================================================================2019-11-19 08:00:01/'
array (
  'time' => '2019-11-19 08:00:01',
  'siteroot' => 'https://o2o.sctsck.com/',
)
'/=====================================================================================2019-11-19 08:05:01/'
array (
  'time' => '2019-11-19 08:05:01',
  'siteroot' => 'https://o2o.sctsck.com/',
)
'/=====================================================================================2019-11-19 08:10:02/'
array (
  'time' => '2019-11-19 08:10:02',
  'siteroot' => 'https://o2o.sctsck.com/',
)
'/=====================================================================================2019-11-19 08:15:01/'
array (
  'time' => '2019-11-19 08:15:01',
  'siteroot' => 'https://o2o.sctsck.com/',
)
'/=====================================================================================2019-11-19 08:20:01/'
array (
  'time' => '2019-11-19 08:20:01',
  'siteroot' => 'https://o2o.sctsck.com/',
)
'/=====================================================================================2019-11-19 08:25:02/'
array (
  'time' => '2019-11-19 08:25:02',
  'siteroot' => 'https://o2o.sctsck.com/',
)
'/=====================================================================================2019-11-19 08:30:01/'
array (
  'time' => '2019-11-19 08:30:01',
  'siteroot' => 'https://o2o.sctsck.com/',
)
'/=====================================================================================2019-11-19 08:35:01/'
array (
  'time' => '2019-11-19 08:35:01',
  'siteroot' => 'https://o2o.sctsck.com/',
)
'/=====================================================================================2019-11-19 08:40:02/'
array (
  'time' => '2019-11-19 08:40:02',
  'siteroot' => 'https://o2o.sctsck.com/',
)
'/=====================================================================================2019-11-19 08:45:01/'
array (
  'time' => '2019-11-19 08:45:01',
  'siteroot' => 'https://o2o.sctsck.com/',
)
'/=====================================================================================2019-11-19 08:50:02/'
array (
  'time' => '2019-11-19 08:50:02',
  'siteroot' => 'https://o2o.sctsck.com/',
)
'/=====================================================================================2019-11-19 08:55:01/'
array (
  'time' => '2019-11-19 08:55:01',
  'siteroot' => 'https://o2o.sctsck.com/',
)
'/=====================================================================================2019-11-19 09:00:01/'
array (
  'time' => '2019-11-19 09:00:01',
  'siteroot' => 'https://o2o.sctsck.com/',
)
'/=====================================================================================2019-11-19 09:05:01/'
array (
  'time' => '2019-11-19 09:05:01',
  'siteroot' => 'https://o2o.sctsck.com/',
)
'/=====================================================================================2019-11-19 09:10:01/'
array (
  'time' => '2019-11-19 09:10:01',
  'siteroot' => 'https://o2o.sctsck.com/',
)
'/=====================================================================================2019-11-19 09:15:02/'
array (
  'time' => '2019-11-19 09:15:02',
  'siteroot' => 'https://o2o.sctsck.com/',
)
'/=====================================================================================2019-11-19 09:20:01/'
array (
  'time' => '2019-11-19 09:20:01',
  'siteroot' => 'https://o2o.sctsck.com/',
)
'/=====================================================================================2019-11-19 09:25:02/'
array (
  'time' => '2019-11-19 09:25:02',
  'siteroot' => 'https://o2o.sctsck.com/',
)
'/=====================================================================================2019-11-19 09:30:01/'
array (
  'time' => '2019-11-19 09:30:01',
  'siteroot' => 'https://o2o.sctsck.com/',
)
'/=====================================================================================2019-11-19 09:35:07/'
array (
  'time' => '2019-11-19 09:35:07',
  'siteroot' => 'https://o2o.sctsck.com/',
)
'/=====================================================================================2019-11-19 09:40:02/'
array (
  'time' => '2019-11-19 09:40:02',
  'siteroot' => 'https://o2o.sctsck.com/',
)
'/=====================================================================================2019-11-19 09:45:01/'
array (
  'time' => '2019-11-19 09:45:01',
  'siteroot' => 'https://o2o.sctsck.com/',
)
'/=====================================================================================2019-11-19 09:50:01/'
array (
  'time' => '2019-11-19 09:50:01',
  'siteroot' => 'https://o2o.sctsck.com/',
)
