'/=====================================================================================2019-11-11 00:00:01/'
array (
  'time' => '2019-11-11 00:00:01',
  'siteroot' => 'https://o2o.sctsck.com/',
)
'/=====================================================================================2019-11-11 00:05:01/'
array (
  'time' => '2019-11-11 00:05:01',
  'siteroot' => 'https://o2o.sctsck.com/',
)
'/=====================================================================================2019-11-11 00:10:01/'
array (
  'time' => '2019-11-11 00:10:01',
  'siteroot' => 'https://o2o.sctsck.com/',
)
'/=====================================================================================2019-11-11 00:15:01/'
array (
  'time' => '2019-11-11 00:15:01',
  'siteroot' => 'https://o2o.sctsck.com/',
)
'/=====================================================================================2019-11-11 00:20:01/'
array (
  'time' => '2019-11-11 00:20:01',
  'siteroot' => 'https://o2o.sctsck.com/',
)
'/=====================================================================================2019-11-11 00:25:01/'
array (
  'time' => '2019-11-11 00:25:01',
  'siteroot' => 'https://o2o.sctsck.com/',
)
'/=====================================================================================2019-11-11 00:30:01/'
array (
  'time' => '2019-11-11 00:30:01',
  'siteroot' => 'https://o2o.sctsck.com/',
)
'/=====================================================================================2019-11-11 00:35:02/'
array (
  'time' => '2019-11-11 00:35:02',
  'siteroot' => 'https://o2o.sctsck.com/',
)
'/=====================================================================================2019-11-11 00:40:01/'
array (
  'time' => '2019-11-11 00:40:01',
  'siteroot' => 'https://o2o.sctsck.com/',
)
'/=====================================================================================2019-11-11 00:45:02/'
array (
  'time' => '2019-11-11 00:45:02',
  'siteroot' => 'https://o2o.sctsck.com/',
)
'/=====================================================================================2019-11-11 00:50:01/'
array (
  'time' => '2019-11-11 00:50:01',
  'siteroot' => 'https://o2o.sctsck.com/',
)
'/=====================================================================================2019-11-11 00:55:02/'
array (
  'time' => '2019-11-11 00:55:02',
  'siteroot' => 'https://o2o.sctsck.com/',
)
'/=====================================================================================2019-11-11 01:00:01/'
array (
  'time' => '2019-11-11 01:00:01',
  'siteroot' => 'https://o2o.sctsck.com/',
)
'/=====================================================================================2019-11-11 01:05:02/'
array (
  'time' => '2019-11-11 01:05:02',
  'siteroot' => 'https://o2o.sctsck.com/',
)
'/=====================================================================================2019-11-11 01:10:01/'
array (
  'time' => '2019-11-11 01:10:01',
  'siteroot' => 'https://o2o.sctsck.com/',
)
'/=====================================================================================2019-11-11 01:15:02/'
array (
  'time' => '2019-11-11 01:15:02',
  'siteroot' => 'https://o2o.sctsck.com/',
)
'/=====================================================================================2019-11-11 01:20:01/'
array (
  'time' => '2019-11-11 01:20:01',
  'siteroot' => 'https://o2o.sctsck.com/',
)
'/=====================================================================================2019-11-11 01:25:02/'
array (
  'time' => '2019-11-11 01:25:02',
  'siteroot' => 'https://o2o.sctsck.com/',
)
'/=====================================================================================2019-11-11 01:30:01/'
array (
  'time' => '2019-11-11 01:30:01',
  'siteroot' => 'https://o2o.sctsck.com/',
)
'/=====================================================================================2019-11-11 01:35:01/'
array (
  'time' => '2019-11-11 01:35:01',
  'siteroot' => 'https://o2o.sctsck.com/',
)
'/=====================================================================================2019-11-11 01:40:01/'
array (
  'time' => '2019-11-11 01:40:01',
  'siteroot' => 'https://o2o.sctsck.com/',
)
'/=====================================================================================2019-11-11 01:45:02/'
array (
  'time' => '2019-11-11 01:45:02',
  'siteroot' => 'https://o2o.sctsck.com/',
)
'/=====================================================================================2019-11-11 01:50:01/'
array (
  'time' => '2019-11-11 01:50:01',
  'siteroot' => 'https://o2o.sctsck.com/',
)
'/=====================================================================================2019-11-11 01:55:01/'
array (
  'time' => '2019-11-11 01:55:01',
  'siteroot' => 'https://o2o.sctsck.com/',
)
'/=====================================================================================2019-11-11 02:00:01/'
array (
  'time' => '2019-11-11 02:00:01',
  'siteroot' => 'https://o2o.sctsck.com/',
)
'/=====================================================================================2019-11-11 02:05:02/'
array (
  'time' => '2019-11-11 02:05:02',
  'siteroot' => 'https://o2o.sctsck.com/',
)
'/=====================================================================================2019-11-11 02:10:01/'
array (
  'time' => '2019-11-11 02:10:01',
  'siteroot' => 'https://o2o.sctsck.com/',
)
'/=====================================================================================2019-11-11 02:15:02/'
array (
  'time' => '2019-11-11 02:15:02',
  'siteroot' => 'https://o2o.sctsck.com/',
)
'/=====================================================================================2019-11-11 02:20:01/'
array (
  'time' => '2019-11-11 02:20:01',
  'siteroot' => 'https://o2o.sctsck.com/',
)
'/=====================================================================================2019-11-11 02:25:01/'
array (
  'time' => '2019-11-11 02:25:01',
  'siteroot' => 'https://o2o.sctsck.com/',
)
'/=====================================================================================2019-11-11 02:30:02/'
array (
  'time' => '2019-11-11 02:30:02',
  'siteroot' => 'https://o2o.sctsck.com/',
)
'/=====================================================================================2019-11-11 02:35:01/'
array (
  'time' => '2019-11-11 02:35:01',
  'siteroot' => 'https://o2o.sctsck.com/',
)
'/=====================================================================================2019-11-11 02:40:02/'
array (
  'time' => '2019-11-11 02:40:02',
  'siteroot' => 'https://o2o.sctsck.com/',
)
'/=====================================================================================2019-11-11 02:45:01/'
array (
  'time' => '2019-11-11 02:45:01',
  'siteroot' => 'https://o2o.sctsck.com/',
)
'/=====================================================================================2019-11-11 02:50:02/'
array (
  'time' => '2019-11-11 02:50:02',
  'siteroot' => 'https://o2o.sctsck.com/',
)
'/=====================================================================================2019-11-11 02:55:01/'
array (
  'time' => '2019-11-11 02:55:01',
  'siteroot' => 'https://o2o.sctsck.com/',
)
'/=====================================================================================2019-11-11 03:00:03/'
array (
  'time' => '2019-11-11 03:00:03',
  'siteroot' => 'https://o2o.sctsck.com/',
)
'/=====================================================================================2019-11-11 03:05:02/'
array (
  'time' => '2019-11-11 03:05:02',
  'siteroot' => 'https://o2o.sctsck.com/',
)
'/=====================================================================================2019-11-11 03:10:01/'
array (
  'time' => '2019-11-11 03:10:01',
  'siteroot' => 'https://o2o.sctsck.com/',
)
'/=====================================================================================2019-11-11 03:15:01/'
array (
  'time' => '2019-11-11 03:15:01',
  'siteroot' => 'https://o2o.sctsck.com/',
)
'/=====================================================================================2019-11-11 03:20:01/'
array (
  'time' => '2019-11-11 03:20:01',
  'siteroot' => 'https://o2o.sctsck.com/',
)
'/=====================================================================================2019-11-11 03:25:03/'
array (
  'time' => '2019-11-11 03:25:03',
  'siteroot' => 'https://o2o.sctsck.com/',
)
'/=====================================================================================2019-11-11 03:30:01/'
array (
  'time' => '2019-11-11 03:30:01',
  'siteroot' => 'https://o2o.sctsck.com/',
)
'/=====================================================================================2019-11-11 03:35:02/'
array (
  'time' => '2019-11-11 03:35:02',
  'siteroot' => 'https://o2o.sctsck.com/',
)
'/=====================================================================================2019-11-11 03:40:01/'
array (
  'time' => '2019-11-11 03:40:01',
  'siteroot' => 'https://o2o.sctsck.com/',
)
'/=====================================================================================2019-11-11 03:45:03/'
array (
  'time' => '2019-11-11 03:45:03',
  'siteroot' => 'https://o2o.sctsck.com/',
)
'/=====================================================================================2019-11-11 03:50:01/'
array (
  'time' => '2019-11-11 03:50:01',
  'siteroot' => 'https://o2o.sctsck.com/',
)
'/=====================================================================================2019-11-11 03:55:03/'
array (
  'time' => '2019-11-11 03:55:03',
  'siteroot' => 'https://o2o.sctsck.com/',
)
'/=====================================================================================2019-11-11 04:00:02/'
array (
  'time' => '2019-11-11 04:00:02',
  'siteroot' => 'https://o2o.sctsck.com/',
)
'/=====================================================================================2019-11-11 04:05:01/'
array (
  'time' => '2019-11-11 04:05:01',
  'siteroot' => 'https://o2o.sctsck.com/',
)
'/=====================================================================================2019-11-11 04:10:02/'
array (
  'time' => '2019-11-11 04:10:02',
  'siteroot' => 'https://o2o.sctsck.com/',
)
'/=====================================================================================2019-11-11 04:15:03/'
array (
  'time' => '2019-11-11 04:15:03',
  'siteroot' => 'https://o2o.sctsck.com/',
)
'/=====================================================================================2019-11-11 04:20:01/'
array (
  'time' => '2019-11-11 04:20:01',
  'siteroot' => 'https://o2o.sctsck.com/',
)
'/=====================================================================================2019-11-11 04:25:01/'
array (
  'time' => '2019-11-11 04:25:01',
  'siteroot' => 'https://o2o.sctsck.com/',
)
'/=====================================================================================2019-11-11 04:30:03/'
array (
  'time' => '2019-11-11 04:30:03',
  'siteroot' => 'https://o2o.sctsck.com/',
)
'/=====================================================================================2019-11-11 04:35:03/'
array (
  'time' => '2019-11-11 04:35:03',
  'siteroot' => 'https://o2o.sctsck.com/',
)
'/=====================================================================================2019-11-11 04:40:01/'
array (
  'time' => '2019-11-11 04:40:01',
  'siteroot' => 'https://o2o.sctsck.com/',
)
'/=====================================================================================2019-11-11 04:45:01/'
array (
  'time' => '2019-11-11 04:45:01',
  'siteroot' => 'https://o2o.sctsck.com/',
)
'/=====================================================================================2019-11-11 04:50:01/'
array (
  'time' => '2019-11-11 04:50:01',
  'siteroot' => 'https://o2o.sctsck.com/',
)
'/=====================================================================================2019-11-11 04:55:02/'
array (
  'time' => '2019-11-11 04:55:02',
  'siteroot' => 'https://o2o.sctsck.com/',
)
'/=====================================================================================2019-11-11 05:00:02/'
array (
  'time' => '2019-11-11 05:00:02',
  'siteroot' => 'https://o2o.sctsck.com/',
)
'/=====================================================================================2019-11-11 05:05:01/'
array (
  'time' => '2019-11-11 05:05:01',
  'siteroot' => 'https://o2o.sctsck.com/',
)
'/=====================================================================================2019-11-11 05:10:02/'
array (
  'time' => '2019-11-11 05:10:02',
  'siteroot' => 'https://o2o.sctsck.com/',
)
'/=====================================================================================2019-11-11 05:15:01/'
array (
  'time' => '2019-11-11 05:15:01',
  'siteroot' => 'https://o2o.sctsck.com/',
)
'/=====================================================================================2019-11-11 05:20:01/'
array (
  'time' => '2019-11-11 05:20:01',
  'siteroot' => 'https://o2o.sctsck.com/',
)
'/=====================================================================================2019-11-11 05:25:01/'
array (
  'time' => '2019-11-11 05:25:01',
  'siteroot' => 'https://o2o.sctsck.com/',
)
'/=====================================================================================2019-11-11 05:30:02/'
array (
  'time' => '2019-11-11 05:30:02',
  'siteroot' => 'https://o2o.sctsck.com/',
)
'/=====================================================================================2019-11-11 05:35:01/'
array (
  'time' => '2019-11-11 05:35:01',
  'siteroot' => 'https://o2o.sctsck.com/',
)
'/=====================================================================================2019-11-11 05:40:02/'
array (
  'time' => '2019-11-11 05:40:02',
  'siteroot' => 'https://o2o.sctsck.com/',
)
'/=====================================================================================2019-11-11 05:45:01/'
array (
  'time' => '2019-11-11 05:45:01',
  'siteroot' => 'https://o2o.sctsck.com/',
)
'/=====================================================================================2019-11-11 05:50:01/'
array (
  'time' => '2019-11-11 05:50:01',
  'siteroot' => 'https://o2o.sctsck.com/',
)
'/=====================================================================================2019-11-11 05:55:02/'
array (
  'time' => '2019-11-11 05:55:02',
  'siteroot' => 'https://o2o.sctsck.com/',
)
'/=====================================================================================2019-11-11 06:00:01/'
array (
  'time' => '2019-11-11 06:00:01',
  'siteroot' => 'https://o2o.sctsck.com/',
)
'/=====================================================================================2019-11-11 06:05:03/'
array (
  'time' => '2019-11-11 06:05:03',
  'siteroot' => 'https://o2o.sctsck.com/',
)
'/=====================================================================================2019-11-11 06:10:02/'
array (
  'time' => '2019-11-11 06:10:02',
  'siteroot' => 'https://o2o.sctsck.com/',
)
'/=====================================================================================2019-11-11 06:15:03/'
array (
  'time' => '2019-11-11 06:15:03',
  'siteroot' => 'https://o2o.sctsck.com/',
)
'/=====================================================================================2019-11-11 06:20:01/'
array (
  'time' => '2019-11-11 06:20:01',
  'siteroot' => 'https://o2o.sctsck.com/',
)
'/=====================================================================================2019-11-11 06:25:01/'
array (
  'time' => '2019-11-11 06:25:01',
  'siteroot' => 'https://o2o.sctsck.com/',
)
'/=====================================================================================2019-11-11 06:30:03/'
array (
  'time' => '2019-11-11 06:30:03',
  'siteroot' => 'https://o2o.sctsck.com/',
)
'/=====================================================================================2019-11-11 06:35:02/'
array (
  'time' => '2019-11-11 06:35:02',
  'siteroot' => 'https://o2o.sctsck.com/',
)
'/=====================================================================================2019-11-11 06:40:01/'
array (
  'time' => '2019-11-11 06:40:01',
  'siteroot' => 'https://o2o.sctsck.com/',
)
'/=====================================================================================2019-11-11 06:45:01/'
array (
  'time' => '2019-11-11 06:45:01',
  'siteroot' => 'https://o2o.sctsck.com/',
)
'/=====================================================================================2019-11-11 06:50:01/'
array (
  'time' => '2019-11-11 06:50:01',
  'siteroot' => 'https://o2o.sctsck.com/',
)
'/=====================================================================================2019-11-11 06:55:03/'
array (
  'time' => '2019-11-11 06:55:03',
  'siteroot' => 'https://o2o.sctsck.com/',
)
'/=====================================================================================2019-11-11 07:00:01/'
array (
  'time' => '2019-11-11 07:00:01',
  'siteroot' => 'https://o2o.sctsck.com/',
)
'/=====================================================================================2019-11-11 07:05:02/'
array (
  'time' => '2019-11-11 07:05:02',
  'siteroot' => 'https://o2o.sctsck.com/',
)
'/=====================================================================================2019-11-11 07:10:01/'
array (
  'time' => '2019-11-11 07:10:01',
  'siteroot' => 'https://o2o.sctsck.com/',
)
'/=====================================================================================2019-11-11 07:15:02/'
array (
  'time' => '2019-11-11 07:15:02',
  'siteroot' => 'https://o2o.sctsck.com/',
)
'/=====================================================================================2019-11-11 07:20:01/'
array (
  'time' => '2019-11-11 07:20:01',
  'siteroot' => 'https://o2o.sctsck.com/',
)
'/=====================================================================================2019-11-11 07:25:02/'
array (
  'time' => '2019-11-11 07:25:02',
  'siteroot' => 'https://o2o.sctsck.com/',
)
'/=====================================================================================2019-11-11 07:30:01/'
array (
  'time' => '2019-11-11 07:30:01',
  'siteroot' => 'https://o2o.sctsck.com/',
)
'/=====================================================================================2019-11-11 07:35:01/'
array (
  'time' => '2019-11-11 07:35:01',
  'siteroot' => 'https://o2o.sctsck.com/',
)
'/=====================================================================================2019-11-11 07:40:01/'
array (
  'time' => '2019-11-11 07:40:01',
  'siteroot' => 'https://o2o.sctsck.com/',
)
'/=====================================================================================2019-11-11 07:45:03/'
array (
  'time' => '2019-11-11 07:45:03',
  'siteroot' => 'https://o2o.sctsck.com/',
)
'/=====================================================================================2019-11-11 07:50:01/'
array (
  'time' => '2019-11-11 07:50:01',
  'siteroot' => 'https://o2o.sctsck.com/',
)
'/=====================================================================================2019-11-11 07:55:02/'
array (
  'time' => '2019-11-11 07:55:02',
  'siteroot' => 'https://o2o.sctsck.com/',
)
'/=====================================================================================2019-11-11 08:00:01/'
array (
  'time' => '2019-11-11 08:00:01',
  'siteroot' => 'https://o2o.sctsck.com/',
)
'/=====================================================================================2019-11-11 08:05:02/'
array (
  'time' => '2019-11-11 08:05:02',
  'siteroot' => 'https://o2o.sctsck.com/',
)
'/=====================================================================================2019-11-11 08:10:01/'
array (
  'time' => '2019-11-11 08:10:01',
  'siteroot' => 'https://o2o.sctsck.com/',
)
'/=====================================================================================2019-11-11 08:15:02/'
array (
  'time' => '2019-11-11 08:15:02',
  'siteroot' => 'https://o2o.sctsck.com/',
)
'/=====================================================================================2019-11-11 08:20:01/'
array (
  'time' => '2019-11-11 08:20:01',
  'siteroot' => 'https://o2o.sctsck.com/',
)
'/=====================================================================================2019-11-11 08:25:02/'
array (
  'time' => '2019-11-11 08:25:02',
  'siteroot' => 'https://o2o.sctsck.com/',
)
'/=====================================================================================2019-11-11 08:30:01/'
array (
  'time' => '2019-11-11 08:30:01',
  'siteroot' => 'https://o2o.sctsck.com/',
)
'/=====================================================================================2019-11-11 08:35:02/'
array (
  'time' => '2019-11-11 08:35:02',
  'siteroot' => 'https://o2o.sctsck.com/',
)
'/=====================================================================================2019-11-11 08:40:01/'
array (
  'time' => '2019-11-11 08:40:01',
  'siteroot' => 'https://o2o.sctsck.com/',
)
'/=====================================================================================2019-11-11 08:45:01/'
array (
  'time' => '2019-11-11 08:45:01',
  'siteroot' => 'https://o2o.sctsck.com/',
)
'/=====================================================================================2019-11-11 08:50:01/'
array (
  'time' => '2019-11-11 08:50:01',
  'siteroot' => 'https://o2o.sctsck.com/',
)
'/=====================================================================================2019-11-11 08:55:01/'
array (
  'time' => '2019-11-11 08:55:01',
  'siteroot' => 'https://o2o.sctsck.com/',
)
'/=====================================================================================2019-11-11 09:00:01/'
array (
  'time' => '2019-11-11 09:00:01',
  'siteroot' => 'https://o2o.sctsck.com/',
)
'/=====================================================================================2019-11-11 09:05:01/'
array (
  'time' => '2019-11-11 09:05:01',
  'siteroot' => 'https://o2o.sctsck.com/',
)
'/=====================================================================================2019-11-11 09:10:02/'
array (
  'time' => '2019-11-11 09:10:02',
  'siteroot' => 'https://o2o.sctsck.com/',
)
'/=====================================================================================2019-11-11 09:15:02/'
array (
  'time' => '2019-11-11 09:15:02',
  'siteroot' => 'https://o2o.sctsck.com/',
)
'/=====================================================================================2019-11-11 09:20:01/'
array (
  'time' => '2019-11-11 09:20:01',
  'siteroot' => 'https://o2o.sctsck.com/',
)
'/=====================================================================================2019-11-11 09:25:02/'
array (
  'time' => '2019-11-11 09:25:02',
  'siteroot' => 'https://o2o.sctsck.com/',
)
'/=====================================================================================2019-11-11 09:30:01/'
array (
  'time' => '2019-11-11 09:30:01',
  'siteroot' => 'https://o2o.sctsck.com/',
)
'/=====================================================================================2019-11-11 09:35:02/'
array (
  'time' => '2019-11-11 09:35:02',
  'siteroot' => 'https://o2o.sctsck.com/',
)
'/=====================================================================================2019-11-11 09:40:02/'
array (
  'time' => '2019-11-11 09:40:02',
  'siteroot' => 'https://o2o.sctsck.com/',
)
'/=====================================================================================2019-11-11 09:45:02/'
array (
  'time' => '2019-11-11 09:45:02',
  'siteroot' => 'https://o2o.sctsck.com/',
)
'/=====================================================================================2019-11-11 09:50:01/'
array (
  'time' => '2019-11-11 09:50:01',
  'siteroot' => 'https://o2o.sctsck.com/',
)
'/=====================================================================================2019-11-11 09:55:02/'
array (
  'time' => '2019-11-11 09:55:02',
  'siteroot' => 'https://o2o.sctsck.com/',
)
'/=====================================================================================2019-11-11 10:00:01/'
array (
  'time' => '2019-11-11 10:00:01',
  'siteroot' => 'https://o2o.sctsck.com/',
)
'/=====================================================================================2019-11-11 10:05:02/'
array (
  'time' => '2019-11-11 10:05:02',
  'siteroot' => 'https://o2o.sctsck.com/',
)
'/=====================================================================================2019-11-11 10:10:03/'
array (
  'time' => '2019-11-11 10:10:03',
  'siteroot' => 'https://o2o.sctsck.com/',
)
'/=====================================================================================2019-11-11 10:15:03/'
array (
  'time' => '2019-11-11 10:15:03',
  'siteroot' => 'https://o2o.sctsck.com/',
)
'/=====================================================================================2019-11-11 10:20:01/'
array (
  'time' => '2019-11-11 10:20:01',
  'siteroot' => 'https://o2o.sctsck.com/',
)
'/=====================================================================================2019-11-11 10:25:02/'
array (
  'time' => '2019-11-11 10:25:02',
  'siteroot' => 'https://o2o.sctsck.com/',
)
'/=====================================================================================2019-11-11 10:30:01/'
array (
  'time' => '2019-11-11 10:30:01',
  'siteroot' => 'https://o2o.sctsck.com/',
)
'/=====================================================================================2019-11-11 10:35:02/'
array (
  'time' => '2019-11-11 10:35:02',
  'siteroot' => 'https://o2o.sctsck.com/',
)
'/=====================================================================================2019-11-11 10:40:02/'
array (
  'time' => '2019-11-11 10:40:02',
  'siteroot' => 'https://o2o.sctsck.com/',
)
'/=====================================================================================2019-11-11 10:45:02/'
array (
  'time' => '2019-11-11 10:45:02',
  'siteroot' => 'https://o2o.sctsck.com/',
)
'/=====================================================================================2019-11-11 10:50:02/'
array (
  'time' => '2019-11-11 10:50:02',
  'siteroot' => 'https://o2o.sctsck.com/',
)
'/=====================================================================================2019-11-11 10:55:01/'
array (
  'time' => '2019-11-11 10:55:01',
  'siteroot' => 'https://o2o.sctsck.com/',
)
'/=====================================================================================2019-11-11 11:00:02/'
array (
  'time' => '2019-11-11 11:00:02',
  'siteroot' => 'https://o2o.sctsck.com/',
)
'/=====================================================================================2019-11-11 11:05:01/'
array (
  'time' => '2019-11-11 11:05:01',
  'siteroot' => 'https://o2o.sctsck.com/',
)
'/=====================================================================================2019-11-11 11:10:02/'
array (
  'time' => '2019-11-11 11:10:02',
  'siteroot' => 'https://o2o.sctsck.com/',
)
'/=====================================================================================2019-11-11 11:15:01/'
array (
  'time' => '2019-11-11 11:15:01',
  'siteroot' => 'https://o2o.sctsck.com/',
)
'/=====================================================================================2019-11-11 11:20:02/'
array (
  'time' => '2019-11-11 11:20:02',
  'siteroot' => 'https://o2o.sctsck.com/',
)
'/=====================================================================================2019-11-11 11:25:01/'
array (
  'time' => '2019-11-11 11:25:01',
  'siteroot' => 'https://o2o.sctsck.com/',
)
'/=====================================================================================2019-11-11 11:30:02/'
array (
  'time' => '2019-11-11 11:30:02',
  'siteroot' => 'https://o2o.sctsck.com/',
)
'/=====================================================================================2019-11-11 11:35:01/'
array (
  'time' => '2019-11-11 11:35:01',
  'siteroot' => 'https://o2o.sctsck.com/',
)
'/=====================================================================================2019-11-11 11:40:02/'
array (
  'time' => '2019-11-11 11:40:02',
  'siteroot' => 'https://o2o.sctsck.com/',
)
'/=====================================================================================2019-11-11 11:45:01/'
array (
  'time' => '2019-11-11 11:45:01',
  'siteroot' => 'https://o2o.sctsck.com/',
)
'/=====================================================================================2019-11-11 11:50:03/'
array (
  'time' => '2019-11-11 11:50:03',
  'siteroot' => 'https://o2o.sctsck.com/',
)
'/=====================================================================================2019-11-11 11:55:01/'
array (
  'time' => '2019-11-11 11:55:01',
  'siteroot' => 'https://o2o.sctsck.com/',
)
'/=====================================================================================2019-11-11 12:00:02/'
array (
  'time' => '2019-11-11 12:00:02',
  'siteroot' => 'https://o2o.sctsck.com/',
)
'/=====================================================================================2019-11-11 12:05:01/'
array (
  'time' => '2019-11-11 12:05:01',
  'siteroot' => 'https://o2o.sctsck.com/',
)
'/=====================================================================================2019-11-11 12:10:01/'
array (
  'time' => '2019-11-11 12:10:01',
  'siteroot' => 'https://o2o.sctsck.com/',
)
'/=====================================================================================2019-11-11 12:15:01/'
array (
  'time' => '2019-11-11 12:15:01',
  'siteroot' => 'https://o2o.sctsck.com/',
)
'/=====================================================================================2019-11-11 12:20:02/'
array (
  'time' => '2019-11-11 12:20:02',
  'siteroot' => 'https://o2o.sctsck.com/',
)
'/=====================================================================================2019-11-11 12:25:01/'
array (
  'time' => '2019-11-11 12:25:01',
  'siteroot' => 'https://o2o.sctsck.com/',
)
'/=====================================================================================2019-11-11 12:30:01/'
array (
  'time' => '2019-11-11 12:30:01',
  'siteroot' => 'https://o2o.sctsck.com/',
)
'/=====================================================================================2019-11-11 12:35:02/'
array (
  'time' => '2019-11-11 12:35:02',
  'siteroot' => 'https://o2o.sctsck.com/',
)
'/=====================================================================================2019-11-11 12:40:03/'
array (
  'time' => '2019-11-11 12:40:03',
  'siteroot' => 'https://o2o.sctsck.com/',
)
'/=====================================================================================2019-11-11 12:45:01/'
array (
  'time' => '2019-11-11 12:45:01',
  'siteroot' => 'https://o2o.sctsck.com/',
)
'/=====================================================================================2019-11-11 12:50:02/'
array (
  'time' => '2019-11-11 12:50:02',
  'siteroot' => 'https://o2o.sctsck.com/',
)
'/=====================================================================================2019-11-11 12:55:01/'
array (
  'time' => '2019-11-11 12:55:01',
  'siteroot' => 'https://o2o.sctsck.com/',
)
'/=====================================================================================2019-11-11 13:00:01/'
array (
  'time' => '2019-11-11 13:00:01',
  'siteroot' => 'https://o2o.sctsck.com/',
)
'/=====================================================================================2019-11-11 13:05:01/'
array (
  'time' => '2019-11-11 13:05:01',
  'siteroot' => 'https://o2o.sctsck.com/',
)
'/=====================================================================================2019-11-11 13:10:02/'
array (
  'time' => '2019-11-11 13:10:02',
  'siteroot' => 'https://o2o.sctsck.com/',
)
'/=====================================================================================2019-11-11 13:15:01/'
array (
  'time' => '2019-11-11 13:15:01',
  'siteroot' => 'https://o2o.sctsck.com/',
)
'/=====================================================================================2019-11-11 13:20:01/'
array (
  'time' => '2019-11-11 13:20:01',
  'siteroot' => 'https://o2o.sctsck.com/',
)
'/=====================================================================================2019-11-11 13:25:02/'
array (
  'time' => '2019-11-11 13:25:02',
  'siteroot' => 'https://o2o.sctsck.com/',
)
'/=====================================================================================2019-11-11 13:30:01/'
array (
  'time' => '2019-11-11 13:30:01',
  'siteroot' => 'https://o2o.sctsck.com/',
)
'/=====================================================================================2019-11-11 13:35:02/'
array (
  'time' => '2019-11-11 13:35:02',
  'siteroot' => 'https://o2o.sctsck.com/',
)
'/=====================================================================================2019-11-11 13:40:01/'
array (
  'time' => '2019-11-11 13:40:01',
  'siteroot' => 'https://o2o.sctsck.com/',
)
'/=====================================================================================2019-11-11 13:45:02/'
array (
  'time' => '2019-11-11 13:45:02',
  'siteroot' => 'https://o2o.sctsck.com/',
)
'/=====================================================================================2019-11-11 13:50:01/'
array (
  'time' => '2019-11-11 13:50:01',
  'siteroot' => 'https://o2o.sctsck.com/',
)
'/=====================================================================================2019-11-11 13:55:02/'
array (
  'time' => '2019-11-11 13:55:02',
  'siteroot' => 'https://o2o.sctsck.com/',
)
'/=====================================================================================2019-11-11 14:00:01/'
array (
  'time' => '2019-11-11 14:00:01',
  'siteroot' => 'https://o2o.sctsck.com/',
)
'/=====================================================================================2019-11-11 14:05:02/'
array (
  'time' => '2019-11-11 14:05:02',
  'siteroot' => 'https://o2o.sctsck.com/',
)
'/=====================================================================================2019-11-11 14:10:01/'
array (
  'time' => '2019-11-11 14:10:01',
  'siteroot' => 'https://o2o.sctsck.com/',
)
'/=====================================================================================2019-11-11 14:15:02/'
array (
  'time' => '2019-11-11 14:15:02',
  'siteroot' => 'https://o2o.sctsck.com/',
)
'/=====================================================================================2019-11-11 14:20:01/'
array (
  'time' => '2019-11-11 14:20:01',
  'siteroot' => 'https://o2o.sctsck.com/',
)
'/=====================================================================================2019-11-11 14:25:01/'
array (
  'time' => '2019-11-11 14:25:01',
  'siteroot' => 'https://o2o.sctsck.com/',
)
'/=====================================================================================2019-11-11 14:30:01/'
array (
  'time' => '2019-11-11 14:30:01',
  'siteroot' => 'https://o2o.sctsck.com/',
)
'/=====================================================================================2019-11-11 14:35:01/'
array (
  'time' => '2019-11-11 14:35:01',
  'siteroot' => 'https://o2o.sctsck.com/',
)
'/=====================================================================================2019-11-11 14:40:02/'
array (
  'time' => '2019-11-11 14:40:02',
  'siteroot' => 'https://o2o.sctsck.com/',
)
'/=====================================================================================2019-11-11 14:50:01/'
array (
  'time' => '2019-11-11 14:50:01',
  'siteroot' => 'https://o2o.sctsck.com/',
)
'/=====================================================================================2019-11-11 14:55:02/'
array (
  'time' => '2019-11-11 14:55:02',
  'siteroot' => 'https://o2o.sctsck.com/',
)
'/=====================================================================================2019-11-11 15:00:01/'
array (
  'time' => '2019-11-11 15:00:01',
  'siteroot' => 'https://o2o.sctsck.com/',
)
'/=====================================================================================2019-11-11 15:05:01/'
array (
  'time' => '2019-11-11 15:05:01',
  'siteroot' => 'https://o2o.sctsck.com/',
)
'/=====================================================================================2019-11-11 15:10:01/'
array (
  'time' => '2019-11-11 15:10:01',
  'siteroot' => 'https://o2o.sctsck.com/',
)
'/=====================================================================================2019-11-11 15:15:02/'
array (
  'time' => '2019-11-11 15:15:02',
  'siteroot' => 'https://o2o.sctsck.com/',
)
'/=====================================================================================2019-11-11 15:20:01/'
array (
  'time' => '2019-11-11 15:20:01',
  'siteroot' => 'https://o2o.sctsck.com/',
)
'/=====================================================================================2019-11-11 15:25:02/'
array (
  'time' => '2019-11-11 15:25:02',
  'siteroot' => 'https://o2o.sctsck.com/',
)
'/=====================================================================================2019-11-11 15:30:01/'
array (
  'time' => '2019-11-11 15:30:01',
  'siteroot' => 'https://o2o.sctsck.com/',
)
'/=====================================================================================2019-11-11 15:35:02/'
array (
  'time' => '2019-11-11 15:35:02',
  'siteroot' => 'https://o2o.sctsck.com/',
)
'/=====================================================================================2019-11-11 15:40:01/'
array (
  'time' => '2019-11-11 15:40:01',
  'siteroot' => 'https://o2o.sctsck.com/',
)
'/=====================================================================================2019-11-11 15:45:02/'
array (
  'time' => '2019-11-11 15:45:02',
  'siteroot' => 'https://o2o.sctsck.com/',
)
'/=====================================================================================2019-11-11 15:50:01/'
array (
  'time' => '2019-11-11 15:50:01',
  'siteroot' => 'https://o2o.sctsck.com/',
)
'/=====================================================================================2019-11-11 15:55:02/'
array (
  'time' => '2019-11-11 15:55:02',
  'siteroot' => 'https://o2o.sctsck.com/',
)
'/=====================================================================================2019-11-11 16:00:01/'
array (
  'time' => '2019-11-11 16:00:01',
  'siteroot' => 'https://o2o.sctsck.com/',
)
'/=====================================================================================2019-11-11 16:05:02/'
array (
  'time' => '2019-11-11 16:05:02',
  'siteroot' => 'https://o2o.sctsck.com/',
)
'/=====================================================================================2019-11-11 16:10:01/'
array (
  'time' => '2019-11-11 16:10:01',
  'siteroot' => 'https://o2o.sctsck.com/',
)
'/=====================================================================================2019-11-11 16:15:02/'
array (
  'time' => '2019-11-11 16:15:02',
  'siteroot' => 'https://o2o.sctsck.com/',
)
'/=====================================================================================2019-11-11 16:20:01/'
array (
  'time' => '2019-11-11 16:20:01',
  'siteroot' => 'https://o2o.sctsck.com/',
)
'/=====================================================================================2019-11-11 16:25:02/'
array (
  'time' => '2019-11-11 16:25:02',
  'siteroot' => 'https://o2o.sctsck.com/',
)
'/=====================================================================================2019-11-11 16:30:01/'
array (
  'time' => '2019-11-11 16:30:01',
  'siteroot' => 'https://o2o.sctsck.com/',
)
'/=====================================================================================2019-11-11 16:35:02/'
array (
  'time' => '2019-11-11 16:35:02',
  'siteroot' => 'https://o2o.sctsck.com/',
)
'/=====================================================================================2019-11-11 16:40:01/'
array (
  'time' => '2019-11-11 16:40:01',
  'siteroot' => 'https://o2o.sctsck.com/',
)
'/=====================================================================================2019-11-11 16:45:02/'
array (
  'time' => '2019-11-11 16:45:02',
  'siteroot' => 'https://o2o.sctsck.com/',
)
'/=====================================================================================2019-11-11 16:50:01/'
array (
  'time' => '2019-11-11 16:50:01',
  'siteroot' => 'https://o2o.sctsck.com/',
)
'/=====================================================================================2019-11-11 16:55:07/'
array (
  'time' => '2019-11-11 16:55:07',
  'siteroot' => 'https://o2o.sctsck.com/',
)
'/=====================================================================================2019-11-11 17:00:01/'
array (
  'time' => '2019-11-11 17:00:01',
  'siteroot' => 'https://o2o.sctsck.com/',
)
'/=====================================================================================2019-11-11 17:05:02/'
array (
  'time' => '2019-11-11 17:05:02',
  'siteroot' => 'https://o2o.sctsck.com/',
)
'/=====================================================================================2019-11-11 17:10:01/'
array (
  'time' => '2019-11-11 17:10:01',
  'siteroot' => 'https://o2o.sctsck.com/',
)
'/=====================================================================================2019-11-11 17:15:02/'
array (
  'time' => '2019-11-11 17:15:02',
  'siteroot' => 'https://o2o.sctsck.com/',
)
'/=====================================================================================2019-11-11 17:20:01/'
array (
  'time' => '2019-11-11 17:20:01',
  'siteroot' => 'https://o2o.sctsck.com/',
)
'/=====================================================================================2019-11-11 17:25:02/'
array (
  'time' => '2019-11-11 17:25:02',
  'siteroot' => 'https://o2o.sctsck.com/',
)
'/=====================================================================================2019-11-11 17:30:01/'
array (
  'time' => '2019-11-11 17:30:01',
  'siteroot' => 'https://o2o.sctsck.com/',
)
'/=====================================================================================2019-11-11 17:35:02/'
array (
  'time' => '2019-11-11 17:35:02',
  'siteroot' => 'https://o2o.sctsck.com/',
)
'/=====================================================================================2019-11-11 17:40:01/'
array (
  'time' => '2019-11-11 17:40:01',
  'siteroot' => 'https://o2o.sctsck.com/',
)
'/=====================================================================================2019-11-11 17:45:02/'
array (
  'time' => '2019-11-11 17:45:02',
  'siteroot' => 'https://o2o.sctsck.com/',
)
'/=====================================================================================2019-11-11 17:50:01/'
array (
  'time' => '2019-11-11 17:50:01',
  'siteroot' => 'https://o2o.sctsck.com/',
)
'/=====================================================================================2019-11-11 17:55:02/'
array (
  'time' => '2019-11-11 17:55:02',
  'siteroot' => 'https://o2o.sctsck.com/',
)
'/=====================================================================================2019-11-11 18:00:01/'
array (
  'time' => '2019-11-11 18:00:01',
  'siteroot' => 'https://o2o.sctsck.com/',
)
'/=====================================================================================2019-11-11 18:05:02/'
array (
  'time' => '2019-11-11 18:05:02',
  'siteroot' => 'https://o2o.sctsck.com/',
)
'/=====================================================================================2019-11-11 18:10:01/'
array (
  'time' => '2019-11-11 18:10:01',
  'siteroot' => 'https://o2o.sctsck.com/',
)
'/=====================================================================================2019-11-11 18:15:02/'
array (
  'time' => '2019-11-11 18:15:02',
  'siteroot' => 'https://o2o.sctsck.com/',
)
'/=====================================================================================2019-11-11 18:20:01/'
array (
  'time' => '2019-11-11 18:20:01',
  'siteroot' => 'https://o2o.sctsck.com/',
)
'/=====================================================================================2019-11-11 18:25:02/'
array (
  'time' => '2019-11-11 18:25:02',
  'siteroot' => 'https://o2o.sctsck.com/',
)
'/=====================================================================================2019-11-11 18:30:01/'
array (
  'time' => '2019-11-11 18:30:01',
  'siteroot' => 'https://o2o.sctsck.com/',
)
'/=====================================================================================2019-11-11 18:35:01/'
array (
  'time' => '2019-11-11 18:35:01',
  'siteroot' => 'https://o2o.sctsck.com/',
)
'/=====================================================================================2019-11-11 18:40:01/'
array (
  'time' => '2019-11-11 18:40:01',
  'siteroot' => 'https://o2o.sctsck.com/',
)
'/=====================================================================================2019-11-11 18:45:01/'
array (
  'time' => '2019-11-11 18:45:01',
  'siteroot' => 'https://o2o.sctsck.com/',
)
'/=====================================================================================2019-11-11 18:50:01/'
array (
  'time' => '2019-11-11 18:50:01',
  'siteroot' => 'https://o2o.sctsck.com/',
)
'/=====================================================================================2019-11-11 18:55:01/'
array (
  'time' => '2019-11-11 18:55:01',
  'siteroot' => 'https://o2o.sctsck.com/',
)
'/=====================================================================================2019-11-11 19:00:01/'
array (
  'time' => '2019-11-11 19:00:01',
  'siteroot' => 'https://o2o.sctsck.com/',
)
'/=====================================================================================2019-11-11 19:05:02/'
array (
  'time' => '2019-11-11 19:05:02',
  'siteroot' => 'https://o2o.sctsck.com/',
)
'/=====================================================================================2019-11-11 19:10:01/'
array (
  'time' => '2019-11-11 19:10:01',
  'siteroot' => 'https://o2o.sctsck.com/',
)
'/=====================================================================================2019-11-11 19:15:01/'
array (
  'time' => '2019-11-11 19:15:01',
  'siteroot' => 'https://o2o.sctsck.com/',
)
'/=====================================================================================2019-11-11 19:20:01/'
array (
  'time' => '2019-11-11 19:20:01',
  'siteroot' => 'https://o2o.sctsck.com/',
)
'/=====================================================================================2019-11-11 19:25:01/'
array (
  'time' => '2019-11-11 19:25:01',
  'siteroot' => 'https://o2o.sctsck.com/',
)
'/=====================================================================================2019-11-11 19:30:01/'
array (
  'time' => '2019-11-11 19:30:01',
  'siteroot' => 'https://o2o.sctsck.com/',
)
'/=====================================================================================2019-11-11 19:35:01/'
array (
  'time' => '2019-11-11 19:35:01',
  'siteroot' => 'https://o2o.sctsck.com/',
)
'/=====================================================================================2019-11-11 19:40:02/'
array (
  'time' => '2019-11-11 19:40:02',
  'siteroot' => 'https://o2o.sctsck.com/',
)
'/=====================================================================================2019-11-11 19:45:01/'
array (
  'time' => '2019-11-11 19:45:01',
  'siteroot' => 'https://o2o.sctsck.com/',
)
'/=====================================================================================2019-11-11 19:50:02/'
array (
  'time' => '2019-11-11 19:50:02',
  'siteroot' => 'https://o2o.sctsck.com/',
)
'/=====================================================================================2019-11-11 19:55:01/'
array (
  'time' => '2019-11-11 19:55:01',
  'siteroot' => 'https://o2o.sctsck.com/',
)
'/=====================================================================================2019-11-11 20:00:02/'
array (
  'time' => '2019-11-11 20:00:02',
  'siteroot' => 'https://o2o.sctsck.com/',
)
'/=====================================================================================2019-11-11 20:05:01/'
array (
  'time' => '2019-11-11 20:05:01',
  'siteroot' => 'https://o2o.sctsck.com/',
)
'/=====================================================================================2019-11-11 20:10:02/'
array (
  'time' => '2019-11-11 20:10:02',
  'siteroot' => 'https://o2o.sctsck.com/',
)
'/=====================================================================================2019-11-11 20:15:01/'
array (
  'time' => '2019-11-11 20:15:01',
  'siteroot' => 'https://o2o.sctsck.com/',
)
'/=====================================================================================2019-11-11 20:20:02/'
array (
  'time' => '2019-11-11 20:20:02',
  'siteroot' => 'https://o2o.sctsck.com/',
)
'/=====================================================================================2019-11-11 20:25:01/'
array (
  'time' => '2019-11-11 20:25:01',
  'siteroot' => 'https://o2o.sctsck.com/',
)
'/=====================================================================================2019-11-11 20:30:01/'
array (
  'time' => '2019-11-11 20:30:01',
  'siteroot' => 'https://o2o.sctsck.com/',
)
