'/=====================================================================================2019-11-19 08:31:19/'
array (
  'weid' => '4',
  'uniacid' => '4',
  'result' => 'success',
  'type' => 'wechat',
  'tid' => '2019111908311100001362421243',
  'uniontid' => '2019111908311100001362421243',
  'user' => 'oU4Jcv7mc38s0h83fsUfsslRMHDk',
  'fee' => '19.90',
  'tag' => 
  array (
    'acid' => '4',
    'uid' => '3284',
    'transaction_id' => '4200000463201911192627351455',
  ),
  'is_usecard' => '0',
  'card_type' => '0',
  'card_fee' => '19.90',
  'card_id' => '',
  'from' => 'return',
)
'/=====================================================================================2019-11-19 08:33:06/'
array (
  'weid' => '4',
  'uniacid' => '4',
  'result' => 'success',
  'type' => 'wechat',
  'tid' => '2019111908325800001326920523',
  'uniontid' => '2019111908325800001326920523',
  'user' => 'oU4Jcv2CxFnSY8vt98tOA7YwhsnI',
  'fee' => '19.90',
  'tag' => 
  array (
    'acid' => '4',
    'uid' => '3829',
    'transaction_id' => '4200000470201911192659145463',
  ),
  'is_usecard' => '0',
  'card_type' => '0',
  'card_fee' => '19.90',
  'card_id' => '',
  'from' => 'return',
)
'/=====================================================================================2019-11-19 08:33:16/'
array (
  'weid' => '4',
  'uniacid' => '4',
  'result' => 'success',
  'type' => 'wechat',
  'tid' => '2019111908325800001326920523',
  'uniontid' => '2019111908325800001326920523',
  'user' => 'oU4Jcv2CxFnSY8vt98tOA7YwhsnI',
  'fee' => '19.90',
  'tag' => 
  array (
    'acid' => '4',
    'uid' => '3829',
    'transaction_id' => '4200000470201911192659145463',
  ),
  'is_usecard' => '0',
  'card_type' => '0',
  'card_fee' => '19.90',
  'card_id' => '',
  'from' => 'return',
)
'/=====================================================================================2019-11-19 08:33:22/'
array (
  'weid' => '4',
  'uniacid' => '4',
  'result' => 'success',
  'type' => 'wechat',
  'tid' => '2019111908325800001326920523',
  'uniontid' => '2019111908325800001326920523',
  'user' => 'oU4Jcv2CxFnSY8vt98tOA7YwhsnI',
  'fee' => '19.90',
  'tag' => 
  array (
    'acid' => '4',
    'uid' => '3829',
    'transaction_id' => '4200000470201911192659145463',
  ),
  'is_usecard' => '0',
  'card_type' => '0',
  'card_fee' => '19.90',
  'card_id' => '',
  'from' => 'return',
)
