'/=====================================================================================2019-11-13 13:00:01/'
array (
  'time' => '2019-11-13 13:00:01',
  'siteroot' => 'https://o2o.sctsck.com/',
)
'/=====================================================================================2019-11-13 13:05:02/'
array (
  'time' => '2019-11-13 13:05:02',
  'siteroot' => 'https://o2o.sctsck.com/',
)
'/=====================================================================================2019-11-13 13:10:01/'
array (
  'time' => '2019-11-13 13:10:01',
  'siteroot' => 'https://o2o.sctsck.com/',
)
'/=====================================================================================2019-11-13 13:15:02/'
array (
  'time' => '2019-11-13 13:15:02',
  'siteroot' => 'https://o2o.sctsck.com/',
)
'/=====================================================================================2019-11-13 13:20:01/'
array (
  'time' => '2019-11-13 13:20:01',
  'siteroot' => 'https://o2o.sctsck.com/',
)
'/=====================================================================================2019-11-13 13:25:01/'
array (
  'time' => '2019-11-13 13:25:01',
  'siteroot' => 'https://o2o.sctsck.com/',
)
'/=====================================================================================2019-11-13 13:30:01/'
array (
  'time' => '2019-11-13 13:30:01',
  'siteroot' => 'https://o2o.sctsck.com/',
)
'/=====================================================================================2019-11-13 13:35:01/'
array (
  'time' => '2019-11-13 13:35:01',
  'siteroot' => 'https://o2o.sctsck.com/',
)
'/=====================================================================================2019-11-13 13:40:02/'
array (
  'time' => '2019-11-13 13:40:02',
  'siteroot' => 'https://o2o.sctsck.com/',
)
'/=====================================================================================2019-11-13 13:45:01/'
array (
  'time' => '2019-11-13 13:45:01',
  'siteroot' => 'https://o2o.sctsck.com/',
)
'/=====================================================================================2019-11-13 13:50:02/'
array (
  'time' => '2019-11-13 13:50:02',
  'siteroot' => 'https://o2o.sctsck.com/',
)
'/=====================================================================================2019-11-13 13:55:01/'
array (
  'time' => '2019-11-13 13:55:01',
  'siteroot' => 'https://o2o.sctsck.com/',
)
'/=====================================================================================2019-11-13 14:00:01/'
array (
  'time' => '2019-11-13 14:00:01',
  'siteroot' => 'https://o2o.sctsck.com/',
)
'/=====================================================================================2019-11-13 14:05:02/'
array (
  'time' => '2019-11-13 14:05:02',
  'siteroot' => 'https://o2o.sctsck.com/',
)
'/=====================================================================================2019-11-13 14:10:01/'
array (
  'time' => '2019-11-13 14:10:01',
  'siteroot' => 'https://o2o.sctsck.com/',
)
'/=====================================================================================2019-11-13 14:15:02/'
array (
  'time' => '2019-11-13 14:15:02',
  'siteroot' => 'https://o2o.sctsck.com/',
)
'/=====================================================================================2019-11-13 14:20:01/'
array (
  'time' => '2019-11-13 14:20:01',
  'siteroot' => 'https://o2o.sctsck.com/',
)
'/=====================================================================================2019-11-13 14:25:02/'
array (
  'time' => '2019-11-13 14:25:02',
  'siteroot' => 'https://o2o.sctsck.com/',
)
'/=====================================================================================2019-11-13 14:30:01/'
array (
  'time' => '2019-11-13 14:30:01',
  'siteroot' => 'https://o2o.sctsck.com/',
)
'/=====================================================================================2019-11-13 14:35:01/'
array (
  'time' => '2019-11-13 14:35:01',
  'siteroot' => 'https://o2o.sctsck.com/',
)
'/=====================================================================================2019-11-13 14:40:02/'
array (
  'time' => '2019-11-13 14:40:02',
  'siteroot' => 'https://o2o.sctsck.com/',
)
'/=====================================================================================2019-11-13 14:45:01/'
array (
  'time' => '2019-11-13 14:45:01',
  'siteroot' => 'https://o2o.sctsck.com/',
)
'/=====================================================================================2019-11-13 14:50:02/'
array (
  'time' => '2019-11-13 14:50:02',
  'siteroot' => 'https://o2o.sctsck.com/',
)
'/=====================================================================================2019-11-13 14:55:02/'
array (
  'time' => '2019-11-13 14:55:02',
  'siteroot' => 'https://o2o.sctsck.com/',
)
'/=====================================================================================2019-11-13 15:00:02/'
array (
  'time' => '2019-11-13 15:00:02',
  'siteroot' => 'https://o2o.sctsck.com/',
)
'/=====================================================================================2019-11-13 15:05:02/'
array (
  'time' => '2019-11-13 15:05:02',
  'siteroot' => 'https://o2o.sctsck.com/',
)
'/=====================================================================================2019-11-13 15:10:01/'
array (
  'time' => '2019-11-13 15:10:01',
  'siteroot' => 'https://o2o.sctsck.com/',
)
'/=====================================================================================2019-11-13 15:15:02/'
array (
  'time' => '2019-11-13 15:15:02',
  'siteroot' => 'https://o2o.sctsck.com/',
)
'/=====================================================================================2019-11-13 15:20:01/'
array (
  'time' => '2019-11-13 15:20:01',
  'siteroot' => 'https://o2o.sctsck.com/',
)
'/=====================================================================================2019-11-13 15:25:02/'
array (
  'time' => '2019-11-13 15:25:02',
  'siteroot' => 'https://o2o.sctsck.com/',
)
'/=====================================================================================2019-11-13 15:30:01/'
array (
  'time' => '2019-11-13 15:30:01',
  'siteroot' => 'https://o2o.sctsck.com/',
)
'/=====================================================================================2019-11-13 15:35:01/'
array (
  'time' => '2019-11-13 15:35:01',
  'siteroot' => 'https://o2o.sctsck.com/',
)
'/=====================================================================================2019-11-13 15:40:02/'
array (
  'time' => '2019-11-13 15:40:02',
  'siteroot' => 'https://o2o.sctsck.com/',
)
'/=====================================================================================2019-11-13 15:45:02/'
array (
  'time' => '2019-11-13 15:45:02',
  'siteroot' => 'https://o2o.sctsck.com/',
)
'/=====================================================================================2019-11-13 15:50:03/'
array (
  'time' => '2019-11-13 15:50:03',
  'siteroot' => 'https://o2o.sctsck.com/',
)
'/=====================================================================================2019-11-13 15:55:02/'
array (
  'time' => '2019-11-13 15:55:02',
  'siteroot' => 'https://o2o.sctsck.com/',
)
'/=====================================================================================2019-11-13 16:00:01/'
array (
  'time' => '2019-11-13 16:00:01',
  'siteroot' => 'https://o2o.sctsck.com/',
)
'/=====================================================================================2019-11-13 16:05:02/'
array (
  'time' => '2019-11-13 16:05:02',
  'siteroot' => 'https://o2o.sctsck.com/',
)
'/=====================================================================================2019-11-13 16:10:01/'
array (
  'time' => '2019-11-13 16:10:01',
  'siteroot' => 'https://o2o.sctsck.com/',
)
'/=====================================================================================2019-11-13 16:15:01/'
array (
  'time' => '2019-11-13 16:15:01',
  'siteroot' => 'https://o2o.sctsck.com/',
)
'/=====================================================================================2019-11-13 16:20:01/'
array (
  'time' => '2019-11-13 16:20:01',
  'siteroot' => 'https://o2o.sctsck.com/',
)
'/=====================================================================================2019-11-13 16:25:01/'
array (
  'time' => '2019-11-13 16:25:01',
  'siteroot' => 'https://o2o.sctsck.com/',
)
'/=====================================================================================2019-11-13 16:30:02/'
array (
  'time' => '2019-11-13 16:30:02',
  'siteroot' => 'https://o2o.sctsck.com/',
)
'/=====================================================================================2019-11-13 16:35:01/'
array (
  'time' => '2019-11-13 16:35:01',
  'siteroot' => 'https://o2o.sctsck.com/',
)
'/=====================================================================================2019-11-13 16:40:01/'
array (
  'time' => '2019-11-13 16:40:01',
  'siteroot' => 'https://o2o.sctsck.com/',
)
'/=====================================================================================2019-11-13 16:45:02/'
array (
  'time' => '2019-11-13 16:45:02',
  'siteroot' => 'https://o2o.sctsck.com/',
)
'/=====================================================================================2019-11-13 16:50:01/'
array (
  'time' => '2019-11-13 16:50:01',
  'siteroot' => 'https://o2o.sctsck.com/',
)
'/=====================================================================================2019-11-13 16:55:01/'
array (
  'time' => '2019-11-13 16:55:01',
  'siteroot' => 'https://o2o.sctsck.com/',
)
'/=====================================================================================2019-11-13 17:00:01/'
array (
  'time' => '2019-11-13 17:00:01',
  'siteroot' => 'https://o2o.sctsck.com/',
)
'/=====================================================================================2019-11-13 17:05:01/'
array (
  'time' => '2019-11-13 17:05:01',
  'siteroot' => 'https://o2o.sctsck.com/',
)
'/=====================================================================================2019-11-13 17:10:02/'
array (
  'time' => '2019-11-13 17:10:02',
  'siteroot' => 'https://o2o.sctsck.com/',
)
'/=====================================================================================2019-11-13 17:15:01/'
array (
  'time' => '2019-11-13 17:15:01',
  'siteroot' => 'https://o2o.sctsck.com/',
)
'/=====================================================================================2019-11-13 17:20:02/'
array (
  'time' => '2019-11-13 17:20:02',
  'siteroot' => 'https://o2o.sctsck.com/',
)
'/=====================================================================================2019-11-13 17:25:01/'
array (
  'time' => '2019-11-13 17:25:01',
  'siteroot' => 'https://o2o.sctsck.com/',
)
'/=====================================================================================2019-11-13 17:30:02/'
array (
  'time' => '2019-11-13 17:30:02',
  'siteroot' => 'https://o2o.sctsck.com/',
)
'/=====================================================================================2019-11-13 17:35:01/'
array (
  'time' => '2019-11-13 17:35:01',
  'siteroot' => 'https://o2o.sctsck.com/',
)
'/=====================================================================================2019-11-13 17:40:01/'
array (
  'time' => '2019-11-13 17:40:01',
  'siteroot' => 'https://o2o.sctsck.com/',
)
'/=====================================================================================2019-11-13 17:45:02/'
array (
  'time' => '2019-11-13 17:45:02',
  'siteroot' => 'https://o2o.sctsck.com/',
)
'/=====================================================================================2019-11-13 17:50:01/'
array (
  'time' => '2019-11-13 17:50:01',
  'siteroot' => 'https://o2o.sctsck.com/',
)
'/=====================================================================================2019-11-13 17:55:02/'
array (
  'time' => '2019-11-13 17:55:02',
  'siteroot' => 'https://o2o.sctsck.com/',
)
'/=====================================================================================2019-11-13 18:00:01/'
array (
  'time' => '2019-11-13 18:00:01',
  'siteroot' => 'https://o2o.sctsck.com/',
)
'/=====================================================================================2019-11-13 18:05:02/'
array (
  'time' => '2019-11-13 18:05:02',
  'siteroot' => 'https://o2o.sctsck.com/',
)
'/=====================================================================================2019-11-13 18:10:01/'
array (
  'time' => '2019-11-13 18:10:01',
  'siteroot' => 'https://o2o.sctsck.com/',
)
'/=====================================================================================2019-11-13 18:15:02/'
array (
  'time' => '2019-11-13 18:15:02',
  'siteroot' => 'https://o2o.sctsck.com/',
)
'/=====================================================================================2019-11-13 18:20:01/'
array (
  'time' => '2019-11-13 18:20:01',
  'siteroot' => 'https://o2o.sctsck.com/',
)
'/=====================================================================================2019-11-13 18:25:02/'
array (
  'time' => '2019-11-13 18:25:02',
  'siteroot' => 'https://o2o.sctsck.com/',
)
'/=====================================================================================2019-11-13 18:30:01/'
array (
  'time' => '2019-11-13 18:30:01',
  'siteroot' => 'https://o2o.sctsck.com/',
)
'/=====================================================================================2019-11-13 18:35:02/'
array (
  'time' => '2019-11-13 18:35:02',
  'siteroot' => 'https://o2o.sctsck.com/',
)
'/=====================================================================================2019-11-13 18:40:01/'
array (
  'time' => '2019-11-13 18:40:01',
  'siteroot' => 'https://o2o.sctsck.com/',
)
'/=====================================================================================2019-11-13 18:45:02/'
array (
  'time' => '2019-11-13 18:45:02',
  'siteroot' => 'https://o2o.sctsck.com/',
)
'/=====================================================================================2019-11-13 18:50:01/'
array (
  'time' => '2019-11-13 18:50:01',
  'siteroot' => 'https://o2o.sctsck.com/',
)
'/=====================================================================================2019-11-13 18:55:01/'
array (
  'time' => '2019-11-13 18:55:01',
  'siteroot' => 'https://o2o.sctsck.com/',
)
'/=====================================================================================2019-11-13 19:00:02/'
array (
  'time' => '2019-11-13 19:00:02',
  'siteroot' => 'https://o2o.sctsck.com/',
)
'/=====================================================================================2019-11-13 19:05:01/'
array (
  'time' => '2019-11-13 19:05:01',
  'siteroot' => 'https://o2o.sctsck.com/',
)
'/=====================================================================================2019-11-13 19:10:02/'
array (
  'time' => '2019-11-13 19:10:02',
  'siteroot' => 'https://o2o.sctsck.com/',
)
'/=====================================================================================2019-11-13 19:15:01/'
array (
  'time' => '2019-11-13 19:15:01',
  'siteroot' => 'https://o2o.sctsck.com/',
)
'/=====================================================================================2019-11-13 19:20:02/'
array (
  'time' => '2019-11-13 19:20:02',
  'siteroot' => 'https://o2o.sctsck.com/',
)
'/=====================================================================================2019-11-13 19:25:01/'
array (
  'time' => '2019-11-13 19:25:01',
  'siteroot' => 'https://o2o.sctsck.com/',
)
'/=====================================================================================2019-11-13 19:30:02/'
array (
  'time' => '2019-11-13 19:30:02',
  'siteroot' => 'https://o2o.sctsck.com/',
)
'/=====================================================================================2019-11-13 19:35:01/'
array (
  'time' => '2019-11-13 19:35:01',
  'siteroot' => 'https://o2o.sctsck.com/',
)
'/=====================================================================================2019-11-13 19:40:07/'
array (
  'time' => '2019-11-13 19:40:07',
  'siteroot' => 'https://o2o.sctsck.com/',
)
'/=====================================================================================2019-11-13 19:45:02/'
array (
  'time' => '2019-11-13 19:45:02',
  'siteroot' => 'https://o2o.sctsck.com/',
)
'/=====================================================================================2019-11-13 19:50:01/'
array (
  'time' => '2019-11-13 19:50:01',
  'siteroot' => 'https://o2o.sctsck.com/',
)
'/=====================================================================================2019-11-13 19:55:01/'
array (
  'time' => '2019-11-13 19:55:01',
  'siteroot' => 'https://o2o.sctsck.com/',
)
'/=====================================================================================2019-11-13 20:00:02/'
array (
  'time' => '2019-11-13 20:00:02',
  'siteroot' => 'https://o2o.sctsck.com/',
)
'/=====================================================================================2019-11-13 20:05:01/'
array (
  'time' => '2019-11-13 20:05:01',
  'siteroot' => 'https://o2o.sctsck.com/',
)
'/=====================================================================================2019-11-13 20:10:02/'
array (
  'time' => '2019-11-13 20:10:02',
  'siteroot' => 'https://o2o.sctsck.com/',
)
'/=====================================================================================2019-11-13 20:15:01/'
array (
  'time' => '2019-11-13 20:15:01',
  'siteroot' => 'https://o2o.sctsck.com/',
)
'/=====================================================================================2019-11-13 20:20:02/'
array (
  'time' => '2019-11-13 20:20:02',
  'siteroot' => 'https://o2o.sctsck.com/',
)
'/=====================================================================================2019-11-13 20:25:01/'
array (
  'time' => '2019-11-13 20:25:01',
  'siteroot' => 'https://o2o.sctsck.com/',
)
'/=====================================================================================2019-11-13 20:30:02/'
array (
  'time' => '2019-11-13 20:30:02',
  'siteroot' => 'https://o2o.sctsck.com/',
)
'/=====================================================================================2019-11-13 20:35:02/'
array (
  'time' => '2019-11-13 20:35:02',
  'siteroot' => 'https://o2o.sctsck.com/',
)
'/=====================================================================================2019-11-13 20:40:01/'
array (
  'time' => '2019-11-13 20:40:01',
  'siteroot' => 'https://o2o.sctsck.com/',
)
'/=====================================================================================2019-11-13 20:45:02/'
array (
  'time' => '2019-11-13 20:45:02',
  'siteroot' => 'https://o2o.sctsck.com/',
)
'/=====================================================================================2019-11-13 20:50:01/'
array (
  'time' => '2019-11-13 20:50:01',
  'siteroot' => 'https://o2o.sctsck.com/',
)
'/=====================================================================================2019-11-13 20:55:01/'
array (
  'time' => '2019-11-13 20:55:01',
  'siteroot' => 'https://o2o.sctsck.com/',
)
'/=====================================================================================2019-11-13 21:00:02/'
array (
  'time' => '2019-11-13 21:00:02',
  'siteroot' => 'https://o2o.sctsck.com/',
)
'/=====================================================================================2019-11-13 21:05:07/'
array (
  'time' => '2019-11-13 21:05:07',
  'siteroot' => 'https://o2o.sctsck.com/',
)
'/=====================================================================================2019-11-13 21:10:01/'
array (
  'time' => '2019-11-13 21:10:01',
  'siteroot' => 'https://o2o.sctsck.com/',
)
'/=====================================================================================2019-11-13 21:15:02/'
array (
  'time' => '2019-11-13 21:15:02',
  'siteroot' => 'https://o2o.sctsck.com/',
)
'/=====================================================================================2019-11-13 21:20:01/'
array (
  'time' => '2019-11-13 21:20:01',
  'siteroot' => 'https://o2o.sctsck.com/',
)
'/=====================================================================================2019-11-13 21:25:02/'
array (
  'time' => '2019-11-13 21:25:02',
  'siteroot' => 'https://o2o.sctsck.com/',
)
'/=====================================================================================2019-11-13 21:30:01/'
array (
  'time' => '2019-11-13 21:30:01',
  'siteroot' => 'https://o2o.sctsck.com/',
)
'/=====================================================================================2019-11-13 21:35:02/'
array (
  'time' => '2019-11-13 21:35:02',
  'siteroot' => 'https://o2o.sctsck.com/',
)
'/=====================================================================================2019-11-13 21:40:01/'
array (
  'time' => '2019-11-13 21:40:01',
  'siteroot' => 'https://o2o.sctsck.com/',
)
'/=====================================================================================2019-11-13 21:45:02/'
array (
  'time' => '2019-11-13 21:45:02',
  'siteroot' => 'https://o2o.sctsck.com/',
)
'/=====================================================================================2019-11-13 21:50:01/'
array (
  'time' => '2019-11-13 21:50:01',
  'siteroot' => 'https://o2o.sctsck.com/',
)
'/=====================================================================================2019-11-13 21:55:02/'
array (
  'time' => '2019-11-13 21:55:02',
  'siteroot' => 'https://o2o.sctsck.com/',
)
'/=====================================================================================2019-11-13 22:00:01/'
array (
  'time' => '2019-11-13 22:00:01',
  'siteroot' => 'https://o2o.sctsck.com/',
)
'/=====================================================================================2019-11-13 22:05:02/'
array (
  'time' => '2019-11-13 22:05:02',
  'siteroot' => 'https://o2o.sctsck.com/',
)
'/=====================================================================================2019-11-13 22:10:01/'
array (
  'time' => '2019-11-13 22:10:01',
  'siteroot' => 'https://o2o.sctsck.com/',
)
'/=====================================================================================2019-11-13 22:15:02/'
array (
  'time' => '2019-11-13 22:15:02',
  'siteroot' => 'https://o2o.sctsck.com/',
)
'/=====================================================================================2019-11-13 22:20:01/'
array (
  'time' => '2019-11-13 22:20:01',
  'siteroot' => 'https://o2o.sctsck.com/',
)
'/=====================================================================================2019-11-13 22:25:01/'
array (
  'time' => '2019-11-13 22:25:01',
  'siteroot' => 'https://o2o.sctsck.com/',
)
'/=====================================================================================2019-11-13 22:30:02/'
array (
  'time' => '2019-11-13 22:30:02',
  'siteroot' => 'https://o2o.sctsck.com/',
)
'/=====================================================================================2019-11-13 22:35:01/'
array (
  'time' => '2019-11-13 22:35:01',
  'siteroot' => 'https://o2o.sctsck.com/',
)
'/=====================================================================================2019-11-13 22:40:02/'
array (
  'time' => '2019-11-13 22:40:02',
  'siteroot' => 'https://o2o.sctsck.com/',
)
'/=====================================================================================2019-11-13 22:45:01/'
array (
  'time' => '2019-11-13 22:45:01',
  'siteroot' => 'https://o2o.sctsck.com/',
)
'/=====================================================================================2019-11-13 22:50:02/'
array (
  'time' => '2019-11-13 22:50:02',
  'siteroot' => 'https://o2o.sctsck.com/',
)
'/=====================================================================================2019-11-13 22:55:01/'
array (
  'time' => '2019-11-13 22:55:01',
  'siteroot' => 'https://o2o.sctsck.com/',
)
'/=====================================================================================2019-11-13 23:00:02/'
array (
  'time' => '2019-11-13 23:00:01',
  'siteroot' => 'https://o2o.sctsck.com/',
)
'/=====================================================================================2019-11-13 23:05:01/'
array (
  'time' => '2019-11-13 23:05:01',
  'siteroot' => 'https://o2o.sctsck.com/',
)
'/=====================================================================================2019-11-13 23:10:02/'
array (
  'time' => '2019-11-13 23:10:02',
  'siteroot' => 'https://o2o.sctsck.com/',
)
'/=====================================================================================2019-11-13 23:15:01/'
array (
  'time' => '2019-11-13 23:15:01',
  'siteroot' => 'https://o2o.sctsck.com/',
)
'/=====================================================================================2019-11-13 23:20:01/'
array (
  'time' => '2019-11-13 23:20:01',
  'siteroot' => 'https://o2o.sctsck.com/',
)
'/=====================================================================================2019-11-13 23:25:02/'
array (
  'time' => '2019-11-13 23:25:02',
  'siteroot' => 'https://o2o.sctsck.com/',
)
'/=====================================================================================2019-11-13 23:30:01/'
array (
  'time' => '2019-11-13 23:30:01',
  'siteroot' => 'https://o2o.sctsck.com/',
)
'/=====================================================================================2019-11-13 23:35:02/'
array (
  'time' => '2019-11-13 23:35:02',
  'siteroot' => 'https://o2o.sctsck.com/',
)
'/=====================================================================================2019-11-13 23:40:01/'
array (
  'time' => '2019-11-13 23:40:01',
  'siteroot' => 'https://o2o.sctsck.com/',
)
'/=====================================================================================2019-11-13 23:45:02/'
array (
  'time' => '2019-11-13 23:45:02',
  'siteroot' => 'https://o2o.sctsck.com/',
)
'/=====================================================================================2019-11-13 23:50:01/'
array (
  'time' => '2019-11-13 23:50:01',
  'siteroot' => 'https://o2o.sctsck.com/',
)
'/=====================================================================================2019-11-13 23:55:02/'
array (
  'time' => '2019-11-13 23:55:02',
  'siteroot' => 'https://o2o.sctsck.com/',
)
