'/=====================================================================================2019-11-17 10:41:57/'
array (
  'weid' => '4',
  'uniacid' => '4',
  'result' => 'success',
  'type' => 'wechat',
  'tid' => '2019111710414400001333848835',
  'uniontid' => '2019111710414400001333848835',
  'user' => 'oU4Jcv9Ir5iYO4d92137F3s6zK5o',
  'fee' => '79.00',
  'tag' => 
  array (
    'acid' => '4',
    'uid' => '2549',
    'transaction_id' => '4200000465201911179569265127',
  ),
  'is_usecard' => '0',
  'card_type' => '0',
  'card_fee' => '79.00',
  'card_id' => '',
  'from' => 'return',
)
'/=====================================================================================2019-11-17 11:39:35/'
array (
  'weid' => '4',
  'uniacid' => '4',
  'result' => 'success',
  'type' => 'wechat',
  'tid' => '2019111711391700001389261946',
  'uniontid' => '2019111711391700001389261946',
  'user' => 'oU4Jcv3t1r-PGAWHs0HKOdqnlHT8',
  'fee' => '79.00',
  'tag' => 
  array (
    'acid' => '4',
    'uid' => '3128',
    'transaction_id' => '4200000453201911172445258664',
  ),
  'is_usecard' => '0',
  'card_type' => '0',
  'card_fee' => '79.00',
  'card_id' => '',
  'from' => 'return',
)
'/=====================================================================================2019-11-17 18:03:40/'
array (
  'weid' => '4',
  'uniacid' => '4',
  'result' => 'success',
  'type' => 'wechat',
  'tid' => '2019111718033100001398215822',
  'uniontid' => '2019111718033100001398215822',
  'user' => 'oU4Jcv10sVraMFbhBoigdz4hoBhQ',
  'fee' => '19.90',
  'tag' => 
  array (
    'acid' => '4',
    'uid' => '3201',
    'transaction_id' => '4200000466201911172905830441',
  ),
  'is_usecard' => '0',
  'card_type' => '0',
  'card_fee' => '19.90',
  'card_id' => '',
  'from' => 'return',
)
'/=====================================================================================2019-11-17 22:18:49/'
array (
  'weid' => '4',
  'uniacid' => '4',
  'result' => 'success',
  'type' => 'wechat',
  'tid' => '2019111722181700001392641412',
  'uniontid' => '2019111722181700001392641412',
  'user' => 'oU4JcvwoJM3IW2V5mJKyoDTnnwvk',
  'fee' => '19.90',
  'tag' => 
  array (
    'acid' => '4',
    'uid' => '3298',
    'transaction_id' => '4200000460201911179393152504',
  ),
  'is_usecard' => '0',
  'card_type' => '0',
  'card_fee' => '19.90',
  'card_id' => '',
  'from' => 'return',
)
