'/=====================================================================================2019-11-16 09:24:46/'
array (
  'weid' => '4',
  'uniacid' => '4',
  'result' => 'success',
  'type' => 'wechat',
  'tid' => '2019111517282700001340068744',
  'uniontid' => '2019111517282700001340068744',
  'user' => 'oU4JcvyN6MKFcIRXdx3ZemPXLsag',
  'fee' => '9.90',
  'tag' => 
  array (
    'acid' => '4',
    'uid' => '1943',
    'transaction_id' => '4200000466201911166367777890',
  ),
  'is_usecard' => '0',
  'card_type' => '0',
  'card_fee' => '9.90',
  'card_id' => '',
  'from' => 'return',
)
'/=====================================================================================2019-11-16 10:56:25/'
array (
  'weid' => '4',
  'uniacid' => '4',
  'result' => 'success',
  'type' => 'wechat',
  'tid' => '2019111610561500001328422232',
  'uniontid' => '2019111610561500001328422232',
  'user' => 'oU4Jcv9Ir5iYO4d92137F3s6zK5o',
  'fee' => '6.80',
  'tag' => 
  array (
    'acid' => '4',
    'uid' => '2549',
    'transaction_id' => '4200000467201911166946434520',
  ),
  'is_usecard' => '0',
  'card_type' => '0',
  'card_fee' => '6.80',
  'card_id' => '',
  'from' => 'return',
)
'/=====================================================================================2019-11-16 11:12:48/'
array (
  'weid' => '4',
  'uniacid' => '4',
  'result' => 'success',
  'type' => 'wechat',
  'tid' => '2019111610561500001328422232',
  'uniontid' => '2019111610561500001328422232',
  'user' => 'oU4Jcv9Ir5iYO4d92137F3s6zK5o',
  'fee' => '6.80',
  'tag' => 
  array (
    'acid' => '4',
    'uid' => '2549',
    'transaction_id' => '4200000467201911166946434520',
  ),
  'is_usecard' => '0',
  'card_type' => '0',
  'card_fee' => '6.80',
  'card_id' => '',
  'from' => 'return',
)
'/=====================================================================================2019-11-16 12:52:22/'
array (
  'weid' => '4',
  'uniacid' => '4',
  'result' => 'success',
  'type' => 'wechat',
  'tid' => '2019111612521300001362234923',
  'uniontid' => '2019111612521300001362234923',
  'user' => 'oU4Jcv1iWaoIKRMzD5W8KPXygWoo',
  'fee' => '99.00',
  'tag' => 
  array (
    'acid' => '4',
    'uid' => '2627',
    'transaction_id' => '4200000466201911164842710685',
  ),
  'is_usecard' => '0',
  'card_type' => '0',
  'card_fee' => '99.00',
  'card_id' => '',
  'from' => 'return',
)
'/=====================================================================================2019-11-16 13:34:44/'
array (
  'weid' => '4',
  'uniacid' => '4',
  'result' => 'success',
  'type' => 'wechat',
  'tid' => '2019111613342500001384544923',
  'uniontid' => '2019111613342500001384544923',
  'user' => 'oU4Jcv3kLvoHq88wDmc37s4eJMlo',
  'fee' => '6.80',
  'tag' => 
  array (
    'acid' => '4',
    'uid' => '2707',
    'transaction_id' => '4200000461201911162798399122',
  ),
  'is_usecard' => '0',
  'card_type' => '0',
  'card_fee' => '6.80',
  'card_id' => '',
  'from' => 'return',
)
'/=====================================================================================2019-11-16 13:48:57/'
array (
  'weid' => '4',
  'uniacid' => '4',
  'result' => 'success',
  'type' => 'wechat',
  'tid' => '2019111613472800001305621806',
  'uniontid' => '2019111613472800001305621806',
  'user' => 'oU4Jcvx7bV1SzMuXwT2tB0QdFPxc',
  'fee' => '6.80',
  'tag' => 
  array (
    'acid' => '4',
    'uid' => '2718',
    'transaction_id' => '4200000459201911161916733001',
  ),
  'is_usecard' => '0',
  'card_type' => '0',
  'card_fee' => '6.80',
  'card_id' => '',
  'from' => 'return',
)
'/=====================================================================================2019-11-16 14:40:32/'
array (
  'weid' => '4',
  'uniacid' => '4',
  'result' => 'success',
  'type' => 'wechat',
  'tid' => '2019111614402300001318201884',
  'uniontid' => '2019111614402300001318201884',
  'user' => 'oU4Jcv7XJQwh0llOkr2Ho_Dvusew',
  'fee' => '19.90',
  'tag' => 
  array (
    'acid' => '4',
    'uid' => '2221',
    'transaction_id' => '4200000463201911166385840624',
  ),
  'is_usecard' => '0',
  'card_type' => '0',
  'card_fee' => '19.90',
  'card_id' => '',
  'from' => 'return',
)
'/=====================================================================================2019-11-16 14:40:57/'
array (
  'weid' => '4',
  'uniacid' => '4',
  'result' => 'success',
  'type' => 'wechat',
  'tid' => '2019111614404900001354806841',
  'uniontid' => '2019111614404900001354806841',
  'user' => 'oU4Jcv7XJQwh0llOkr2Ho_Dvusew',
  'fee' => '19.90',
  'tag' => 
  array (
    'acid' => '4',
    'uid' => '2221',
    'transaction_id' => '4200000456201911162212844786',
  ),
  'is_usecard' => '0',
  'card_type' => '0',
  'card_fee' => '19.90',
  'card_id' => '',
  'from' => 'return',
)
'/=====================================================================================2019-11-16 15:18:46/'
array (
  'weid' => '4',
  'uniacid' => '4',
  'result' => 'success',
  'type' => 'wechat',
  'tid' => '2019111615183400001348225222',
  'uniontid' => '2019111615183400001348225222',
  'user' => 'oU4Jcv3TIy4wrEqVnse2767oIDA8',
  'fee' => '99.00',
  'tag' => 
  array (
    'acid' => '4',
    'uid' => '2774',
    'transaction_id' => '4200000457201911169914548553',
  ),
  'is_usecard' => '0',
  'card_type' => '0',
  'card_fee' => '99.00',
  'card_id' => '',
  'from' => 'return',
)
'/=====================================================================================2019-11-16 15:53:34/'
array (
  'weid' => '4',
  'uniacid' => '4',
  'result' => 'success',
  'type' => 'wechat',
  'tid' => '2019111615532200001347340272',
  'uniontid' => '2019111615532200001347340272',
  'user' => 'oU4Jcv-C0k018iVq4tp8gh-0ygLg',
  'fee' => '6.80',
  'tag' => 
  array (
    'acid' => '4',
    'uid' => '2817',
    'transaction_id' => '4200000456201911165393336408',
  ),
  'is_usecard' => '0',
  'card_type' => '0',
  'card_fee' => '6.80',
  'card_id' => '',
  'from' => 'return',
)
'/=====================================================================================2019-11-16 15:54:05/'
array (
  'weid' => '4',
  'uniacid' => '4',
  'result' => 'success',
  'type' => 'wechat',
  'tid' => '2019111615532200001347340272',
  'uniontid' => '2019111615532200001347340272',
  'user' => 'oU4Jcv-C0k018iVq4tp8gh-0ygLg',
  'fee' => '6.80',
  'tag' => 
  array (
    'acid' => '4',
    'uid' => '2817',
    'transaction_id' => '4200000456201911165393336408',
  ),
  'is_usecard' => '0',
  'card_type' => '0',
  'card_fee' => '6.80',
  'card_id' => '',
  'from' => 'return',
)
'/=====================================================================================2019-11-16 15:54:07/'
array (
  'weid' => '4',
  'uniacid' => '4',
  'result' => 'success',
  'type' => 'wechat',
  'tid' => '2019111615532200001347340272',
  'uniontid' => '2019111615532200001347340272',
  'user' => 'oU4Jcv-C0k018iVq4tp8gh-0ygLg',
  'fee' => '6.80',
  'tag' => 
  array (
    'acid' => '4',
    'uid' => '2817',
    'transaction_id' => '4200000456201911165393336408',
  ),
  'is_usecard' => '0',
  'card_type' => '0',
  'card_fee' => '6.80',
  'card_id' => '',
  'from' => 'return',
)
'/=====================================================================================2019-11-16 15:54:08/'
array (
  'weid' => '4',
  'uniacid' => '4',
  'result' => 'success',
  'type' => 'wechat',
  'tid' => '2019111615532200001347340272',
  'uniontid' => '2019111615532200001347340272',
  'user' => 'oU4Jcv-C0k018iVq4tp8gh-0ygLg',
  'fee' => '6.80',
  'tag' => 
  array (
    'acid' => '4',
    'uid' => '2817',
    'transaction_id' => '4200000456201911165393336408',
  ),
  'is_usecard' => '0',
  'card_type' => '0',
  'card_fee' => '6.80',
  'card_id' => '',
  'from' => 'return',
)
'/=====================================================================================2019-11-16 15:54:11/'
array (
  'weid' => '4',
  'uniacid' => '4',
  'result' => 'success',
  'type' => 'wechat',
  'tid' => '2019111615532200001347340272',
  'uniontid' => '2019111615532200001347340272',
  'user' => 'oU4Jcv-C0k018iVq4tp8gh-0ygLg',
  'fee' => '6.80',
  'tag' => 
  array (
    'acid' => '4',
    'uid' => '2817',
    'transaction_id' => '4200000456201911165393336408',
  ),
  'is_usecard' => '0',
  'card_type' => '0',
  'card_fee' => '6.80',
  'card_id' => '',
  'from' => 'return',
)
'/=====================================================================================2019-11-16 15:54:12/'
array (
  'weid' => '4',
  'uniacid' => '4',
  'result' => 'success',
  'type' => 'wechat',
  'tid' => '2019111615532200001347340272',
  'uniontid' => '2019111615532200001347340272',
  'user' => 'oU4Jcv-C0k018iVq4tp8gh-0ygLg',
  'fee' => '6.80',
  'tag' => 
  array (
    'acid' => '4',
    'uid' => '2817',
    'transaction_id' => '4200000456201911165393336408',
  ),
  'is_usecard' => '0',
  'card_type' => '0',
  'card_fee' => '6.80',
  'card_id' => '',
  'from' => 'return',
)
'/=====================================================================================2019-11-16 16:24:50/'
array (
  'weid' => '4',
  'uniacid' => '4',
  'result' => 'success',
  'type' => 'wechat',
  'tid' => '2019111616242100001325168869',
  'uniontid' => '2019111616242100001325168869',
  'user' => 'oU4Jcv1AFuOeOcqnv1qcuAKYju9k',
  'fee' => '79.00',
  'tag' => 
  array (
    'acid' => '4',
    'uid' => NULL,
    'transaction_id' => '4200000454201911164221647533',
  ),
  'is_usecard' => '0',
  'card_type' => '0',
  'card_fee' => '79.00',
  'card_id' => '',
  'from' => 'return',
)
'/=====================================================================================2019-11-16 16:47:00/'
array (
  'weid' => '4',
  'uniacid' => '4',
  'result' => 'success',
  'type' => 'wechat',
  'tid' => '2019111616464900001386020218',
  'uniontid' => '2019111616464900001386020218',
  'user' => 'oU4Jcv-QQ4RsLf6OYHyJtMNGZrHg',
  'fee' => '79.00',
  'tag' => 
  array (
    'acid' => '4',
    'uid' => '136',
    'transaction_id' => '4200000469201911161576665571',
  ),
  'is_usecard' => '0',
  'card_type' => '0',
  'card_fee' => '79.00',
  'card_id' => '',
  'from' => 'return',
)
'/=====================================================================================2019-11-16 17:02:58/'
array (
  'weid' => '4',
  'uniacid' => '4',
  'result' => 'success',
  'type' => 'wechat',
  'tid' => '2019111617024700001342657569',
  'uniontid' => '2019111617024700001342657569',
  'user' => 'oU4JcvzNi_P9991XJqT7CLzdTKgk',
  'fee' => '6.80',
  'tag' => 
  array (
    'acid' => '4',
    'uid' => '2865',
    'transaction_id' => '4200000458201911163252504110',
  ),
  'is_usecard' => '0',
  'card_type' => '0',
  'card_fee' => '6.80',
  'card_id' => '',
  'from' => 'return',
)
'/=====================================================================================2019-11-16 17:03:32/'
array (
  'weid' => '4',
  'uniacid' => '4',
  'result' => 'success',
  'type' => 'wechat',
  'tid' => '2019111617024700001342657569',
  'uniontid' => '2019111617024700001342657569',
  'user' => 'oU4JcvzNi_P9991XJqT7CLzdTKgk',
  'fee' => '6.80',
  'tag' => 
  array (
    'acid' => '4',
    'uid' => '2865',
    'transaction_id' => '4200000458201911163252504110',
  ),
  'is_usecard' => '0',
  'card_type' => '0',
  'card_fee' => '6.80',
  'card_id' => '',
  'from' => 'return',
)
'/=====================================================================================2019-11-16 17:03:34/'
array (
  'weid' => '4',
  'uniacid' => '4',
  'result' => 'success',
  'type' => 'wechat',
  'tid' => '2019111617024700001342657569',
  'uniontid' => '2019111617024700001342657569',
  'user' => 'oU4JcvzNi_P9991XJqT7CLzdTKgk',
  'fee' => '6.80',
  'tag' => 
  array (
    'acid' => '4',
    'uid' => '2865',
    'transaction_id' => '4200000458201911163252504110',
  ),
  'is_usecard' => '0',
  'card_type' => '0',
  'card_fee' => '6.80',
  'card_id' => '',
  'from' => 'return',
)
'/=====================================================================================2019-11-16 17:03:36/'
array (
  'weid' => '4',
  'uniacid' => '4',
  'result' => 'success',
  'type' => 'wechat',
  'tid' => '2019111617024700001342657569',
  'uniontid' => '2019111617024700001342657569',
  'user' => 'oU4JcvzNi_P9991XJqT7CLzdTKgk',
  'fee' => '6.80',
  'tag' => 
  array (
    'acid' => '4',
    'uid' => '2865',
    'transaction_id' => '4200000458201911163252504110',
  ),
  'is_usecard' => '0',
  'card_type' => '0',
  'card_fee' => '6.80',
  'card_id' => '',
  'from' => 'return',
)
'/=====================================================================================2019-11-16 17:03:39/'
array (
  'weid' => '4',
  'uniacid' => '4',
  'result' => 'success',
  'type' => 'wechat',
  'tid' => '2019111617024700001342657569',
  'uniontid' => '2019111617024700001342657569',
  'user' => 'oU4JcvzNi_P9991XJqT7CLzdTKgk',
  'fee' => '6.80',
  'tag' => 
  array (
    'acid' => '4',
    'uid' => '2865',
    'transaction_id' => '4200000458201911163252504110',
  ),
  'is_usecard' => '0',
  'card_type' => '0',
  'card_fee' => '6.80',
  'card_id' => '',
  'from' => 'return',
)
'/=====================================================================================2019-11-16 17:03:41/'
array (
  'weid' => '4',
  'uniacid' => '4',
  'result' => 'success',
  'type' => 'wechat',
  'tid' => '2019111617024700001342657569',
  'uniontid' => '2019111617024700001342657569',
  'user' => 'oU4JcvzNi_P9991XJqT7CLzdTKgk',
  'fee' => '6.80',
  'tag' => 
  array (
    'acid' => '4',
    'uid' => '2865',
    'transaction_id' => '4200000458201911163252504110',
  ),
  'is_usecard' => '0',
  'card_type' => '0',
  'card_fee' => '6.80',
  'card_id' => '',
  'from' => 'return',
)
'/=====================================================================================2019-11-16 17:17:08/'
array (
  'weid' => '4',
  'uniacid' => '4',
  'result' => 'success',
  'type' => 'wechat',
  'tid' => '2019111617165800001322988284',
  'uniontid' => '2019111617165800001322988284',
  'user' => 'oU4Jcv1tQWdvsrT4AtDh9jEF1kG4',
  'fee' => '99.00',
  'tag' => 
  array (
    'acid' => '4',
    'uid' => '2872',
    'transaction_id' => '4200000464201911163465669790',
  ),
  'is_usecard' => '0',
  'card_type' => '0',
  'card_fee' => '99.00',
  'card_id' => '',
  'from' => 'return',
)
'/=====================================================================================2019-11-16 17:24:08/'
array (
  'weid' => '4',
  'uniacid' => '4',
  'result' => 'success',
  'type' => 'wechat',
  'tid' => '2019111617235700001316439786',
  'uniontid' => '2019111617235700001316439786',
  'user' => 'oU4Jcv-C0k018iVq4tp8gh-0ygLg',
  'fee' => '99.00',
  'tag' => 
  array (
    'acid' => '4',
    'uid' => '2817',
    'transaction_id' => '4200000464201911165741646042',
  ),
  'is_usecard' => '0',
  'card_type' => '0',
  'card_fee' => '99.00',
  'card_id' => '',
  'from' => 'return',
)
'/=====================================================================================2019-11-16 17:24:12/'
array (
  'weid' => '4',
  'uniacid' => '4',
  'result' => 'success',
  'type' => 'wechat',
  'tid' => '2019111617235700001316439786',
  'uniontid' => '2019111617235700001316439786',
  'user' => 'oU4Jcv-C0k018iVq4tp8gh-0ygLg',
  'fee' => '99.00',
  'tag' => 
  array (
    'acid' => '4',
    'uid' => '2817',
    'transaction_id' => '4200000464201911165741646042',
  ),
  'is_usecard' => '0',
  'card_type' => '0',
  'card_fee' => '99.00',
  'card_id' => '',
  'from' => 'return',
)
'/=====================================================================================2019-11-16 17:26:28/'
array (
  'weid' => '4',
  'uniacid' => '4',
  'result' => 'success',
  'type' => 'wechat',
  'tid' => '2019111617261700001348776722',
  'uniontid' => '2019111617261700001348776722',
  'user' => 'oU4JcvzNi_P9991XJqT7CLzdTKgk',
  'fee' => '99.00',
  'tag' => 
  array (
    'acid' => '4',
    'uid' => '2865',
    'transaction_id' => '4200000463201911169254174462',
  ),
  'is_usecard' => '0',
  'card_type' => '0',
  'card_fee' => '99.00',
  'card_id' => '',
  'from' => 'return',
)
'/=====================================================================================2019-11-16 17:26:33/'
array (
  'weid' => '4',
  'uniacid' => '4',
  'result' => 'success',
  'type' => 'wechat',
  'tid' => '2019111617261700001348776722',
  'uniontid' => '2019111617261700001348776722',
  'user' => 'oU4JcvzNi_P9991XJqT7CLzdTKgk',
  'fee' => '99.00',
  'tag' => 
  array (
    'acid' => '4',
    'uid' => '2865',
    'transaction_id' => '4200000463201911169254174462',
  ),
  'is_usecard' => '0',
  'card_type' => '0',
  'card_fee' => '99.00',
  'card_id' => '',
  'from' => 'return',
)
'/=====================================================================================2019-11-16 17:26:37/'
array (
  'weid' => '4',
  'uniacid' => '4',
  'result' => 'success',
  'type' => 'wechat',
  'tid' => '2019111617261700001348776722',
  'uniontid' => '2019111617261700001348776722',
  'user' => 'oU4JcvzNi_P9991XJqT7CLzdTKgk',
  'fee' => '99.00',
  'tag' => 
  array (
    'acid' => '4',
    'uid' => '2865',
    'transaction_id' => '4200000463201911169254174462',
  ),
  'is_usecard' => '0',
  'card_type' => '0',
  'card_fee' => '99.00',
  'card_id' => '',
  'from' => 'return',
)
'/=====================================================================================2019-11-16 17:26:38/'
array (
  'weid' => '4',
  'uniacid' => '4',
  'result' => 'success',
  'type' => 'wechat',
  'tid' => '2019111617261700001348776722',
  'uniontid' => '2019111617261700001348776722',
  'user' => 'oU4JcvzNi_P9991XJqT7CLzdTKgk',
  'fee' => '99.00',
  'tag' => 
  array (
    'acid' => '4',
    'uid' => '2865',
    'transaction_id' => '4200000463201911169254174462',
  ),
  'is_usecard' => '0',
  'card_type' => '0',
  'card_fee' => '99.00',
  'card_id' => '',
  'from' => 'return',
)
'/=====================================================================================2019-11-16 17:26:41/'
array (
  'weid' => '4',
  'uniacid' => '4',
  'result' => 'success',
  'type' => 'wechat',
  'tid' => '2019111617261700001348776722',
  'uniontid' => '2019111617261700001348776722',
  'user' => 'oU4JcvzNi_P9991XJqT7CLzdTKgk',
  'fee' => '99.00',
  'tag' => 
  array (
    'acid' => '4',
    'uid' => '2865',
    'transaction_id' => '4200000463201911169254174462',
  ),
  'is_usecard' => '0',
  'card_type' => '0',
  'card_fee' => '99.00',
  'card_id' => '',
  'from' => 'return',
)
'/=====================================================================================2019-11-16 17:53:03/'
array (
  'weid' => '4',
  'uniacid' => '4',
  'result' => 'success',
  'type' => 'wechat',
  'tid' => '2019111617525500001361646409',
  'uniontid' => '2019111617525500001361646409',
  'user' => 'oU4Jcv_AozEBtpioxy2lKrrArM1Y',
  'fee' => '6.80',
  'tag' => 
  array (
    'acid' => '4',
    'uid' => '2900',
    'transaction_id' => '4200000468201911166301641842',
  ),
  'is_usecard' => '0',
  'card_type' => '0',
  'card_fee' => '6.80',
  'card_id' => '',
  'from' => 'return',
)
'/=====================================================================================2019-11-16 22:57:33/'
array (
  'weid' => '4',
  'uniacid' => '4',
  'result' => 'success',
  'type' => 'wechat',
  'tid' => '2019111622505800001334760658',
  'uniontid' => '2019111622505800001334760658',
  'user' => 'oU4Jcv8MQECcbgctGZ1c1I9SbVe8',
  'fee' => '19.90',
  'tag' => 
  array (
    'acid' => '4',
    'uid' => '3042',
    'transaction_id' => '4200000469201911168227635899',
  ),
  'is_usecard' => '0',
  'card_type' => '0',
  'card_fee' => '19.90',
  'card_id' => '',
  'from' => 'return',
)
'/=====================================================================================2019-11-16 22:57:49/'
array (
  'weid' => '4',
  'uniacid' => '4',
  'result' => 'success',
  'type' => 'wechat',
  'tid' => '2019111622505800001334760658',
  'uniontid' => '2019111622505800001334760658',
  'user' => 'oU4Jcv8MQECcbgctGZ1c1I9SbVe8',
  'fee' => '19.90',
  'tag' => 
  array (
    'acid' => '4',
    'uid' => '3042',
    'transaction_id' => '4200000469201911168227635899',
  ),
  'is_usecard' => '0',
  'card_type' => '0',
  'card_fee' => '19.90',
  'card_id' => '',
  'from' => 'return',
)
