'/=====================================================================================2019-11-18 09:50:00/'
array (
  'weid' => '4',
  'uniacid' => '4',
  'result' => 'success',
  'type' => 'wechat',
  'tid' => '2019111809494900001343228259',
  'uniontid' => '2019111809494900001343228259',
  'user' => 'oU4Jcv9d3PXyTjDCxdPFLxrXcyiU',
  'fee' => '19.90',
  'tag' => 
  array (
    'acid' => '4',
    'uid' => '224',
    'transaction_id' => '4200000452201911183888036396',
  ),
  'is_usecard' => '0',
  'card_type' => '0',
  'card_fee' => '19.90',
  'card_id' => '',
  'from' => 'notify',
)
'/=====================================================================================2019-11-18 10:19:22/'
array (
  'weid' => '4',
  'uniacid' => '4',
  'result' => 'success',
  'type' => 'wechat',
  'tid' => '2019111810191200001346729688',
  'uniontid' => '2019111810191200001346729688',
  'user' => 'oU4Jcv6Aw3uhDuHF0b9Tqwwq6sV4',
  'fee' => '19.90',
  'tag' => 
  array (
    'acid' => '4',
    'uid' => '3404',
    'transaction_id' => '4200000457201911181552822359',
  ),
  'is_usecard' => '0',
  'card_type' => '0',
  'card_fee' => '19.90',
  'card_id' => '',
  'from' => 'notify',
)
'/=====================================================================================2019-11-18 10:23:57/'
array (
  'weid' => '4',
  'uniacid' => '4',
  'result' => 'success',
  'type' => 'wechat',
  'tid' => '2019111810234900001342792827',
  'uniontid' => '2019111810234900001342792827',
  'user' => 'oU4Jcv-jk6SX62VkOIhQ2EH58qyw',
  'fee' => '19.90',
  'tag' => 
  array (
    'acid' => '4',
    'uid' => '3408',
    'transaction_id' => '4200000469201911184566299351',
  ),
  'is_usecard' => '0',
  'card_type' => '0',
  'card_fee' => '19.90',
  'card_id' => '',
  'from' => 'notify',
)
'/=====================================================================================2019-11-18 10:36:10/'
array (
  'weid' => '4',
  'uniacid' => '4',
  'result' => 'success',
  'type' => 'wechat',
  'tid' => '2019111810360100001378273294',
  'uniontid' => '2019111810360100001378273294',
  'user' => 'oU4Jcv5z8oYXl_35iZSm6B35GITA',
  'fee' => '19.90',
  'tag' => 
  array (
    'acid' => '4',
    'uid' => '3422',
    'transaction_id' => '4200000464201911182401473978',
  ),
  'is_usecard' => '0',
  'card_type' => '0',
  'card_fee' => '19.90',
  'card_id' => '',
  'from' => 'notify',
)
'/=====================================================================================2019-11-18 10:37:47/'
array (
  'weid' => '4',
  'uniacid' => '4',
  'result' => 'success',
  'type' => 'wechat',
  'tid' => '2019111810374100001384609888',
  'uniontid' => '2019111810374100001384609888',
  'user' => 'oU4Jcv36OtHkRRrmAEP9Ad6iTRbo',
  'fee' => '6.80',
  'tag' => 
  array (
    'acid' => '4',
    'uid' => '3412',
    'transaction_id' => '4200000467201911184149556329',
  ),
  'is_usecard' => '0',
  'card_type' => '0',
  'card_fee' => '6.80',
  'card_id' => '',
  'from' => 'notify',
)
'/=====================================================================================2019-11-18 11:10:03/'
array (
  'weid' => '4',
  'uniacid' => '4',
  'result' => 'success',
  'type' => 'wechat',
  'tid' => '2019111811095600001380761675',
  'uniontid' => '2019111811095600001380761675',
  'user' => 'oU4Jcv2QS4shJ4h7fdGy8VmmeCzs',
  'fee' => '19.90',
  'tag' => 
  array (
    'acid' => '4',
    'uid' => NULL,
    'transaction_id' => '4200000459201911186347130914',
  ),
  'is_usecard' => '0',
  'card_type' => '0',
  'card_fee' => '19.90',
  'card_id' => '',
  'from' => 'notify',
)
'/=====================================================================================2019-11-18 11:48:36/'
array (
  'weid' => '4',
  'uniacid' => '4',
  'result' => 'success',
  'type' => 'wechat',
  'tid' => '2019111811482600001352220188',
  'uniontid' => '2019111811482600001352220188',
  'user' => 'oU4Jcv5U9aI1iQizq13dakSXcZfI',
  'fee' => '19.81',
  'tag' => 
  array (
    'acid' => '4',
    'uid' => '775',
    'transaction_id' => '4200000466201911183054054594',
  ),
  'is_usecard' => '0',
  'card_type' => '0',
  'card_fee' => '19.81',
  'card_id' => '',
  'from' => 'notify',
)
'/=====================================================================================2019-11-18 12:19:28/'
array (
  'weid' => '4',
  'uniacid' => '4',
  'result' => 'success',
  'type' => 'wechat',
  'tid' => '2019111812191900001343303680',
  'uniontid' => '2019111812191900001343303680',
  'user' => 'oU4Jcv6rGIQ2Ya4XdaQYA7vGp7eU',
  'fee' => '19.90',
  'tag' => 
  array (
    'acid' => '4',
    'uid' => NULL,
    'transaction_id' => '4200000454201911181569372816',
  ),
  'is_usecard' => '0',
  'card_type' => '0',
  'card_fee' => '19.90',
  'card_id' => '',
  'from' => 'notify',
)
'/=====================================================================================2019-11-18 12:45:41/'
array (
  'weid' => '4',
  'uniacid' => '4',
  'result' => 'success',
  'type' => 'wechat',
  'tid' => '2019111812452200001311425446',
  'uniontid' => '2019111812452200001311425446',
  'user' => 'oU4JcvxbJ3NgHqgCflRRx_EWWQRE',
  'fee' => '19.90',
  'tag' => 
  array (
    'acid' => '4',
    'uid' => NULL,
    'transaction_id' => '4200000467201911189106611471',
  ),
  'is_usecard' => '0',
  'card_type' => '0',
  'card_fee' => '19.90',
  'card_id' => '',
  'from' => 'notify',
)
'/=====================================================================================2019-11-18 12:59:25/'
array (
  'weid' => '4',
  'uniacid' => '4',
  'result' => 'success',
  'type' => 'wechat',
  'tid' => '2019111812591800001360774884',
  'uniontid' => '2019111812591800001360774884',
  'user' => 'oU4Jcv6pqXOTcBTNy36Ui1VtGuJ0',
  'fee' => '19.90',
  'tag' => 
  array (
    'acid' => '4',
    'uid' => '3485',
    'transaction_id' => '4200000456201911189117360866',
  ),
  'is_usecard' => '0',
  'card_type' => '0',
  'card_fee' => '19.90',
  'card_id' => '',
  'from' => 'notify',
)
'/=====================================================================================2019-11-18 13:07:11/'
array (
  'weid' => '4',
  'uniacid' => '4',
  'result' => 'success',
  'type' => 'wechat',
  'tid' => '2019111813070500001362324246',
  'uniontid' => '2019111813070500001362324246',
  'user' => 'oU4JcvwqmLTxN4mNweop6SrOfeY8',
  'fee' => '19.90',
  'tag' => 
  array (
    'acid' => '4',
    'uid' => '3488',
    'transaction_id' => '4200000466201911186050726823',
  ),
  'is_usecard' => '0',
  'card_type' => '0',
  'card_fee' => '19.90',
  'card_id' => '',
  'from' => 'notify',
)
'/=====================================================================================2019-11-18 13:07:19/'
array (
  'weid' => '4',
  'uniacid' => '4',
  'result' => 'success',
  'type' => 'wechat',
  'tid' => '2019111813071100001342322378',
  'uniontid' => '2019111813071100001342322378',
  'user' => 'oU4Jcv5RlCB6eT8yMqahZBF-9Lf8',
  'fee' => '19.90',
  'tag' => 
  array (
    'acid' => '4',
    'uid' => '1889',
    'transaction_id' => '4200000455201911187293002322',
  ),
  'is_usecard' => '0',
  'card_type' => '0',
  'card_fee' => '19.90',
  'card_id' => '',
  'from' => 'notify',
)
'/=====================================================================================2019-11-18 13:20:08/'
array (
  'weid' => '4',
  'uniacid' => '4',
  'result' => 'success',
  'type' => 'wechat',
  'tid' => '2019111813195900001304212102',
  'uniontid' => '2019111813195900001304212102',
  'user' => 'oU4Jcv8r_GbEleaa_8mZ3wdy2RdI',
  'fee' => '6.80',
  'tag' => 
  array (
    'acid' => '4',
    'uid' => '3493',
    'transaction_id' => '4200000465201911182994474830',
  ),
  'is_usecard' => '0',
  'card_type' => '0',
  'card_fee' => '6.80',
  'card_id' => '',
  'from' => 'notify',
)
'/=====================================================================================2019-11-18 14:53:44/'
array (
  'weid' => '4',
  'uniacid' => '4',
  'result' => 'success',
  'type' => 'wechat',
  'tid' => '2019111814522800001379669531',
  'uniontid' => '2019111814522800001379669531',
  'user' => 'oU4Jcv5AvRDgTF6UH0-CIPX5W5HY',
  'fee' => '6.80',
  'tag' => 
  array (
    'acid' => '4',
    'uid' => '3382',
    'transaction_id' => '4200000456201911188478813151',
  ),
  'is_usecard' => '0',
  'card_type' => '0',
  'card_fee' => '6.80',
  'card_id' => '',
  'from' => 'notify',
)
'/=====================================================================================2019-11-18 14:56:23/'
array (
  'weid' => '4',
  'uniacid' => '4',
  'result' => 'success',
  'type' => 'wechat',
  'tid' => '2019111814561300001329841027',
  'uniontid' => '2019111814561300001329841027',
  'user' => 'oU4Jcv_tJtQ-0j_4C7EbUcK-niRc',
  'fee' => '6.80',
  'tag' => 
  array (
    'acid' => '4',
    'uid' => '3553',
    'transaction_id' => '4200000466201911187909203515',
  ),
  'is_usecard' => '0',
  'card_type' => '0',
  'card_fee' => '6.80',
  'card_id' => '',
  'from' => 'notify',
)
'/=====================================================================================2019-11-18 16:26:38/'
array (
  'weid' => '4',
  'uniacid' => '4',
  'result' => 'success',
  'type' => 'wechat',
  'tid' => '2019111816262700001348482124',
  'uniontid' => '2019111816262700001348482124',
  'user' => 'oU4Jcv1r2b7Q-x7Ob27ONX-okTCA',
  'fee' => '19.90',
  'tag' => 
  array (
    'acid' => '4',
    'uid' => '3607',
    'transaction_id' => '4200000470201911180813907844',
  ),
  'is_usecard' => '0',
  'card_type' => '0',
  'card_fee' => '19.90',
  'card_id' => '',
  'from' => 'notify',
)
'/=====================================================================================2019-11-18 17:02:48/'
array (
  'weid' => '4',
  'uniacid' => '4',
  'result' => 'success',
  'type' => 'wechat',
  'tid' => '2019111817020200001388858850',
  'uniontid' => '2019111817020200001388858850',
  'user' => 'oU4Jcv-H1UaoLc33YhQbwFY6fXPY',
  'fee' => '19.85',
  'tag' => 
  array (
    'acid' => '4',
    'uid' => '3618',
    'transaction_id' => '4200000461201911186987960722',
  ),
  'is_usecard' => '0',
  'card_type' => '0',
  'card_fee' => '19.85',
  'card_id' => '',
  'from' => 'notify',
)
'/=====================================================================================2019-11-18 17:06:38/'
array (
  'weid' => '4',
  'uniacid' => '4',
  'result' => 'success',
  'type' => 'wechat',
  'tid' => '2019111817062800001314040979',
  'uniontid' => '2019111817062800001314040979',
  'user' => 'oU4Jcv-aJr6SE-iSREUCEYEbhLKs',
  'fee' => '19.90',
  'tag' => 
  array (
    'acid' => '4',
    'uid' => '3624',
    'transaction_id' => '4200000466201911180394782368',
  ),
  'is_usecard' => '0',
  'card_type' => '0',
  'card_fee' => '19.90',
  'card_id' => '',
  'from' => 'notify',
)
'/=====================================================================================2019-11-18 17:44:43/'
array (
  'weid' => '4',
  'uniacid' => '4',
  'result' => 'success',
  'type' => 'wechat',
  'tid' => '2019111817410900001319026862',
  'uniontid' => '2019111817410900001319026862',
  'user' => 'oU4JcvxxUUzzDQK-tXA0lW7E3lb0',
  'fee' => '98.00',
  'tag' => 
  array (
    'acid' => '4',
    'uid' => '345',
    'transaction_id' => '4200000471201911183469125444',
  ),
  'is_usecard' => '0',
  'card_type' => '0',
  'card_fee' => '98.00',
  'card_id' => '',
  'from' => 'notify',
)
'/=====================================================================================2019-11-18 18:22:08/'
array (
  'weid' => '4',
  'uniacid' => '4',
  'result' => 'success',
  'type' => 'wechat',
  'tid' => '2019111818215900001306262084',
  'uniontid' => '2019111818215900001306262084',
  'user' => 'oU4JcvyqkCRjtvnnSe8aKBWfRtiM',
  'fee' => '19.90',
  'tag' => 
  array (
    'acid' => '4',
    'uid' => '3660',
    'transaction_id' => '4200000467201911185808956023',
  ),
  'is_usecard' => '0',
  'card_type' => '0',
  'card_fee' => '19.90',
  'card_id' => '',
  'from' => 'notify',
)
'/=====================================================================================2019-11-18 18:25:33/'
array (
  'weid' => '4',
  'uniacid' => '4',
  'result' => 'success',
  'type' => 'wechat',
  'tid' => '2019111818251700001366848844',
  'uniontid' => '2019111818251700001366848844',
  'user' => 'oU4JcvxiU6cSbDH-cPWS8kH4Dm1U',
  'fee' => '19.90',
  'tag' => 
  array (
    'acid' => '4',
    'uid' => '3670',
    'transaction_id' => '4200000469201911185327516396',
  ),
  'is_usecard' => '0',
  'card_type' => '0',
  'card_fee' => '19.90',
  'card_id' => '',
  'from' => 'notify',
)
'/=====================================================================================2019-11-18 18:41:54/'
array (
  'weid' => '4',
  'uniacid' => '4',
  'result' => 'success',
  'type' => 'wechat',
  'tid' => '2019111818414500001300544806',
  'uniontid' => '2019111818414500001300544806',
  'user' => 'oU4Jcv8fZajc0cXotr_AK3sUhNuY',
  'fee' => '19.85',
  'tag' => 
  array (
    'acid' => '4',
    'uid' => '1045',
    'transaction_id' => '4200000452201911185160939944',
  ),
  'is_usecard' => '0',
  'card_type' => '0',
  'card_fee' => '19.85',
  'card_id' => '',
  'from' => 'notify',
)
'/=====================================================================================2019-11-18 18:45:02/'
array (
  'weid' => '4',
  'uniacid' => '4',
  'result' => 'success',
  'type' => 'wechat',
  'tid' => '2019111818445100001387854680',
  'uniontid' => '2019111818445100001387854680',
  'user' => 'oU4Jcv5j-g5fqGNvV42FVe5pJuho',
  'fee' => '19.79',
  'tag' => 
  array (
    'acid' => '4',
    'uid' => '211',
    'transaction_id' => '4200000464201911187901919987',
  ),
  'is_usecard' => '0',
  'card_type' => '0',
  'card_fee' => '19.79',
  'card_id' => '',
  'from' => 'notify',
)
'/=====================================================================================2019-11-18 18:59:26/'
array (
  'weid' => '4',
  'uniacid' => '4',
  'result' => 'success',
  'type' => 'wechat',
  'tid' => '2019111818591500001361796766',
  'uniontid' => '2019111818591500001361796766',
  'user' => 'oU4Jcv-KxWowBQUwoS_2CARL_qF4',
  'fee' => '19.90',
  'tag' => 
  array (
    'acid' => '4',
    'uid' => '3680',
    'transaction_id' => '4200000458201911181260357870',
  ),
  'is_usecard' => '0',
  'card_type' => '0',
  'card_fee' => '19.90',
  'card_id' => '',
  'from' => 'notify',
)
'/=====================================================================================2019-11-18 19:06:04/'
array (
  'weid' => '4',
  'uniacid' => '4',
  'result' => 'success',
  'type' => 'wechat',
  'tid' => '2019111819055400001363450222',
  'uniontid' => '2019111819055400001363450222',
  'user' => 'oU4Jcv8ZNP3kRHLZhxcbLhtA5_fc',
  'fee' => '19.90',
  'tag' => 
  array (
    'acid' => '4',
    'uid' => '3208',
    'transaction_id' => '4200000460201911184166364043',
  ),
  'is_usecard' => '0',
  'card_type' => '0',
  'card_fee' => '19.90',
  'card_id' => '',
  'from' => 'notify',
)
'/=====================================================================================2019-11-18 20:24:37/'
array (
  'weid' => '4',
  'uniacid' => '4',
  'result' => 'success',
  'type' => 'wechat',
  'tid' => '2019111820223700001388269465',
  'uniontid' => '2019111820223700001388269465',
  'user' => 'oU4Jcv3h9LqjBgIwnbIhWAuJtArU',
  'fee' => '19.90',
  'tag' => 
  array (
    'acid' => '4',
    'uid' => '3740',
    'transaction_id' => '4200000467201911185332744630',
  ),
  'is_usecard' => '0',
  'card_type' => '0',
  'card_fee' => '19.90',
  'card_id' => '',
  'from' => 'notify',
)
'/=====================================================================================2019-11-18 20:49:53/'
array (
  'weid' => '4',
  'uniacid' => '4',
  'result' => 'success',
  'type' => 'wechat',
  'tid' => '2019111820494400001364464244',
  'uniontid' => '2019111820494400001364464244',
  'user' => 'oU4Jcv6oMAjONllpheaHhLfZ3eZM',
  'fee' => '19.90',
  'tag' => 
  array (
    'acid' => '4',
    'uid' => '3754',
    'transaction_id' => '4200000462201911188639989901',
  ),
  'is_usecard' => '0',
  'card_type' => '0',
  'card_fee' => '19.90',
  'card_id' => '',
  'from' => 'notify',
)
'/=====================================================================================2019-11-18 21:08:06/'
array (
  'weid' => '4',
  'uniacid' => '4',
  'result' => 'success',
  'type' => 'wechat',
  'tid' => '2019111821075300001351964520',
  'uniontid' => '2019111821075300001351964520',
  'user' => 'oU4Jcvzhk43QFGA6jdjqHoxnAI24',
  'fee' => '19.90',
  'tag' => 
  array (
    'acid' => '4',
    'uid' => '3762',
    'transaction_id' => '4200000469201911182127138250',
  ),
  'is_usecard' => '0',
  'card_type' => '0',
  'card_fee' => '19.90',
  'card_id' => '',
  'from' => 'notify',
)
'/=====================================================================================2019-11-18 21:11:14/'
array (
  'weid' => '4',
  'uniacid' => '4',
  'result' => 'success',
  'type' => 'wechat',
  'tid' => '2019111821095500001316856959',
  'uniontid' => '2019111821095500001316856959',
  'user' => 'oU4Jcv0NM6-eFrUbDEyxWKxpx0xc',
  'fee' => '19.90',
  'tag' => 
  array (
    'acid' => '4',
    'uid' => '3763',
    'transaction_id' => '4200000466201911183669149471',
  ),
  'is_usecard' => '0',
  'card_type' => '0',
  'card_fee' => '19.90',
  'card_id' => '',
  'from' => 'notify',
)
'/=====================================================================================2019-11-18 21:34:19/'
array (
  'weid' => '4',
  'uniacid' => '4',
  'result' => 'success',
  'type' => 'wechat',
  'tid' => '2019111821341200001320281648',
  'uniontid' => '2019111821341200001320281648',
  'user' => 'oU4Jcv7CvXJDwvh8vYpk0kek6Qek',
  'fee' => '6.80',
  'tag' => 
  array (
    'acid' => '4',
    'uid' => '3775',
    'transaction_id' => '4200000468201911180446605554',
  ),
  'is_usecard' => '0',
  'card_type' => '0',
  'card_fee' => '6.80',
  'card_id' => '',
  'from' => 'notify',
)
'/=====================================================================================2019-11-18 22:25:13/'
array (
  'weid' => '4',
  'uniacid' => '4',
  'result' => 'success',
  'type' => 'wechat',
  'tid' => '2019111822245600001352136814',
  'uniontid' => '2019111822245600001352136814',
  'user' => 'oU4Jcvw1lFQWvduliNIubafPN3Ks',
  'fee' => '19.90',
  'tag' => 
  array (
    'acid' => '4',
    'uid' => '3792',
    'transaction_id' => '4200000457201911185491974021',
  ),
  'is_usecard' => '0',
  'card_type' => '0',
  'card_fee' => '19.90',
  'card_id' => '',
  'from' => 'notify',
)
