'/=====================================================================================2019-11-15 10:30:58/'
array (
  'weid' => '4',
  'uniacid' => '4',
  'result' => 'success',
  'type' => 'wechat',
  'tid' => '2019111510304700001384440898',
  'uniontid' => '2019111510304700001384440898',
  'user' => 'oU4Jcvy4GmVMxJ557QwdhcsDnnGg',
  'fee' => '19.90',
  'tag' => 
  array (
    'acid' => '4',
    'uid' => '171',
    'transaction_id' => '4200000458201911156789988501',
  ),
  'is_usecard' => '0',
  'card_type' => '0',
  'card_fee' => '19.90',
  'card_id' => '',
  'from' => 'return',
)
'/=====================================================================================2019-11-15 10:40:39/'
array (
  'weid' => '4',
  'uniacid' => '4',
  'result' => 'success',
  'type' => 'wechat',
  'tid' => '2019111510402600001383448652',
  'uniontid' => '2019111510402600001383448652',
  'user' => 'oU4Jcv-6Dz6AqxcPN4dtVxmAbDHg',
  'fee' => '3.90',
  'tag' => 
  array (
    'acid' => '4',
    'uid' => '221',
    'transaction_id' => '4200000452201911153719482293',
  ),
  'is_usecard' => '0',
  'card_type' => '0',
  'card_fee' => '3.90',
  'card_id' => '',
  'from' => 'return',
)
'/=====================================================================================2019-11-15 11:41:11/'
array (
  'weid' => '4',
  'uniacid' => '4',
  'result' => 'success',
  'type' => 'wechat',
  'tid' => '2019111511404200001398404938',
  'uniontid' => '2019111511404200001398404938',
  'user' => 'oU4Jcv1E4XoT7P0xVzoKoUf2Yus0',
  'fee' => '19.90',
  'tag' => 
  array (
    'acid' => '4',
    'uid' => '316',
    'transaction_id' => '4200000452201911158385183438',
  ),
  'is_usecard' => '0',
  'card_type' => '0',
  'card_fee' => '19.90',
  'card_id' => '',
  'from' => 'return',
)
'/=====================================================================================2019-11-15 11:47:34/'
array (
  'weid' => '4',
  'uniacid' => '4',
  'result' => 'success',
  'type' => 'wechat',
  'tid' => '2019111511472100001328844987',
  'uniontid' => '2019111511472100001328844987',
  'user' => 'oU4JcvwqRJryIOdUXyjyPF4MGyKI',
  'fee' => '3.90',
  'tag' => 
  array (
    'acid' => '4',
    'uid' => '198',
    'transaction_id' => '4200000460201911153975241746',
  ),
  'is_usecard' => '0',
  'card_type' => '0',
  'card_fee' => '3.90',
  'card_id' => '',
  'from' => 'return',
)
'/=====================================================================================2019-11-15 13:22:47/'
array (
  'weid' => '4',
  'uniacid' => '4',
  'result' => 'success',
  'type' => 'wechat',
  'tid' => '2019111513223800001396834553',
  'uniontid' => '2019111513223800001396834553',
  'user' => 'oU4Jcv-0xsxmY1_H7iq5LVzDmPMY',
  'fee' => '3.90',
  'tag' => 
  array (
    'acid' => '4',
    'uid' => NULL,
    'transaction_id' => '4200000465201911156611232140',
  ),
  'is_usecard' => '0',
  'card_type' => '0',
  'card_fee' => '3.90',
  'card_id' => '',
  'from' => 'return',
)
'/=====================================================================================2019-11-15 13:54:10/'
array (
  'weid' => '4',
  'uniacid' => '4',
  'result' => 'success',
  'type' => 'wechat',
  'tid' => '2019111513535900001328474519',
  'uniontid' => '2019111513535900001328474519',
  'user' => 'oU4Jcv6NQzjtSgw2MEBYhvrwPgSc',
  'fee' => '79.00',
  'tag' => 
  array (
    'acid' => '4',
    'uid' => '1546',
    'transaction_id' => '4200000453201911155992450755',
  ),
  'is_usecard' => '0',
  'card_type' => '0',
  'card_fee' => '79.00',
  'card_id' => '',
  'from' => 'return',
)
'/=====================================================================================2019-11-15 14:58:13/'
array (
  'weid' => '4',
  'uniacid' => '4',
  'result' => 'success',
  'type' => 'wechat',
  'tid' => '2019111514580200001312570426',
  'uniontid' => '2019111514580200001312570426',
  'user' => 'oU4Jcv_-aQ8tapegu3qr-L36qKeA',
  'fee' => '3.90',
  'tag' => 
  array (
    'acid' => '4',
    'uid' => '1640',
    'transaction_id' => '4200000468201911152649320113',
  ),
  'is_usecard' => '0',
  'card_type' => '0',
  'card_fee' => '3.90',
  'card_id' => '',
  'from' => 'return',
)
'/=====================================================================================2019-11-15 15:33:11/'
array (
  'weid' => '4',
  'uniacid' => '4',
  'result' => 'success',
  'type' => 'wechat',
  'tid' => '2019111515330000001318958654',
  'uniontid' => '2019111515330000001318958654',
  'user' => 'oU4JcvyRmiZCVJ8FtO8zrlofRBcU',
  'fee' => '38.00',
  'tag' => 
  array (
    'acid' => '4',
    'uid' => '187',
    'transaction_id' => '4200000455201911156238509837',
  ),
  'is_usecard' => '0',
  'card_type' => '0',
  'card_fee' => '38.00',
  'card_id' => '',
  'from' => 'return',
)
'/=====================================================================================2019-11-15 16:11:55/'
array (
  'weid' => '4',
  'uniacid' => '4',
  'result' => 'success',
  'type' => 'wechat',
  'tid' => '2019111516111900001316422228',
  'uniontid' => '2019111516111900001316422228',
  'user' => 'oU4Jcv-vW-yRx5P9dnSvxAAFkOvw',
  'fee' => '3.90',
  'tag' => 
  array (
    'acid' => '4',
    'uid' => '165',
    'transaction_id' => '4200000471201911155660897991',
  ),
  'is_usecard' => '0',
  'card_type' => '0',
  'card_fee' => '3.90',
  'card_id' => '',
  'from' => 'return',
)
'/=====================================================================================2019-11-15 16:12:24/'
array (
  'weid' => '4',
  'uniacid' => '4',
  'result' => 'success',
  'type' => 'wechat',
  'tid' => '2019111516111900001316422228',
  'uniontid' => '2019111516111900001316422228',
  'user' => 'oU4Jcv-vW-yRx5P9dnSvxAAFkOvw',
  'fee' => '3.90',
  'tag' => 
  array (
    'acid' => '4',
    'uid' => '165',
    'transaction_id' => '4200000471201911155660897991',
  ),
  'is_usecard' => '0',
  'card_type' => '0',
  'card_fee' => '3.90',
  'card_id' => '',
  'from' => 'return',
)
'/=====================================================================================2019-11-15 16:12:30/'
array (
  'weid' => '4',
  'uniacid' => '4',
  'result' => 'success',
  'type' => 'wechat',
  'tid' => '2019111516111900001316422228',
  'uniontid' => '2019111516111900001316422228',
  'user' => 'oU4Jcv-vW-yRx5P9dnSvxAAFkOvw',
  'fee' => '3.90',
  'tag' => 
  array (
    'acid' => '4',
    'uid' => '165',
    'transaction_id' => '4200000471201911155660897991',
  ),
  'is_usecard' => '0',
  'card_type' => '0',
  'card_fee' => '3.90',
  'card_id' => '',
  'from' => 'return',
)
'/=====================================================================================2019-11-15 16:12:33/'
array (
  'weid' => '4',
  'uniacid' => '4',
  'result' => 'success',
  'type' => 'wechat',
  'tid' => '2019111516111900001316422228',
  'uniontid' => '2019111516111900001316422228',
  'user' => 'oU4Jcv-vW-yRx5P9dnSvxAAFkOvw',
  'fee' => '3.90',
  'tag' => 
  array (
    'acid' => '4',
    'uid' => '165',
    'transaction_id' => '4200000471201911155660897991',
  ),
  'is_usecard' => '0',
  'card_type' => '0',
  'card_fee' => '3.90',
  'card_id' => '',
  'from' => 'return',
)
'/=====================================================================================2019-11-15 16:12:39/'
array (
  'weid' => '4',
  'uniacid' => '4',
  'result' => 'success',
  'type' => 'wechat',
  'tid' => '2019111516111900001316422228',
  'uniontid' => '2019111516111900001316422228',
  'user' => 'oU4Jcv-vW-yRx5P9dnSvxAAFkOvw',
  'fee' => '3.90',
  'tag' => 
  array (
    'acid' => '4',
    'uid' => '165',
    'transaction_id' => '4200000471201911155660897991',
  ),
  'is_usecard' => '0',
  'card_type' => '0',
  'card_fee' => '3.90',
  'card_id' => '',
  'from' => 'return',
)
'/=====================================================================================2019-11-15 16:48:03/'
array (
  'weid' => '4',
  'uniacid' => '4',
  'result' => 'success',
  'type' => 'wechat',
  'tid' => '2019111516475500001382168446',
  'uniontid' => '2019111516475500001382168446',
  'user' => 'oU4Jcv9O1bvtDnaS7MVkktIwDTvc',
  'fee' => '99.00',
  'tag' => 
  array (
    'acid' => '4',
    'uid' => '1864',
    'transaction_id' => '4200000463201911150835135004',
  ),
  'is_usecard' => '0',
  'card_type' => '0',
  'card_fee' => '99.00',
  'card_id' => '',
  'from' => 'return',
)
'/=====================================================================================2019-11-15 17:17:57/'
array (
  'weid' => '4',
  'uniacid' => '4',
  'result' => 'success',
  'type' => 'wechat',
  'tid' => '2019111517174900001343966458',
  'uniontid' => '2019111517174900001343966458',
  'user' => 'oU4Jcv_7Wv-3izk5anI2IUxy5WRk',
  'fee' => '3.90',
  'tag' => 
  array (
    'acid' => '4',
    'uid' => '1221',
    'transaction_id' => '4200000458201911153159347827',
  ),
  'is_usecard' => '0',
  'card_type' => '0',
  'card_fee' => '3.90',
  'card_id' => '',
  'from' => 'return',
)
'/=====================================================================================2019-11-15 17:19:09/'
array (
  'weid' => '4',
  'uniacid' => '4',
  'result' => 'success',
  'type' => 'wechat',
  'tid' => '2019111517185400001384803076',
  'uniontid' => '2019111517185400001384803076',
  'user' => 'oU4Jcv3C1KuSqArCmOWYKvpXPz-8',
  'fee' => '3.90',
  'tag' => 
  array (
    'acid' => '4',
    'uid' => '107',
    'transaction_id' => '4200000453201911158788816955',
  ),
  'is_usecard' => '0',
  'card_type' => '0',
  'card_fee' => '3.90',
  'card_id' => '',
  'from' => 'return',
)
'/=====================================================================================2019-11-15 17:19:44/'
array (
  'weid' => '4',
  'uniacid' => '4',
  'result' => 'success',
  'type' => 'wechat',
  'tid' => '2019111517185400001384803076',
  'uniontid' => '2019111517185400001384803076',
  'user' => 'oU4Jcv3C1KuSqArCmOWYKvpXPz-8',
  'fee' => '3.90',
  'tag' => 
  array (
    'acid' => '4',
    'uid' => '107',
    'transaction_id' => '4200000453201911158788816955',
  ),
  'is_usecard' => '0',
  'card_type' => '0',
  'card_fee' => '3.90',
  'card_id' => '',
  'from' => 'return',
)
'/=====================================================================================2019-11-15 17:41:11/'
array (
  'weid' => '4',
  'uniacid' => '4',
  'result' => 'success',
  'type' => 'wechat',
  'tid' => '2019111517405500001391296486',
  'uniontid' => '2019111517405500001391296486',
  'user' => 'oU4Jcv_T7CUx7Ntct_M9fcNl7vAw',
  'fee' => '3.90',
  'tag' => 
  array (
    'acid' => '4',
    'uid' => '303',
    'transaction_id' => '4200000469201911150909358310',
  ),
  'is_usecard' => '0',
  'card_type' => '0',
  'card_fee' => '3.90',
  'card_id' => '',
  'from' => 'return',
)
'/=====================================================================================2019-11-15 17:57:23/'
array (
  'weid' => '4',
  'uniacid' => '4',
  'result' => 'success',
  'type' => 'wechat',
  'tid' => '2019111517405500001391296486',
  'uniontid' => '2019111517405500001391296486',
  'user' => 'oU4Jcv_T7CUx7Ntct_M9fcNl7vAw',
  'fee' => '3.90',
  'tag' => 
  array (
    'acid' => '4',
    'uid' => '303',
    'transaction_id' => '4200000469201911150909358310',
  ),
  'is_usecard' => '0',
  'card_type' => '0',
  'card_fee' => '3.90',
  'card_id' => '',
  'from' => 'return',
)
'/=====================================================================================2019-11-15 17:57:25/'
array (
  'weid' => '4',
  'uniacid' => '4',
  'result' => 'success',
  'type' => 'wechat',
  'tid' => '2019111517405500001391296486',
  'uniontid' => '2019111517405500001391296486',
  'user' => 'oU4Jcv_T7CUx7Ntct_M9fcNl7vAw',
  'fee' => '3.90',
  'tag' => 
  array (
    'acid' => '4',
    'uid' => '303',
    'transaction_id' => '4200000469201911150909358310',
  ),
  'is_usecard' => '0',
  'card_type' => '0',
  'card_fee' => '3.90',
  'card_id' => '',
  'from' => 'return',
)
'/=====================================================================================2019-11-15 17:57:28/'
array (
  'weid' => '4',
  'uniacid' => '4',
  'result' => 'success',
  'type' => 'wechat',
  'tid' => '2019111517405500001391296486',
  'uniontid' => '2019111517405500001391296486',
  'user' => 'oU4Jcv_T7CUx7Ntct_M9fcNl7vAw',
  'fee' => '3.90',
  'tag' => 
  array (
    'acid' => '4',
    'uid' => '303',
    'transaction_id' => '4200000469201911150909358310',
  ),
  'is_usecard' => '0',
  'card_type' => '0',
  'card_fee' => '3.90',
  'card_id' => '',
  'from' => 'return',
)
'/=====================================================================================2019-11-15 18:01:10/'
array (
  'weid' => '4',
  'uniacid' => '4',
  'result' => 'success',
  'type' => 'wechat',
  'tid' => '2019111518010200001384882654',
  'uniontid' => '2019111518010200001384882654',
  'user' => 'oU4Jcv9ZvDljCT2jn96HTFj7bVvE',
  'fee' => '79.00',
  'tag' => 
  array (
    'acid' => '4',
    'uid' => '222',
    'transaction_id' => '4200000469201911150824977330',
  ),
  'is_usecard' => '0',
  'card_type' => '0',
  'card_fee' => '79.00',
  'card_id' => '',
  'from' => 'return',
)
'/=====================================================================================2019-11-15 19:05:44/'
array (
  'weid' => '4',
  'uniacid' => '4',
  'result' => 'success',
  'type' => 'wechat',
  'tid' => '2019111519053200001328816222',
  'uniontid' => '2019111519053200001328816222',
  'user' => 'oU4Jcv1nI5MBHpekjtKfQF938hZo',
  'fee' => '6.80',
  'tag' => 
  array (
    'acid' => '4',
    'uid' => '2079',
    'transaction_id' => '4200000463201911151697195573',
  ),
  'is_usecard' => '0',
  'card_type' => '0',
  'card_fee' => '6.80',
  'card_id' => '',
  'from' => 'return',
)
'/=====================================================================================2019-11-15 19:24:42/'
array (
  'weid' => '4',
  'uniacid' => '4',
  'result' => 'success',
  'type' => 'wechat',
  'tid' => '2019111519242200001326786468',
  'uniontid' => '2019111519242200001326786468',
  'user' => 'oU4Jcv9lwcYTncaQMSYQckoDfGls',
  'fee' => '6.80',
  'tag' => 
  array (
    'acid' => '4',
    'uid' => '2101',
    'transaction_id' => '4200000456201911152668404638',
  ),
  'is_usecard' => '0',
  'card_type' => '0',
  'card_fee' => '6.80',
  'card_id' => '',
  'from' => 'return',
)
'/=====================================================================================2019-11-15 19:25:19/'
array (
  'weid' => '4',
  'uniacid' => '4',
  'result' => 'success',
  'type' => 'wechat',
  'tid' => '2019111519242200001326786468',
  'uniontid' => '2019111519242200001326786468',
  'user' => 'oU4Jcv9lwcYTncaQMSYQckoDfGls',
  'fee' => '6.80',
  'tag' => 
  array (
    'acid' => '4',
    'uid' => '2101',
    'transaction_id' => '4200000456201911152668404638',
  ),
  'is_usecard' => '0',
  'card_type' => '0',
  'card_fee' => '6.80',
  'card_id' => '',
  'from' => 'return',
)
'/=====================================================================================2019-11-15 19:25:21/'
array (
  'weid' => '4',
  'uniacid' => '4',
  'result' => 'success',
  'type' => 'wechat',
  'tid' => '2019111519242200001326786468',
  'uniontid' => '2019111519242200001326786468',
  'user' => 'oU4Jcv9lwcYTncaQMSYQckoDfGls',
  'fee' => '6.80',
  'tag' => 
  array (
    'acid' => '4',
    'uid' => '2101',
    'transaction_id' => '4200000456201911152668404638',
  ),
  'is_usecard' => '0',
  'card_type' => '0',
  'card_fee' => '6.80',
  'card_id' => '',
  'from' => 'return',
)
'/=====================================================================================2019-11-15 19:26:47/'
array (
  'weid' => '4',
  'uniacid' => '4',
  'result' => 'success',
  'type' => 'wechat',
  'tid' => '2019111519263300001382685218',
  'uniontid' => '2019111519263300001382685218',
  'user' => 'oU4Jcv7YL3Stycj26dY-ZIzJ0CII',
  'fee' => '3.90',
  'tag' => 
  array (
    'acid' => '4',
    'uid' => '546',
    'transaction_id' => '4200000464201911150158952847',
  ),
  'is_usecard' => '0',
  'card_type' => '0',
  'card_fee' => '3.90',
  'card_id' => '',
  'from' => 'return',
)
'/=====================================================================================2019-11-15 19:53:29/'
array (
  'weid' => '4',
  'uniacid' => '4',
  'result' => 'success',
  'type' => 'wechat',
  'tid' => '2019111519531800001322640563',
  'uniontid' => '2019111519531800001322640563',
  'user' => 'oU4Jcv9XEWocijCRahjEL0bag3pw',
  'fee' => '3.90',
  'tag' => 
  array (
    'acid' => '4',
    'uid' => '2138',
    'transaction_id' => '4200000469201911153849586323',
  ),
  'is_usecard' => '0',
  'card_type' => '0',
  'card_fee' => '3.90',
  'card_id' => '',
  'from' => 'return',
)
'/=====================================================================================2019-11-15 20:19:59/'
array (
  'weid' => '4',
  'uniacid' => '4',
  'result' => 'success',
  'type' => 'wechat',
  'tid' => '2019111520195100001322246622',
  'uniontid' => '2019111520195100001322246622',
  'user' => 'oU4Jcv0JT13eZbYFx7ygF-AoerVw',
  'fee' => '6.80',
  'tag' => 
  array (
    'acid' => '4',
    'uid' => NULL,
    'transaction_id' => '4200000468201911156825442756',
  ),
  'is_usecard' => '0',
  'card_type' => '0',
  'card_fee' => '6.80',
  'card_id' => '',
  'from' => 'return',
)
'/=====================================================================================2019-11-15 20:33:04/'
array (
  'weid' => '4',
  'uniacid' => '4',
  'result' => 'success',
  'type' => 'wechat',
  'tid' => '2019111520323800001346448164',
  'uniontid' => '2019111520323800001346448164',
  'user' => 'oU4Jcvzi_PZ-ld8ZQsj3uyrV6NsI',
  'fee' => '9.90',
  'tag' => 
  array (
    'acid' => '4',
    'uid' => '2013',
    'transaction_id' => '4200000454201911155986094827',
  ),
  'is_usecard' => '0',
  'card_type' => '0',
  'card_fee' => '9.90',
  'card_id' => '',
  'from' => 'return',
)
'/=====================================================================================2019-11-15 20:34:41/'
array (
  'weid' => '4',
  'uniacid' => '4',
  'result' => 'success',
  'type' => 'wechat',
  'tid' => '2019111520323800001346448164',
  'uniontid' => '2019111520323800001346448164',
  'user' => 'oU4Jcvzi_PZ-ld8ZQsj3uyrV6NsI',
  'fee' => '9.90',
  'tag' => 
  array (
    'acid' => '4',
    'uid' => '2013',
    'transaction_id' => '4200000454201911155986094827',
  ),
  'is_usecard' => '0',
  'card_type' => '0',
  'card_fee' => '9.90',
  'card_id' => '',
  'from' => 'return',
)
'/=====================================================================================2019-11-15 20:34:45/'
array (
  'weid' => '4',
  'uniacid' => '4',
  'result' => 'success',
  'type' => 'wechat',
  'tid' => '2019111520323800001346448164',
  'uniontid' => '2019111520323800001346448164',
  'user' => 'oU4Jcvzi_PZ-ld8ZQsj3uyrV6NsI',
  'fee' => '9.90',
  'tag' => 
  array (
    'acid' => '4',
    'uid' => '2013',
    'transaction_id' => '4200000454201911155986094827',
  ),
  'is_usecard' => '0',
  'card_type' => '0',
  'card_fee' => '9.90',
  'card_id' => '',
  'from' => 'return',
)
'/=====================================================================================2019-11-15 20:34:52/'
array (
  'weid' => '4',
  'uniacid' => '4',
  'result' => 'success',
  'type' => 'wechat',
  'tid' => '2019111520323800001346448164',
  'uniontid' => '2019111520323800001346448164',
  'user' => 'oU4Jcvzi_PZ-ld8ZQsj3uyrV6NsI',
  'fee' => '9.90',
  'tag' => 
  array (
    'acid' => '4',
    'uid' => '2013',
    'transaction_id' => '4200000454201911155986094827',
  ),
  'is_usecard' => '0',
  'card_type' => '0',
  'card_fee' => '9.90',
  'card_id' => '',
  'from' => 'return',
)
'/=====================================================================================2019-11-15 20:34:54/'
array (
  'weid' => '4',
  'uniacid' => '4',
  'result' => 'success',
  'type' => 'wechat',
  'tid' => '2019111520323800001346448164',
  'uniontid' => '2019111520323800001346448164',
  'user' => 'oU4Jcvzi_PZ-ld8ZQsj3uyrV6NsI',
  'fee' => '9.90',
  'tag' => 
  array (
    'acid' => '4',
    'uid' => '2013',
    'transaction_id' => '4200000454201911155986094827',
  ),
  'is_usecard' => '0',
  'card_type' => '0',
  'card_fee' => '9.90',
  'card_id' => '',
  'from' => 'return',
)
'/=====================================================================================2019-11-15 20:34:57/'
array (
  'weid' => '4',
  'uniacid' => '4',
  'result' => 'success',
  'type' => 'wechat',
  'tid' => '2019111520323800001346448164',
  'uniontid' => '2019111520323800001346448164',
  'user' => 'oU4Jcvzi_PZ-ld8ZQsj3uyrV6NsI',
  'fee' => '9.90',
  'tag' => 
  array (
    'acid' => '4',
    'uid' => '2013',
    'transaction_id' => '4200000454201911155986094827',
  ),
  'is_usecard' => '0',
  'card_type' => '0',
  'card_fee' => '9.90',
  'card_id' => '',
  'from' => 'return',
)
'/=====================================================================================2019-11-15 21:03:34/'
array (
  'weid' => '4',
  'uniacid' => '4',
  'result' => 'success',
  'type' => 'wechat',
  'tid' => '2019111521030800001364818521',
  'uniontid' => '2019111521030800001364818521',
  'user' => 'oU4JcvwYQqUeXg50asyKGcKaAK-8',
  'fee' => '6.80',
  'tag' => 
  array (
    'acid' => '4',
    'uid' => '656',
    'transaction_id' => '4200000452201911154710555885',
  ),
  'is_usecard' => '0',
  'card_type' => '0',
  'card_fee' => '6.80',
  'card_id' => '',
  'from' => 'return',
)
'/=====================================================================================2019-11-15 22:11:09/'
array (
  'weid' => '4',
  'uniacid' => '4',
  'result' => 'success',
  'type' => 'wechat',
  'tid' => '2019111522110100001316443101',
  'uniontid' => '2019111522110100001316443101',
  'user' => 'oU4Jcv1PbfHbss4jNNKgNYX35L1Q',
  'fee' => '6.80',
  'tag' => 
  array (
    'acid' => '4',
    'uid' => '2266',
    'transaction_id' => '4200000458201911157279291212',
  ),
  'is_usecard' => '0',
  'card_type' => '0',
  'card_fee' => '6.80',
  'card_id' => '',
  'from' => 'return',
)
'/=====================================================================================2019-11-15 22:27:10/'
array (
  'weid' => '4',
  'uniacid' => '4',
  'result' => 'success',
  'type' => 'wechat',
  'tid' => '2019111522265300001368589839',
  'uniontid' => '2019111522265300001368589839',
  'user' => 'oU4Jcv55c_Tgwv-KyyjGdM0dfQQU',
  'fee' => '6.80',
  'tag' => 
  array (
    'acid' => '4',
    'uid' => '2276',
    'transaction_id' => '4200000468201911150367096461',
  ),
  'is_usecard' => '0',
  'card_type' => '0',
  'card_fee' => '6.80',
  'card_id' => '',
  'from' => 'return',
)
'/=====================================================================================2019-11-15 22:28:07/'
array (
  'weid' => '4',
  'uniacid' => '4',
  'result' => 'success',
  'type' => 'wechat',
  'tid' => '2019111522265300001368589839',
  'uniontid' => '2019111522265300001368589839',
  'user' => 'oU4Jcv55c_Tgwv-KyyjGdM0dfQQU',
  'fee' => '6.80',
  'tag' => 
  array (
    'acid' => '4',
    'uid' => '2276',
    'transaction_id' => '4200000468201911150367096461',
  ),
  'is_usecard' => '0',
  'card_type' => '0',
  'card_fee' => '6.80',
  'card_id' => '',
  'from' => 'return',
)
'/=====================================================================================2019-11-15 22:48:27/'
array (
  'weid' => '4',
  'uniacid' => '4',
  'result' => 'success',
  'type' => 'wechat',
  'tid' => '2019111522461000001362878261',
  'uniontid' => '2019111522461000001362878261',
  'user' => 'oU4Jcv1cDRHLhbsx518sNfWZUcHU',
  'fee' => '9.90',
  'tag' => 
  array (
    'acid' => '4',
    'uid' => '2297',
    'transaction_id' => '4200000457201911151660182187',
  ),
  'is_usecard' => '0',
  'card_type' => '0',
  'card_fee' => '9.90',
  'card_id' => '',
  'from' => 'return',
)
