'/=====================================================================================2019-11-17 16:09:19/'
array (
  'weid' => '4',
  'uniacid' => '4',
  'result' => 'success',
  'type' => 'wechat',
  'tid' => '2019111716091300001320703441',
  'uniontid' => '2019111716091300001320703441',
  'user' => 'oU4Jcv6KrhSbOo1iCeoMUBygcZ1M',
  'fee' => '298.00',
  'tag' => 
  array (
    'acid' => '4',
    'uid' => '2798',
    'transaction_id' => '4200000461201911179441953335',
  ),
  'is_usecard' => '0',
  'card_type' => '0',
  'card_fee' => '298.00',
  'card_id' => '',
  'from' => 'notify',
)
'/=====================================================================================2019-11-17 16:17:04/'
array (
  'weid' => '4',
  'uniacid' => '4',
  'result' => 'success',
  'type' => 'wechat',
  'tid' => '2019111716164800001366626287',
  'uniontid' => '2019111716164800001366626287',
  'user' => 'oU4JcvwXido7cgnnzeYEuYSem7DI',
  'fee' => '298.00',
  'tag' => 
  array (
    'acid' => '4',
    'uid' => '216',
    'transaction_id' => '4200000463201911178283258074',
  ),
  'is_usecard' => '0',
  'card_type' => '0',
  'card_fee' => '298.00',
  'card_id' => '',
  'from' => 'notify',
)
