'/=====================================================================================2019-11-18 00:30:14/'
array (
  'weid' => '4',
  'uniacid' => '4',
  'result' => 'success',
  'type' => 'wechat',
  'tid' => '2019111800295300001398964628',
  'uniontid' => '2019111800295300001398964628',
  'user' => 'oU4JcvwXido7cgnnzeYEuYSem7DI',
  'fee' => '0.01',
  'tag' => 
  array (
    'acid' => '4',
    'uid' => '216',
    'transaction_id' => '4200000464201911185885938968',
  ),
  'is_usecard' => '0',
  'card_type' => '0',
  'card_fee' => '0.01',
  'card_id' => '',
  'from' => 'notify',
)
