'/=====================================================================================2019-11-08 12:50:01/'
array (
  'time' => '2019-11-08 12:50:01',
  'siteroot' => 'https://o2o.sctsck.com/',
)
'/=====================================================================================2019-11-08 12:55:02/'
array (
  'time' => '2019-11-08 12:55:02',
  'siteroot' => 'https://o2o.sctsck.com/',
)
'/=====================================================================================2019-11-08 13:00:01/'
array (
  'time' => '2019-11-08 13:00:01',
  'siteroot' => 'https://o2o.sctsck.com/',
)
'/=====================================================================================2019-11-08 13:05:02/'
array (
  'time' => '2019-11-08 13:05:02',
  'siteroot' => 'https://o2o.sctsck.com/',
)
'/=====================================================================================2019-11-08 13:10:01/'
array (
  'time' => '2019-11-08 13:10:01',
  'siteroot' => 'https://o2o.sctsck.com/',
)
'/=====================================================================================2019-11-08 13:15:03/'
array (
  'time' => '2019-11-08 13:15:03',
  'siteroot' => 'https://o2o.sctsck.com/',
)
'/=====================================================================================2019-11-08 13:20:01/'
array (
  'time' => '2019-11-08 13:20:01',
  'siteroot' => 'https://o2o.sctsck.com/',
)
'/=====================================================================================2019-11-08 13:25:02/'
array (
  'time' => '2019-11-08 13:25:02',
  'siteroot' => 'https://o2o.sctsck.com/',
)
'/=====================================================================================2019-11-08 13:30:01/'
array (
  'time' => '2019-11-08 13:30:01',
  'siteroot' => 'https://o2o.sctsck.com/',
)
'/=====================================================================================2019-11-08 13:35:02/'
array (
  'time' => '2019-11-08 13:35:02',
  'siteroot' => 'https://o2o.sctsck.com/',
)
'/=====================================================================================2019-11-08 13:40:01/'
array (
  'time' => '2019-11-08 13:40:01',
  'siteroot' => 'https://o2o.sctsck.com/',
)
'/=====================================================================================2019-11-08 13:45:02/'
array (
  'time' => '2019-11-08 13:45:02',
  'siteroot' => 'https://o2o.sctsck.com/',
)
'/=====================================================================================2019-11-08 13:50:01/'
array (
  'time' => '2019-11-08 13:50:01',
  'siteroot' => 'https://o2o.sctsck.com/',
)
'/=====================================================================================2019-11-08 13:55:01/'
array (
  'time' => '2019-11-08 13:55:01',
  'siteroot' => 'https://o2o.sctsck.com/',
)
'/=====================================================================================2019-11-08 14:00:01/'
array (
  'time' => '2019-11-08 14:00:01',
  'siteroot' => 'https://o2o.sctsck.com/',
)
'/=====================================================================================2019-11-08 14:10:02/'
array (
  'time' => '2019-11-08 14:10:02',
  'siteroot' => 'https://o2o.sctsck.com/',
)
'/=====================================================================================2019-11-08 14:15:01/'
array (
  'time' => '2019-11-08 14:15:01',
  'siteroot' => 'https://o2o.sctsck.com/',
)
'/=====================================================================================2019-11-08 14:20:02/'
array (
  'time' => '2019-11-08 14:20:02',
  'siteroot' => 'https://o2o.sctsck.com/',
)
'/=====================================================================================2019-11-08 14:25:01/'
array (
  'time' => '2019-11-08 14:25:01',
  'siteroot' => 'https://o2o.sctsck.com/',
)
'/=====================================================================================2019-11-08 14:30:02/'
array (
  'time' => '2019-11-08 14:30:02',
  'siteroot' => 'https://o2o.sctsck.com/',
)
'/=====================================================================================2019-11-08 14:35:01/'
array (
  'time' => '2019-11-08 14:35:01',
  'siteroot' => 'https://o2o.sctsck.com/',
)
'/=====================================================================================2019-11-08 14:40:02/'
array (
  'time' => '2019-11-08 14:40:02',
  'siteroot' => 'https://o2o.sctsck.com/',
)
'/=====================================================================================2019-11-08 14:45:01/'
array (
  'time' => '2019-11-08 14:45:01',
  'siteroot' => 'https://o2o.sctsck.com/',
)
'/=====================================================================================2019-11-08 14:50:02/'
array (
  'time' => '2019-11-08 14:50:02',
  'siteroot' => 'https://o2o.sctsck.com/',
)
'/=====================================================================================2019-11-08 14:55:07/'
array (
  'time' => '2019-11-08 14:55:07',
  'siteroot' => 'https://o2o.sctsck.com/',
)
'/=====================================================================================2019-11-08 15:00:01/'
array (
  'time' => '2019-11-08 15:00:01',
  'siteroot' => 'https://o2o.sctsck.com/',
)
'/=====================================================================================2019-11-08 15:05:02/'
array (
  'time' => '2019-11-08 15:05:02',
  'siteroot' => 'https://o2o.sctsck.com/',
)
'/=====================================================================================2019-11-08 15:10:01/'
array (
  'time' => '2019-11-08 15:10:01',
  'siteroot' => 'https://o2o.sctsck.com/',
)
'/=====================================================================================2019-11-08 15:15:07/'
array (
  'time' => '2019-11-08 15:15:07',
  'siteroot' => 'https://o2o.sctsck.com/',
)
'/=====================================================================================2019-11-08 15:20:01/'
array (
  'time' => '2019-11-08 15:20:01',
  'siteroot' => 'https://o2o.sctsck.com/',
)
'/=====================================================================================2019-11-08 15:25:07/'
array (
  'time' => '2019-11-08 15:25:07',
  'siteroot' => 'https://o2o.sctsck.com/',
)
'/=====================================================================================2019-11-08 15:30:02/'
array (
  'time' => '2019-11-08 15:30:02',
  'siteroot' => 'https://o2o.sctsck.com/',
)
'/=====================================================================================2019-11-08 15:35:01/'
array (
  'time' => '2019-11-08 15:35:01',
  'siteroot' => 'https://o2o.sctsck.com/',
)
'/=====================================================================================2019-11-08 15:40:01/'
array (
  'time' => '2019-11-08 15:40:01',
  'siteroot' => 'https://o2o.sctsck.com/',
)
'/=====================================================================================2019-11-08 15:45:01/'
array (
  'time' => '2019-11-08 15:45:01',
  'siteroot' => 'https://o2o.sctsck.com/',
)
'/=====================================================================================2019-11-08 15:50:01/'
array (
  'time' => '2019-11-08 15:50:01',
  'siteroot' => 'https://o2o.sctsck.com/',
)
'/=====================================================================================2019-11-08 15:55:02/'
array (
  'time' => '2019-11-08 15:55:02',
  'siteroot' => 'https://o2o.sctsck.com/',
)
'/=====================================================================================2019-11-08 16:00:01/'
array (
  'time' => '2019-11-08 16:00:01',
  'siteroot' => 'https://o2o.sctsck.com/',
)
'/=====================================================================================2019-11-08 16:05:02/'
array (
  'time' => '2019-11-08 16:05:02',
  'siteroot' => 'https://o2o.sctsck.com/',
)
'/=====================================================================================2019-11-08 16:10:01/'
array (
  'time' => '2019-11-08 16:10:01',
  'siteroot' => 'https://o2o.sctsck.com/',
)
'/=====================================================================================2019-11-08 16:15:07/'
array (
  'time' => '2019-11-08 16:15:07',
  'siteroot' => 'https://o2o.sctsck.com/',
)
'/=====================================================================================2019-11-08 16:20:01/'
array (
  'time' => '2019-11-08 16:20:01',
  'siteroot' => 'https://o2o.sctsck.com/',
)
'/=====================================================================================2019-11-08 16:25:01/'
array (
  'time' => '2019-11-08 16:25:01',
  'siteroot' => 'https://o2o.sctsck.com/',
)
'/=====================================================================================2019-11-08 16:30:02/'
array (
  'time' => '2019-11-08 16:30:02',
  'siteroot' => 'https://o2o.sctsck.com/',
)
'/=====================================================================================2019-11-08 16:35:01/'
array (
  'time' => '2019-11-08 16:35:01',
  'siteroot' => 'https://o2o.sctsck.com/',
)
'/=====================================================================================2019-11-08 16:40:02/'
array (
  'time' => '2019-11-08 16:40:02',
  'siteroot' => 'https://o2o.sctsck.com/',
)
'/=====================================================================================2019-11-08 16:45:07/'
array (
  'time' => '2019-11-08 16:45:07',
  'siteroot' => 'https://o2o.sctsck.com/',
)
'/=====================================================================================2019-11-08 16:50:01/'
array (
  'time' => '2019-11-08 16:50:01',
  'siteroot' => 'https://o2o.sctsck.com/',
)
'/=====================================================================================2019-11-08 16:55:01/'
array (
  'time' => '2019-11-08 16:55:01',
  'siteroot' => 'https://o2o.sctsck.com/',
)
'/=====================================================================================2019-11-08 17:00:02/'
array (
  'time' => '2019-11-08 17:00:02',
  'siteroot' => 'https://o2o.sctsck.com/',
)
'/=====================================================================================2019-11-08 17:05:01/'
array (
  'time' => '2019-11-08 17:05:01',
  'siteroot' => 'https://o2o.sctsck.com/',
)
'/=====================================================================================2019-11-08 17:10:02/'
array (
  'time' => '2019-11-08 17:10:02',
  'siteroot' => 'https://o2o.sctsck.com/',
)
'/=====================================================================================2019-11-08 17:15:01/'
array (
  'time' => '2019-11-08 17:15:01',
  'siteroot' => 'https://o2o.sctsck.com/',
)
'/=====================================================================================2019-11-08 17:20:02/'
array (
  'time' => '2019-11-08 17:20:02',
  'siteroot' => 'https://o2o.sctsck.com/',
)
'/=====================================================================================2019-11-08 17:25:01/'
array (
  'time' => '2019-11-08 17:25:01',
  'siteroot' => 'https://o2o.sctsck.com/',
)
'/=====================================================================================2019-11-08 17:30:01/'
array (
  'time' => '2019-11-08 17:30:01',
  'siteroot' => 'https://o2o.sctsck.com/',
)
'/=====================================================================================2019-11-08 17:35:01/'
array (
  'time' => '2019-11-08 17:35:01',
  'siteroot' => 'https://o2o.sctsck.com/',
)
'/=====================================================================================2019-11-08 17:40:01/'
array (
  'time' => '2019-11-08 17:40:01',
  'siteroot' => 'https://o2o.sctsck.com/',
)
'/=====================================================================================2019-11-08 17:45:02/'
array (
  'time' => '2019-11-08 17:45:02',
  'siteroot' => 'https://o2o.sctsck.com/',
)
'/=====================================================================================2019-11-08 17:50:01/'
array (
  'time' => '2019-11-08 17:50:01',
  'siteroot' => 'https://o2o.sctsck.com/',
)
'/=====================================================================================2019-11-08 17:55:01/'
array (
  'time' => '2019-11-08 17:55:01',
  'siteroot' => 'https://o2o.sctsck.com/',
)
'/=====================================================================================2019-11-08 18:00:06/'
array (
  'time' => '2019-11-08 18:00:06',
  'siteroot' => 'https://o2o.sctsck.com/',
)
'/=====================================================================================2019-11-08 18:05:02/'
array (
  'time' => '2019-11-08 18:05:02',
  'siteroot' => 'https://o2o.sctsck.com/',
)
'/=====================================================================================2019-11-08 18:10:01/'
array (
  'time' => '2019-11-08 18:10:01',
  'siteroot' => 'https://o2o.sctsck.com/',
)
'/=====================================================================================2019-11-08 18:15:02/'
array (
  'time' => '2019-11-08 18:15:02',
  'siteroot' => 'https://o2o.sctsck.com/',
)
'/=====================================================================================2019-11-08 18:20:01/'
array (
  'time' => '2019-11-08 18:20:01',
  'siteroot' => 'https://o2o.sctsck.com/',
)
'/=====================================================================================2019-11-08 18:25:02/'
array (
  'time' => '2019-11-08 18:25:02',
  'siteroot' => 'https://o2o.sctsck.com/',
)
'/=====================================================================================2019-11-08 18:30:01/'
array (
  'time' => '2019-11-08 18:30:01',
  'siteroot' => 'https://o2o.sctsck.com/',
)
'/=====================================================================================2019-11-08 18:35:01/'
array (
  'time' => '2019-11-08 18:35:01',
  'siteroot' => 'https://o2o.sctsck.com/',
)
'/=====================================================================================2019-11-08 18:40:01/'
array (
  'time' => '2019-11-08 18:40:01',
  'siteroot' => 'https://o2o.sctsck.com/',
)
'/=====================================================================================2019-11-08 18:45:01/'
array (
  'time' => '2019-11-08 18:45:01',
  'siteroot' => 'https://o2o.sctsck.com/',
)
'/=====================================================================================2019-11-08 18:50:02/'
array (
  'time' => '2019-11-08 18:50:02',
  'siteroot' => 'https://o2o.sctsck.com/',
)
'/=====================================================================================2019-11-08 18:55:07/'
array (
  'time' => '2019-11-08 18:55:07',
  'siteroot' => 'https://o2o.sctsck.com/',
)
'/=====================================================================================2019-11-08 19:00:01/'
array (
  'time' => '2019-11-08 19:00:01',
  'siteroot' => 'https://o2o.sctsck.com/',
)
'/=====================================================================================2019-11-08 19:05:02/'
array (
  'time' => '2019-11-08 19:05:02',
  'siteroot' => 'https://o2o.sctsck.com/',
)
'/=====================================================================================2019-11-08 19:10:01/'
array (
  'time' => '2019-11-08 19:10:01',
  'siteroot' => 'https://o2o.sctsck.com/',
)
'/=====================================================================================2019-11-08 19:15:02/'
array (
  'time' => '2019-11-08 19:15:02',
  'siteroot' => 'https://o2o.sctsck.com/',
)
'/=====================================================================================2019-11-08 19:20:01/'
array (
  'time' => '2019-11-08 19:20:01',
  'siteroot' => 'https://o2o.sctsck.com/',
)
'/=====================================================================================2019-11-08 19:25:07/'
array (
  'time' => '2019-11-08 19:25:07',
  'siteroot' => 'https://o2o.sctsck.com/',
)
'/=====================================================================================2019-11-08 19:30:01/'
array (
  'time' => '2019-11-08 19:30:01',
  'siteroot' => 'https://o2o.sctsck.com/',
)
'/=====================================================================================2019-11-08 19:35:07/'
array (
  'time' => '2019-11-08 19:35:07',
  'siteroot' => 'https://o2o.sctsck.com/',
)
'/=====================================================================================2019-11-08 19:40:02/'
array (
  'time' => '2019-11-08 19:40:02',
  'siteroot' => 'https://o2o.sctsck.com/',
)
'/=====================================================================================2019-11-08 19:45:01/'
array (
  'time' => '2019-11-08 19:45:01',
  'siteroot' => 'https://o2o.sctsck.com/',
)
'/=====================================================================================2019-11-08 19:50:02/'
array (
  'time' => '2019-11-08 19:50:02',
  'siteroot' => 'https://o2o.sctsck.com/',
)
'/=====================================================================================2019-11-08 19:55:01/'
array (
  'time' => '2019-11-08 19:55:01',
  'siteroot' => 'https://o2o.sctsck.com/',
)
'/=====================================================================================2019-11-08 20:00:02/'
array (
  'time' => '2019-11-08 20:00:02',
  'siteroot' => 'https://o2o.sctsck.com/',
)
'/=====================================================================================2019-11-08 20:05:01/'
array (
  'time' => '2019-11-08 20:05:01',
  'siteroot' => 'https://o2o.sctsck.com/',
)
'/=====================================================================================2019-11-08 20:10:07/'
array (
  'time' => '2019-11-08 20:10:07',
  'siteroot' => 'https://o2o.sctsck.com/',
)
'/=====================================================================================2019-11-08 20:15:02/'
array (
  'time' => '2019-11-08 20:15:02',
  'siteroot' => 'https://o2o.sctsck.com/',
)
'/=====================================================================================2019-11-08 20:20:01/'
array (
  'time' => '2019-11-08 20:20:01',
  'siteroot' => 'https://o2o.sctsck.com/',
)
'/=====================================================================================2019-11-08 20:25:01/'
array (
  'time' => '2019-11-08 20:25:01',
  'siteroot' => 'https://o2o.sctsck.com/',
)
'/=====================================================================================2019-11-08 20:30:02/'
array (
  'time' => '2019-11-08 20:30:02',
  'siteroot' => 'https://o2o.sctsck.com/',
)
'/=====================================================================================2019-11-08 20:35:01/'
array (
  'time' => '2019-11-08 20:35:01',
  'siteroot' => 'https://o2o.sctsck.com/',
)
'/=====================================================================================2019-11-08 20:40:02/'
array (
  'time' => '2019-11-08 20:40:02',
  'siteroot' => 'https://o2o.sctsck.com/',
)
'/=====================================================================================2019-11-08 20:45:01/'
array (
  'time' => '2019-11-08 20:45:01',
  'siteroot' => 'https://o2o.sctsck.com/',
)
'/=====================================================================================2019-11-08 20:50:01/'
array (
  'time' => '2019-11-08 20:50:01',
  'siteroot' => 'https://o2o.sctsck.com/',
)
'/=====================================================================================2019-11-08 20:55:02/'
array (
  'time' => '2019-11-08 20:55:02',
  'siteroot' => 'https://o2o.sctsck.com/',
)
'/=====================================================================================2019-11-08 21:00:01/'
array (
  'time' => '2019-11-08 21:00:01',
  'siteroot' => 'https://o2o.sctsck.com/',
)
'/=====================================================================================2019-11-08 21:05:02/'
array (
  'time' => '2019-11-08 21:05:02',
  'siteroot' => 'https://o2o.sctsck.com/',
)
'/=====================================================================================2019-11-08 21:10:01/'
array (
  'time' => '2019-11-08 21:10:01',
  'siteroot' => 'https://o2o.sctsck.com/',
)
'/=====================================================================================2019-11-08 21:15:02/'
array (
  'time' => '2019-11-08 21:15:02',
  'siteroot' => 'https://o2o.sctsck.com/',
)
'/=====================================================================================2019-11-08 21:20:01/'
array (
  'time' => '2019-11-08 21:20:01',
  'siteroot' => 'https://o2o.sctsck.com/',
)
'/=====================================================================================2019-11-08 21:25:02/'
array (
  'time' => '2019-11-08 21:25:02',
  'siteroot' => 'https://o2o.sctsck.com/',
)
'/=====================================================================================2019-11-08 21:30:07/'
array (
  'time' => '2019-11-08 21:30:07',
  'siteroot' => 'https://o2o.sctsck.com/',
)
'/=====================================================================================2019-11-08 21:35:01/'
array (
  'time' => '2019-11-08 21:35:01',
  'siteroot' => 'https://o2o.sctsck.com/',
)
'/=====================================================================================2019-11-08 21:40:02/'
array (
  'time' => '2019-11-08 21:40:02',
  'siteroot' => 'https://o2o.sctsck.com/',
)
'/=====================================================================================2019-11-08 21:45:01/'
array (
  'time' => '2019-11-08 21:45:01',
  'siteroot' => 'https://o2o.sctsck.com/',
)
'/=====================================================================================2019-11-08 21:50:02/'
array (
  'time' => '2019-11-08 21:50:02',
  'siteroot' => 'https://o2o.sctsck.com/',
)
'/=====================================================================================2019-11-08 21:55:06/'
array (
  'time' => '2019-11-08 21:55:06',
  'siteroot' => 'https://o2o.sctsck.com/',
)
'/=====================================================================================2019-11-08 22:00:02/'
array (
  'time' => '2019-11-08 22:00:02',
  'siteroot' => 'https://o2o.sctsck.com/',
)
'/=====================================================================================2019-11-08 22:05:07/'
array (
  'time' => '2019-11-08 22:05:07',
  'siteroot' => 'https://o2o.sctsck.com/',
)
'/=====================================================================================2019-11-08 22:10:01/'
array (
  'time' => '2019-11-08 22:10:01',
  'siteroot' => 'https://o2o.sctsck.com/',
)
'/=====================================================================================2019-11-08 22:15:02/'
array (
  'time' => '2019-11-08 22:15:02',
  'siteroot' => 'https://o2o.sctsck.com/',
)
'/=====================================================================================2019-11-08 22:20:01/'
array (
  'time' => '2019-11-08 22:20:01',
  'siteroot' => 'https://o2o.sctsck.com/',
)
'/=====================================================================================2019-11-08 22:25:01/'
array (
  'time' => '2019-11-08 22:25:01',
  'siteroot' => 'https://o2o.sctsck.com/',
)
'/=====================================================================================2019-11-08 22:30:06/'
array (
  'time' => '2019-11-08 22:30:06',
  'siteroot' => 'https://o2o.sctsck.com/',
)
'/=====================================================================================2019-11-08 22:35:02/'
array (
  'time' => '2019-11-08 22:35:02',
  'siteroot' => 'https://o2o.sctsck.com/',
)
'/=====================================================================================2019-11-08 22:40:01/'
array (
  'time' => '2019-11-08 22:40:01',
  'siteroot' => 'https://o2o.sctsck.com/',
)
'/=====================================================================================2019-11-08 22:45:01/'
array (
  'time' => '2019-11-08 22:45:01',
  'siteroot' => 'https://o2o.sctsck.com/',
)
'/=====================================================================================2019-11-08 22:50:01/'
array (
  'time' => '2019-11-08 22:50:01',
  'siteroot' => 'https://o2o.sctsck.com/',
)
'/=====================================================================================2019-11-08 22:55:01/'
array (
  'time' => '2019-11-08 22:55:01',
  'siteroot' => 'https://o2o.sctsck.com/',
)
'/=====================================================================================2019-11-08 23:00:07/'
array (
  'time' => '2019-11-08 23:00:07',
  'siteroot' => 'https://o2o.sctsck.com/',
)
'/=====================================================================================2019-11-08 23:05:06/'
array (
  'time' => '2019-11-08 23:05:06',
  'siteroot' => 'https://o2o.sctsck.com/',
)
'/=====================================================================================2019-11-08 23:10:02/'
array (
  'time' => '2019-11-08 23:10:02',
  'siteroot' => 'https://o2o.sctsck.com/',
)
'/=====================================================================================2019-11-08 23:15:01/'
array (
  'time' => '2019-11-08 23:15:01',
  'siteroot' => 'https://o2o.sctsck.com/',
)
'/=====================================================================================2019-11-08 23:20:02/'
array (
  'time' => '2019-11-08 23:20:02',
  'siteroot' => 'https://o2o.sctsck.com/',
)
'/=====================================================================================2019-11-08 23:25:01/'
array (
  'time' => '2019-11-08 23:25:01',
  'siteroot' => 'https://o2o.sctsck.com/',
)
'/=====================================================================================2019-11-08 23:30:02/'
array (
  'time' => '2019-11-08 23:30:02',
  'siteroot' => 'https://o2o.sctsck.com/',
)
'/=====================================================================================2019-11-08 23:35:03/'
array (
  'time' => '2019-11-08 23:35:03',
  'siteroot' => 'https://o2o.sctsck.com/',
)
'/=====================================================================================2019-11-08 23:40:01/'
array (
  'time' => '2019-11-08 23:40:01',
  'siteroot' => 'https://o2o.sctsck.com/',
)
'/=====================================================================================2019-11-08 23:45:01/'
array (
  'time' => '2019-11-08 23:45:01',
  'siteroot' => 'https://o2o.sctsck.com/',
)
'/=====================================================================================2019-11-08 23:50:06/'
array (
  'time' => '2019-11-08 23:50:06',
  'siteroot' => 'https://o2o.sctsck.com/',
)
'/=====================================================================================2019-11-08 23:55:02/'
array (
  'time' => '2019-11-08 23:55:02',
  'siteroot' => 'https://o2o.sctsck.com/',
)
