'/=====================================================================================2019-11-14 16:46:26/'
array (
  'weid' => '4',
  'uniacid' => '4',
  'result' => 'success',
  'type' => 'wechat',
  'tid' => '2019111416461300001345644444',
  'uniontid' => '2019111416461300001345644444',
  'user' => 'oU4JcvyavldUGiJBF7feAWtRnepU',
  'fee' => '3.90',
  'tag' => 
  array (
    'acid' => '4',
    'uid' => '368',
    'transaction_id' => '4200000453201911144246526509',
  ),
  'is_usecard' => '0',
  'card_type' => '0',
  'card_fee' => '3.90',
  'card_id' => '',
  'from' => 'notify',
)
'/=====================================================================================2019-11-14 17:41:19/'
array (
  'weid' => '4',
  'uniacid' => '4',
  'result' => 'success',
  'type' => 'wechat',
  'tid' => '2019111417403100001382454499',
  'uniontid' => '2019111417403100001382454499',
  'user' => 'oU4JcvzPG2MEoB2PGACpUzrCx_ko',
  'fee' => '3.90',
  'tag' => 
  array (
    'acid' => '4',
    'uid' => NULL,
    'transaction_id' => '4200000462201911143172857162',
  ),
  'is_usecard' => '0',
  'card_type' => '0',
  'card_fee' => '3.90',
  'card_id' => '',
  'from' => 'notify',
)
'/=====================================================================================2019-11-14 18:05:39/'
array (
  'weid' => '4',
  'uniacid' => '4',
  'result' => 'success',
  'type' => 'wechat',
  'tid' => '2019111418053000001332082146',
  'uniontid' => '2019111418053000001332082146',
  'user' => 'oU4Jcv_dXZ4NsuU-fNMdIBEMbvh0',
  'fee' => '3.90',
  'tag' => 
  array (
    'acid' => '4',
    'uid' => NULL,
    'transaction_id' => '4200000469201911143410509086',
  ),
  'is_usecard' => '0',
  'card_type' => '0',
  'card_fee' => '3.90',
  'card_id' => '',
  'from' => 'notify',
)
'/=====================================================================================2019-11-14 19:46:10/'
array (
  'weid' => '4',
  'uniacid' => '4',
  'result' => 'success',
  'type' => 'wechat',
  'tid' => '2019111419460300001344672252',
  'uniontid' => '2019111419460300001344672252',
  'user' => 'oU4Jcv7JPDtLopfIM3nnABiEC1pU',
  'fee' => '3.90',
  'tag' => 
  array (
    'acid' => '4',
    'uid' => NULL,
    'transaction_id' => '4200000456201911141104527813',
  ),
  'is_usecard' => '0',
  'card_type' => '0',
  'card_fee' => '3.90',
  'card_id' => '',
  'from' => 'notify',
)
'/=====================================================================================2019-11-14 21:15:24/'
array (
  'weid' => '4',
  'uniacid' => '4',
  'result' => 'success',
  'type' => 'wechat',
  'tid' => '2019111421150000001306063387',
  'uniontid' => '2019111421150000001306063387',
  'user' => 'oU4Jcv_TzJIegMBOXsX_ZZaUGjSY',
  'fee' => '3.90',
  'tag' => 
  array (
    'acid' => '4',
    'uid' => '767',
    'transaction_id' => '4200000462201911140379625954',
  ),
  'is_usecard' => '0',
  'card_type' => '0',
  'card_fee' => '3.90',
  'card_id' => '',
  'from' => 'notify',
)
'/=====================================================================================2019-11-14 21:16:07/'
array (
  'weid' => '4',
  'uniacid' => '4',
  'result' => 'success',
  'type' => 'wechat',
  'tid' => '2019111421155100001322641809',
  'uniontid' => '2019111421155100001322641809',
  'user' => 'oU4Jcvz_TBtj-xk6KS4d3mFY1nw4',
  'fee' => '3.90',
  'tag' => 
  array (
    'acid' => '4',
    'uid' => '764',
    'transaction_id' => '4200000458201911149337278088',
  ),
  'is_usecard' => '0',
  'card_type' => '0',
  'card_fee' => '3.90',
  'card_id' => '',
  'from' => 'notify',
)
'/=====================================================================================2019-11-14 23:05:09/'
array (
  'weid' => '4',
  'uniacid' => '4',
  'result' => 'success',
  'type' => 'wechat',
  'tid' => '2019111423045700001387462228',
  'uniontid' => '2019111423045700001387462228',
  'user' => 'oU4Jcv9f70SREAm4ifOkAPtqFITo',
  'fee' => '99.00',
  'tag' => 
  array (
    'acid' => '4',
    'uid' => '881',
    'transaction_id' => '4200000458201911147064371225',
  ),
  'is_usecard' => '0',
  'card_type' => '0',
  'card_fee' => '99.00',
  'card_id' => '',
  'from' => 'notify',
)
'/=====================================================================================2019-11-14 23:57:24/'
array (
  'weid' => '4',
  'uniacid' => '4',
  'result' => 'success',
  'type' => 'wechat',
  'tid' => '2019111423571100001322282264',
  'uniontid' => '2019111423571100001322282264',
  'user' => 'oU4Jcv14cP81cE9gKmJM6ilehLnI',
  'fee' => '3.90',
  'tag' => 
  array (
    'acid' => '4',
    'uid' => '243',
    'transaction_id' => '4200000465201911142783624983',
  ),
  'is_usecard' => '0',
  'card_type' => '0',
  'card_fee' => '3.90',
  'card_id' => '',
  'from' => 'notify',
)
