'/=====================================================================================2019-11-15 00:00:02/'
array (
  'time' => '2019-11-15 00:00:02',
  'siteroot' => 'https://o2o.sctsck.com/',
)
'/=====================================================================================2019-11-15 00:05:01/'
array (
  'time' => '2019-11-15 00:05:01',
  'siteroot' => 'https://o2o.sctsck.com/',
)
'/=====================================================================================2019-11-15 00:10:02/'
array (
  'time' => '2019-11-15 00:10:02',
  'siteroot' => 'https://o2o.sctsck.com/',
)
'/=====================================================================================2019-11-15 00:15:01/'
array (
  'time' => '2019-11-15 00:15:01',
  'siteroot' => 'https://o2o.sctsck.com/',
)
'/=====================================================================================2019-11-15 00:20:02/'
array (
  'time' => '2019-11-15 00:20:02',
  'siteroot' => 'https://o2o.sctsck.com/',
)
'/=====================================================================================2019-11-15 00:25:01/'
array (
  'time' => '2019-11-15 00:25:01',
  'siteroot' => 'https://o2o.sctsck.com/',
)
'/=====================================================================================2019-11-15 00:30:03/'
array (
  'time' => '2019-11-15 00:30:03',
  'siteroot' => 'https://o2o.sctsck.com/',
)
'/=====================================================================================2019-11-15 00:35:01/'
array (
  'time' => '2019-11-15 00:35:01',
  'siteroot' => 'https://o2o.sctsck.com/',
)
'/=====================================================================================2019-11-15 00:40:02/'
array (
  'time' => '2019-11-15 00:40:02',
  'siteroot' => 'https://o2o.sctsck.com/',
)
'/=====================================================================================2019-11-15 00:45:01/'
array (
  'time' => '2019-11-15 00:45:01',
  'siteroot' => 'https://o2o.sctsck.com/',
)
'/=====================================================================================2019-11-15 00:50:02/'
array (
  'time' => '2019-11-15 00:50:02',
  'siteroot' => 'https://o2o.sctsck.com/',
)
'/=====================================================================================2019-11-15 00:55:01/'
array (
  'time' => '2019-11-15 00:55:01',
  'siteroot' => 'https://o2o.sctsck.com/',
)
'/=====================================================================================2019-11-15 01:00:01/'
array (
  'time' => '2019-11-15 01:00:01',
  'siteroot' => 'https://o2o.sctsck.com/',
)
'/=====================================================================================2019-11-15 01:05:01/'
array (
  'time' => '2019-11-15 01:05:01',
  'siteroot' => 'https://o2o.sctsck.com/',
)
'/=====================================================================================2019-11-15 01:10:01/'
array (
  'time' => '2019-11-15 01:10:01',
  'siteroot' => 'https://o2o.sctsck.com/',
)
'/=====================================================================================2019-11-15 01:15:02/'
array (
  'time' => '2019-11-15 01:15:02',
  'siteroot' => 'https://o2o.sctsck.com/',
)
'/=====================================================================================2019-11-15 01:20:01/'
array (
  'time' => '2019-11-15 01:20:01',
  'siteroot' => 'https://o2o.sctsck.com/',
)
'/=====================================================================================2019-11-15 01:25:02/'
array (
  'time' => '2019-11-15 01:25:02',
  'siteroot' => 'https://o2o.sctsck.com/',
)
'/=====================================================================================2019-11-15 01:30:01/'
array (
  'time' => '2019-11-15 01:30:01',
  'siteroot' => 'https://o2o.sctsck.com/',
)
'/=====================================================================================2019-11-15 01:35:02/'
array (
  'time' => '2019-11-15 01:35:02',
  'siteroot' => 'https://o2o.sctsck.com/',
)
'/=====================================================================================2019-11-15 01:40:02/'
array (
  'time' => '2019-11-15 01:40:02',
  'siteroot' => 'https://o2o.sctsck.com/',
)
'/=====================================================================================2019-11-15 01:45:01/'
array (
  'time' => '2019-11-15 01:45:01',
  'siteroot' => 'https://o2o.sctsck.com/',
)
'/=====================================================================================2019-11-15 01:50:02/'
array (
  'time' => '2019-11-15 01:50:02',
  'siteroot' => 'https://o2o.sctsck.com/',
)
'/=====================================================================================2019-11-15 01:55:01/'
array (
  'time' => '2019-11-15 01:55:01',
  'siteroot' => 'https://o2o.sctsck.com/',
)
'/=====================================================================================2019-11-15 02:00:02/'
array (
  'time' => '2019-11-15 02:00:02',
  'siteroot' => 'https://o2o.sctsck.com/',
)
'/=====================================================================================2019-11-15 02:05:01/'
array (
  'time' => '2019-11-15 02:05:01',
  'siteroot' => 'https://o2o.sctsck.com/',
)
'/=====================================================================================2019-11-15 02:10:02/'
array (
  'time' => '2019-11-15 02:10:02',
  'siteroot' => 'https://o2o.sctsck.com/',
)
'/=====================================================================================2019-11-15 02:15:01/'
array (
  'time' => '2019-11-15 02:15:01',
  'siteroot' => 'https://o2o.sctsck.com/',
)
'/=====================================================================================2019-11-15 02:20:02/'
array (
  'time' => '2019-11-15 02:20:02',
  'siteroot' => 'https://o2o.sctsck.com/',
)
'/=====================================================================================2019-11-15 02:25:01/'
array (
  'time' => '2019-11-15 02:25:01',
  'siteroot' => 'https://o2o.sctsck.com/',
)
'/=====================================================================================2019-11-15 02:30:03/'
array (
  'time' => '2019-11-15 02:30:03',
  'siteroot' => 'https://o2o.sctsck.com/',
)
'/=====================================================================================2019-11-15 02:35:02/'
array (
  'time' => '2019-11-15 02:35:02',
  'siteroot' => 'https://o2o.sctsck.com/',
)
'/=====================================================================================2019-11-15 02:40:01/'
array (
  'time' => '2019-11-15 02:40:01',
  'siteroot' => 'https://o2o.sctsck.com/',
)
'/=====================================================================================2019-11-15 02:45:01/'
array (
  'time' => '2019-11-15 02:45:01',
  'siteroot' => 'https://o2o.sctsck.com/',
)
'/=====================================================================================2019-11-15 02:50:02/'
array (
  'time' => '2019-11-15 02:50:02',
  'siteroot' => 'https://o2o.sctsck.com/',
)
'/=====================================================================================2019-11-15 02:55:03/'
array (
  'time' => '2019-11-15 02:55:03',
  'siteroot' => 'https://o2o.sctsck.com/',
)
'/=====================================================================================2019-11-15 03:00:01/'
array (
  'time' => '2019-11-15 03:00:01',
  'siteroot' => 'https://o2o.sctsck.com/',
)
'/=====================================================================================2019-11-15 03:05:02/'
array (
  'time' => '2019-11-15 03:05:02',
  'siteroot' => 'https://o2o.sctsck.com/',
)
'/=====================================================================================2019-11-15 03:10:02/'
array (
  'time' => '2019-11-15 03:10:02',
  'siteroot' => 'https://o2o.sctsck.com/',
)
'/=====================================================================================2019-11-15 03:15:02/'
array (
  'time' => '2019-11-15 03:15:02',
  'siteroot' => 'https://o2o.sctsck.com/',
)
'/=====================================================================================2019-11-15 03:20:01/'
array (
  'time' => '2019-11-15 03:20:01',
  'siteroot' => 'https://o2o.sctsck.com/',
)
'/=====================================================================================2019-11-15 03:25:02/'
array (
  'time' => '2019-11-15 03:25:02',
  'siteroot' => 'https://o2o.sctsck.com/',
)
'/=====================================================================================2019-11-15 03:30:01/'
array (
  'time' => '2019-11-15 03:30:01',
  'siteroot' => 'https://o2o.sctsck.com/',
)
'/=====================================================================================2019-11-15 03:35:01/'
array (
  'time' => '2019-11-15 03:35:01',
  'siteroot' => 'https://o2o.sctsck.com/',
)
'/=====================================================================================2019-11-15 03:40:02/'
array (
  'time' => '2019-11-15 03:40:02',
  'siteroot' => 'https://o2o.sctsck.com/',
)
'/=====================================================================================2019-11-15 03:45:01/'
array (
  'time' => '2019-11-15 03:45:01',
  'siteroot' => 'https://o2o.sctsck.com/',
)
'/=====================================================================================2019-11-15 03:50:02/'
array (
  'time' => '2019-11-15 03:50:02',
  'siteroot' => 'https://o2o.sctsck.com/',
)
'/=====================================================================================2019-11-15 03:55:02/'
array (
  'time' => '2019-11-15 03:55:02',
  'siteroot' => 'https://o2o.sctsck.com/',
)
'/=====================================================================================2019-11-15 04:00:03/'
array (
  'time' => '2019-11-15 04:00:03',
  'siteroot' => 'https://o2o.sctsck.com/',
)
'/=====================================================================================2019-11-15 04:05:02/'
array (
  'time' => '2019-11-15 04:05:02',
  'siteroot' => 'https://o2o.sctsck.com/',
)
'/=====================================================================================2019-11-15 04:10:01/'
array (
  'time' => '2019-11-15 04:10:01',
  'siteroot' => 'https://o2o.sctsck.com/',
)
'/=====================================================================================2019-11-15 04:15:02/'
array (
  'time' => '2019-11-15 04:15:02',
  'siteroot' => 'https://o2o.sctsck.com/',
)
'/=====================================================================================2019-11-15 04:20:01/'
array (
  'time' => '2019-11-15 04:20:01',
  'siteroot' => 'https://o2o.sctsck.com/',
)
'/=====================================================================================2019-11-15 04:25:03/'
array (
  'time' => '2019-11-15 04:25:03',
  'siteroot' => 'https://o2o.sctsck.com/',
)
'/=====================================================================================2019-11-15 04:30:01/'
array (
  'time' => '2019-11-15 04:30:01',
  'siteroot' => 'https://o2o.sctsck.com/',
)
'/=====================================================================================2019-11-15 04:35:03/'
array (
  'time' => '2019-11-15 04:35:03',
  'siteroot' => 'https://o2o.sctsck.com/',
)
'/=====================================================================================2019-11-15 04:40:01/'
array (
  'time' => '2019-11-15 04:40:01',
  'siteroot' => 'https://o2o.sctsck.com/',
)
'/=====================================================================================2019-11-15 04:45:01/'
array (
  'time' => '2019-11-15 04:45:01',
  'siteroot' => 'https://o2o.sctsck.com/',
)
'/=====================================================================================2019-11-15 04:50:01/'
array (
  'time' => '2019-11-15 04:50:01',
  'siteroot' => 'https://o2o.sctsck.com/',
)
'/=====================================================================================2019-11-15 04:55:03/'
array (
  'time' => '2019-11-15 04:55:03',
  'siteroot' => 'https://o2o.sctsck.com/',
)
'/=====================================================================================2019-11-15 05:00:01/'
array (
  'time' => '2019-11-15 05:00:01',
  'siteroot' => 'https://o2o.sctsck.com/',
)
'/=====================================================================================2019-11-15 05:05:02/'
array (
  'time' => '2019-11-15 05:05:02',
  'siteroot' => 'https://o2o.sctsck.com/',
)
'/=====================================================================================2019-11-15 05:10:01/'
array (
  'time' => '2019-11-15 05:10:01',
  'siteroot' => 'https://o2o.sctsck.com/',
)
'/=====================================================================================2019-11-15 05:15:02/'
array (
  'time' => '2019-11-15 05:15:02',
  'siteroot' => 'https://o2o.sctsck.com/',
)
'/=====================================================================================2019-11-15 05:20:01/'
array (
  'time' => '2019-11-15 05:20:01',
  'siteroot' => 'https://o2o.sctsck.com/',
)
'/=====================================================================================2019-11-15 05:25:02/'
array (
  'time' => '2019-11-15 05:25:02',
  'siteroot' => 'https://o2o.sctsck.com/',
)
'/=====================================================================================2019-11-15 05:30:01/'
array (
  'time' => '2019-11-15 05:30:01',
  'siteroot' => 'https://o2o.sctsck.com/',
)
'/=====================================================================================2019-11-15 05:35:02/'
array (
  'time' => '2019-11-15 05:35:02',
  'siteroot' => 'https://o2o.sctsck.com/',
)
'/=====================================================================================2019-11-15 05:40:01/'
array (
  'time' => '2019-11-15 05:40:01',
  'siteroot' => 'https://o2o.sctsck.com/',
)
'/=====================================================================================2019-11-15 05:45:01/'
array (
  'time' => '2019-11-15 05:45:01',
  'siteroot' => 'https://o2o.sctsck.com/',
)
'/=====================================================================================2019-11-15 05:50:01/'
array (
  'time' => '2019-11-15 05:50:01',
  'siteroot' => 'https://o2o.sctsck.com/',
)
'/=====================================================================================2019-11-15 05:55:02/'
array (
  'time' => '2019-11-15 05:55:02',
  'siteroot' => 'https://o2o.sctsck.com/',
)
'/=====================================================================================2019-11-15 06:00:03/'
array (
  'time' => '2019-11-15 06:00:03',
  'siteroot' => 'https://o2o.sctsck.com/',
)
'/=====================================================================================2019-11-15 06:05:01/'
array (
  'time' => '2019-11-15 06:05:01',
  'siteroot' => 'https://o2o.sctsck.com/',
)
'/=====================================================================================2019-11-15 06:10:02/'
array (
  'time' => '2019-11-15 06:10:02',
  'siteroot' => 'https://o2o.sctsck.com/',
)
'/=====================================================================================2019-11-15 06:15:01/'
array (
  'time' => '2019-11-15 06:15:01',
  'siteroot' => 'https://o2o.sctsck.com/',
)
'/=====================================================================================2019-11-15 06:20:01/'
array (
  'time' => '2019-11-15 06:20:01',
  'siteroot' => 'https://o2o.sctsck.com/',
)
'/=====================================================================================2019-11-15 06:25:02/'
array (
  'time' => '2019-11-15 06:25:02',
  'siteroot' => 'https://o2o.sctsck.com/',
)
'/=====================================================================================2019-11-15 06:30:01/'
array (
  'time' => '2019-11-15 06:30:01',
  'siteroot' => 'https://o2o.sctsck.com/',
)
'/=====================================================================================2019-11-15 06:35:03/'
array (
  'time' => '2019-11-15 06:35:03',
  'siteroot' => 'https://o2o.sctsck.com/',
)
'/=====================================================================================2019-11-15 06:40:01/'
array (
  'time' => '2019-11-15 06:40:01',
  'siteroot' => 'https://o2o.sctsck.com/',
)
'/=====================================================================================2019-11-15 06:45:02/'
array (
  'time' => '2019-11-15 06:45:02',
  'siteroot' => 'https://o2o.sctsck.com/',
)
'/=====================================================================================2019-11-15 06:50:01/'
array (
  'time' => '2019-11-15 06:50:01',
  'siteroot' => 'https://o2o.sctsck.com/',
)
'/=====================================================================================2019-11-15 06:55:01/'
array (
  'time' => '2019-11-15 06:55:01',
  'siteroot' => 'https://o2o.sctsck.com/',
)
'/=====================================================================================2019-11-15 07:00:01/'
array (
  'time' => '2019-11-15 07:00:01',
  'siteroot' => 'https://o2o.sctsck.com/',
)
'/=====================================================================================2019-11-15 07:05:01/'
array (
  'time' => '2019-11-15 07:05:01',
  'siteroot' => 'https://o2o.sctsck.com/',
)
'/=====================================================================================2019-11-15 07:10:02/'
array (
  'time' => '2019-11-15 07:10:02',
  'siteroot' => 'https://o2o.sctsck.com/',
)
'/=====================================================================================2019-11-15 07:15:01/'
array (
  'time' => '2019-11-15 07:15:01',
  'siteroot' => 'https://o2o.sctsck.com/',
)
'/=====================================================================================2019-11-15 07:20:02/'
array (
  'time' => '2019-11-15 07:20:02',
  'siteroot' => 'https://o2o.sctsck.com/',
)
'/=====================================================================================2019-11-15 07:25:01/'
array (
  'time' => '2019-11-15 07:25:01',
  'siteroot' => 'https://o2o.sctsck.com/',
)
'/=====================================================================================2019-11-15 07:30:03/'
array (
  'time' => '2019-11-15 07:30:03',
  'siteroot' => 'https://o2o.sctsck.com/',
)
'/=====================================================================================2019-11-15 07:35:03/'
array (
  'time' => '2019-11-15 07:35:03',
  'siteroot' => 'https://o2o.sctsck.com/',
)
'/=====================================================================================2019-11-15 07:40:01/'
array (
  'time' => '2019-11-15 07:40:01',
  'siteroot' => 'https://o2o.sctsck.com/',
)
'/=====================================================================================2019-11-15 07:45:01/'
array (
  'time' => '2019-11-15 07:45:01',
  'siteroot' => 'https://o2o.sctsck.com/',
)
'/=====================================================================================2019-11-15 07:50:02/'
array (
  'time' => '2019-11-15 07:50:02',
  'siteroot' => 'https://o2o.sctsck.com/',
)
'/=====================================================================================2019-11-15 07:55:01/'
array (
  'time' => '2019-11-15 07:55:01',
  'siteroot' => 'https://o2o.sctsck.com/',
)
'/=====================================================================================2019-11-15 08:00:02/'
array (
  'time' => '2019-11-15 08:00:02',
  'siteroot' => 'https://o2o.sctsck.com/',
)
'/=====================================================================================2019-11-15 08:05:03/'
array (
  'time' => '2019-11-15 08:05:03',
  'siteroot' => 'https://o2o.sctsck.com/',
)
'/=====================================================================================2019-11-15 08:10:01/'
array (
  'time' => '2019-11-15 08:10:01',
  'siteroot' => 'https://o2o.sctsck.com/',
)
'/=====================================================================================2019-11-15 08:15:01/'
array (
  'time' => '2019-11-15 08:15:01',
  'siteroot' => 'https://o2o.sctsck.com/',
)
'/=====================================================================================2019-11-15 08:20:02/'
array (
  'time' => '2019-11-15 08:20:02',
  'siteroot' => 'https://o2o.sctsck.com/',
)
'/=====================================================================================2019-11-15 08:25:03/'
array (
  'time' => '2019-11-15 08:25:03',
  'siteroot' => 'https://o2o.sctsck.com/',
)
'/=====================================================================================2019-11-15 08:30:01/'
array (
  'time' => '2019-11-15 08:30:01',
  'siteroot' => 'https://o2o.sctsck.com/',
)
'/=====================================================================================2019-11-15 08:35:01/'
array (
  'time' => '2019-11-15 08:35:01',
  'siteroot' => 'https://o2o.sctsck.com/',
)
'/=====================================================================================2019-11-15 08:40:02/'
array (
  'time' => '2019-11-15 08:40:02',
  'siteroot' => 'https://o2o.sctsck.com/',
)
'/=====================================================================================2019-11-15 08:45:01/'
array (
  'time' => '2019-11-15 08:45:01',
  'siteroot' => 'https://o2o.sctsck.com/',
)
'/=====================================================================================2019-11-15 08:50:02/'
array (
  'time' => '2019-11-15 08:50:02',
  'siteroot' => 'https://o2o.sctsck.com/',
)
'/=====================================================================================2019-11-15 08:55:01/'
array (
  'time' => '2019-11-15 08:55:01',
  'siteroot' => 'https://o2o.sctsck.com/',
)
'/=====================================================================================2019-11-15 09:00:01/'
array (
  'time' => '2019-11-15 09:00:01',
  'siteroot' => 'https://o2o.sctsck.com/',
)
'/=====================================================================================2019-11-15 09:05:01/'
array (
  'time' => '2019-11-15 09:05:01',
  'siteroot' => 'https://o2o.sctsck.com/',
)
'/=====================================================================================2019-11-15 09:10:01/'
array (
  'time' => '2019-11-15 09:10:01',
  'siteroot' => 'https://o2o.sctsck.com/',
)
'/=====================================================================================2019-11-15 09:15:02/'
array (
  'time' => '2019-11-15 09:15:02',
  'siteroot' => 'https://o2o.sctsck.com/',
)
'/=====================================================================================2019-11-15 09:20:01/'
array (
  'time' => '2019-11-15 09:20:01',
  'siteroot' => 'https://o2o.sctsck.com/',
)
'/=====================================================================================2019-11-15 09:25:02/'
array (
  'time' => '2019-11-15 09:25:02',
  'siteroot' => 'https://o2o.sctsck.com/',
)
'/=====================================================================================2019-11-15 09:30:01/'
array (
  'time' => '2019-11-15 09:30:01',
  'siteroot' => 'https://o2o.sctsck.com/',
)
'/=====================================================================================2019-11-15 09:35:02/'
array (
  'time' => '2019-11-15 09:35:02',
  'siteroot' => 'https://o2o.sctsck.com/',
)
'/=====================================================================================2019-11-15 09:40:01/'
array (
  'time' => '2019-11-15 09:40:01',
  'siteroot' => 'https://o2o.sctsck.com/',
)
'/=====================================================================================2019-11-15 09:45:01/'
array (
  'time' => '2019-11-15 09:45:01',
  'siteroot' => 'https://o2o.sctsck.com/',
)
'/=====================================================================================2019-11-15 09:50:02/'
array (
  'time' => '2019-11-15 09:50:02',
  'siteroot' => 'https://o2o.sctsck.com/',
)
'/=====================================================================================2019-11-15 09:55:01/'
array (
  'time' => '2019-11-15 09:55:01',
  'siteroot' => 'https://o2o.sctsck.com/',
)
'/=====================================================================================2019-11-15 10:00:01/'
array (
  'time' => '2019-11-15 10:00:01',
  'siteroot' => 'https://o2o.sctsck.com/',
)
'/=====================================================================================2019-11-15 10:05:02/'
array (
  'time' => '2019-11-15 10:05:02',
  'siteroot' => 'https://o2o.sctsck.com/',
)
'/=====================================================================================2019-11-15 10:10:01/'
array (
  'time' => '2019-11-15 10:10:01',
  'siteroot' => 'https://o2o.sctsck.com/',
)
'/=====================================================================================2019-11-15 10:15:01/'
array (
  'time' => '2019-11-15 10:15:01',
  'siteroot' => 'https://o2o.sctsck.com/',
)
'/=====================================================================================2019-11-15 10:20:02/'
array (
  'time' => '2019-11-15 10:20:02',
  'siteroot' => 'https://o2o.sctsck.com/',
)
'/=====================================================================================2019-11-15 10:25:03/'
array (
  'time' => '2019-11-15 10:25:03',
  'siteroot' => 'https://o2o.sctsck.com/',
)
'/=====================================================================================2019-11-15 10:30:01/'
array (
  'time' => '2019-11-15 10:30:01',
  'siteroot' => 'https://o2o.sctsck.com/',
)
'/=====================================================================================2019-11-15 10:35:01/'
array (
  'time' => '2019-11-15 10:35:01',
  'siteroot' => 'https://o2o.sctsck.com/',
)
'/=====================================================================================2019-11-15 10:40:02/'
array (
  'time' => '2019-11-15 10:40:02',
  'siteroot' => 'https://o2o.sctsck.com/',
)
'/=====================================================================================2019-11-15 10:45:01/'
array (
  'time' => '2019-11-15 10:45:01',
  'siteroot' => 'https://o2o.sctsck.com/',
)
'/=====================================================================================2019-11-15 10:50:01/'
array (
  'time' => '2019-11-15 10:50:01',
  'siteroot' => 'https://o2o.sctsck.com/',
)
'/=====================================================================================2019-11-15 10:55:03/'
array (
  'time' => '2019-11-15 10:55:03',
  'siteroot' => 'https://o2o.sctsck.com/',
)
'/=====================================================================================2019-11-15 11:00:01/'
array (
  'time' => '2019-11-15 11:00:01',
  'siteroot' => 'https://o2o.sctsck.com/',
)
'/=====================================================================================2019-11-15 11:05:01/'
array (
  'time' => '2019-11-15 11:05:01',
  'siteroot' => 'https://o2o.sctsck.com/',
)
'/=====================================================================================2019-11-15 11:10:01/'
array (
  'time' => '2019-11-15 11:10:01',
  'siteroot' => 'https://o2o.sctsck.com/',
)
'/=====================================================================================2019-11-15 11:15:02/'
array (
  'time' => '2019-11-15 11:15:02',
  'siteroot' => 'https://o2o.sctsck.com/',
)
'/=====================================================================================2019-11-15 11:20:01/'
array (
  'time' => '2019-11-15 11:20:01',
  'siteroot' => 'https://o2o.sctsck.com/',
)
'/=====================================================================================2019-11-15 11:25:01/'
array (
  'time' => '2019-11-15 11:25:01',
  'siteroot' => 'https://o2o.sctsck.com/',
)
'/=====================================================================================2019-11-15 11:30:02/'
array (
  'time' => '2019-11-15 11:30:02',
  'siteroot' => 'https://o2o.sctsck.com/',
)
'/=====================================================================================2019-11-15 11:35:01/'
array (
  'time' => '2019-11-15 11:35:01',
  'siteroot' => 'https://o2o.sctsck.com/',
)
'/=====================================================================================2019-11-15 11:40:01/'
array (
  'time' => '2019-11-15 11:40:01',
  'siteroot' => 'https://o2o.sctsck.com/',
)
'/=====================================================================================2019-11-15 11:45:02/'
array (
  'time' => '2019-11-15 11:45:02',
  'siteroot' => 'https://o2o.sctsck.com/',
)
'/=====================================================================================2019-11-15 11:50:01/'
array (
  'time' => '2019-11-15 11:50:01',
  'siteroot' => 'https://o2o.sctsck.com/',
)
'/=====================================================================================2019-11-15 11:55:01/'
array (
  'time' => '2019-11-15 11:55:01',
  'siteroot' => 'https://o2o.sctsck.com/',
)
'/=====================================================================================2019-11-15 12:00:02/'
array (
  'time' => '2019-11-15 12:00:02',
  'siteroot' => 'https://o2o.sctsck.com/',
)
'/=====================================================================================2019-11-15 12:05:03/'
array (
  'time' => '2019-11-15 12:05:03',
  'siteroot' => 'https://o2o.sctsck.com/',
)
'/=====================================================================================2019-11-15 12:10:02/'
array (
  'time' => '2019-11-15 12:10:02',
  'siteroot' => 'https://o2o.sctsck.com/',
)
'/=====================================================================================2019-11-15 12:15:02/'
array (
  'time' => '2019-11-15 12:15:02',
  'siteroot' => 'https://o2o.sctsck.com/',
)
'/=====================================================================================2019-11-15 12:20:01/'
array (
  'time' => '2019-11-15 12:20:01',
  'siteroot' => 'https://o2o.sctsck.com/',
)
'/=====================================================================================2019-11-15 12:25:01/'
array (
  'time' => '2019-11-15 12:25:01',
  'siteroot' => 'https://o2o.sctsck.com/',
)
'/=====================================================================================2019-11-15 12:30:02/'
array (
  'time' => '2019-11-15 12:30:02',
  'siteroot' => 'https://o2o.sctsck.com/',
)
'/=====================================================================================2019-11-15 12:35:01/'
array (
  'time' => '2019-11-15 12:35:01',
  'siteroot' => 'https://o2o.sctsck.com/',
)
'/=====================================================================================2019-11-15 12:40:02/'
array (
  'time' => '2019-11-15 12:40:02',
  'siteroot' => 'https://o2o.sctsck.com/',
)
'/=====================================================================================2019-11-15 12:45:01/'
array (
  'time' => '2019-11-15 12:45:01',
  'siteroot' => 'https://o2o.sctsck.com/',
)
'/=====================================================================================2019-11-15 12:50:01/'
array (
  'time' => '2019-11-15 12:50:01',
  'siteroot' => 'https://o2o.sctsck.com/',
)
'/=====================================================================================2019-11-15 12:55:02/'
array (
  'time' => '2019-11-15 12:55:02',
  'siteroot' => 'https://o2o.sctsck.com/',
)
'/=====================================================================================2019-11-15 13:00:01/'
array (
  'time' => '2019-11-15 13:00:01',
  'siteroot' => 'https://o2o.sctsck.com/',
)
'/=====================================================================================2019-11-15 13:05:01/'
array (
  'time' => '2019-11-15 13:05:01',
  'siteroot' => 'https://o2o.sctsck.com/',
)
'/=====================================================================================2019-11-15 13:10:03/'
array (
  'time' => '2019-11-15 13:10:03',
  'siteroot' => 'https://o2o.sctsck.com/',
)
'/=====================================================================================2019-11-15 13:15:01/'
array (
  'time' => '2019-11-15 13:15:01',
  'siteroot' => 'https://o2o.sctsck.com/',
)
'/=====================================================================================2019-11-15 13:20:02/'
array (
  'time' => '2019-11-15 13:20:02',
  'siteroot' => 'https://o2o.sctsck.com/',
)
'/=====================================================================================2019-11-15 13:25:01/'
array (
  'time' => '2019-11-15 13:25:01',
  'siteroot' => 'https://o2o.sctsck.com/',
)
'/=====================================================================================2019-11-15 13:30:01/'
array (
  'time' => '2019-11-15 13:30:01',
  'siteroot' => 'https://o2o.sctsck.com/',
)
'/=====================================================================================2019-11-15 13:35:02/'
array (
  'time' => '2019-11-15 13:35:02',
  'siteroot' => 'https://o2o.sctsck.com/',
)
'/=====================================================================================2019-11-15 13:40:01/'
array (
  'time' => '2019-11-15 13:40:01',
  'siteroot' => 'https://o2o.sctsck.com/',
)
'/=====================================================================================2019-11-15 13:45:02/'
array (
  'time' => '2019-11-15 13:45:02',
  'siteroot' => 'https://o2o.sctsck.com/',
)
'/=====================================================================================2019-11-15 13:50:01/'
array (
  'time' => '2019-11-15 13:50:01',
  'siteroot' => 'https://o2o.sctsck.com/',
)
'/=====================================================================================2019-11-15 13:55:01/'
array (
  'time' => '2019-11-15 13:55:01',
  'siteroot' => 'https://o2o.sctsck.com/',
)
'/=====================================================================================2019-11-15 14:00:02/'
array (
  'time' => '2019-11-15 14:00:02',
  'siteroot' => 'https://o2o.sctsck.com/',
)
'/=====================================================================================2019-11-15 14:05:01/'
array (
  'time' => '2019-11-15 14:05:01',
  'siteroot' => 'https://o2o.sctsck.com/',
)
'/=====================================================================================2019-11-15 14:10:01/'
array (
  'time' => '2019-11-15 14:10:01',
  'siteroot' => 'https://o2o.sctsck.com/',
)
'/=====================================================================================2019-11-15 14:15:02/'
array (
  'time' => '2019-11-15 14:15:02',
  'siteroot' => 'https://o2o.sctsck.com/',
)
'/=====================================================================================2019-11-15 14:20:01/'
array (
  'time' => '2019-11-15 14:20:01',
  'siteroot' => 'https://o2o.sctsck.com/',
)
'/=====================================================================================2019-11-15 14:25:01/'
array (
  'time' => '2019-11-15 14:25:01',
  'siteroot' => 'https://o2o.sctsck.com/',
)
'/=====================================================================================2019-11-15 14:30:02/'
array (
  'time' => '2019-11-15 14:30:02',
  'siteroot' => 'https://o2o.sctsck.com/',
)
'/=====================================================================================2019-11-15 14:35:02/'
array (
  'time' => '2019-11-15 14:35:02',
  'siteroot' => 'https://o2o.sctsck.com/',
)
'/=====================================================================================2019-11-15 14:40:01/'
array (
  'time' => '2019-11-15 14:40:01',
  'siteroot' => 'https://o2o.sctsck.com/',
)
'/=====================================================================================2019-11-15 14:45:01/'
array (
  'time' => '2019-11-15 14:45:01',
  'siteroot' => 'https://o2o.sctsck.com/',
)
'/=====================================================================================2019-11-15 14:50:02/'
array (
  'time' => '2019-11-15 14:50:02',
  'siteroot' => 'https://o2o.sctsck.com/',
)
'/=====================================================================================2019-11-15 14:55:01/'
array (
  'time' => '2019-11-15 14:55:01',
  'siteroot' => 'https://o2o.sctsck.com/',
)
'/=====================================================================================2019-11-15 15:00:01/'
array (
  'time' => '2019-11-15 15:00:01',
  'siteroot' => 'https://o2o.sctsck.com/',
)
'/=====================================================================================2019-11-15 15:05:01/'
array (
  'time' => '2019-11-15 15:05:01',
  'siteroot' => 'https://o2o.sctsck.com/',
)
'/=====================================================================================2019-11-15 15:10:01/'
array (
  'time' => '2019-11-15 15:10:01',
  'siteroot' => 'https://o2o.sctsck.com/',
)
'/=====================================================================================2019-11-15 15:15:01/'
array (
  'time' => '2019-11-15 15:15:01',
  'siteroot' => 'https://o2o.sctsck.com/',
)
'/=====================================================================================2019-11-15 15:20:01/'
array (
  'time' => '2019-11-15 15:20:01',
  'siteroot' => 'https://o2o.sctsck.com/',
)
'/=====================================================================================2019-11-15 15:25:02/'
array (
  'time' => '2019-11-15 15:25:02',
  'siteroot' => 'https://o2o.sctsck.com/',
)
'/=====================================================================================2019-11-15 15:30:01/'
array (
  'time' => '2019-11-15 15:30:01',
  'siteroot' => 'https://o2o.sctsck.com/',
)
'/=====================================================================================2019-11-15 15:35:02/'
array (
  'time' => '2019-11-15 15:35:02',
  'siteroot' => 'https://o2o.sctsck.com/',
)
'/=====================================================================================2019-11-15 15:40:01/'
array (
  'time' => '2019-11-15 15:40:01',
  'siteroot' => 'https://o2o.sctsck.com/',
)
'/=====================================================================================2019-11-15 15:45:01/'
array (
  'time' => '2019-11-15 15:45:01',
  'siteroot' => 'https://o2o.sctsck.com/',
)
'/=====================================================================================2019-11-15 15:50:02/'
array (
  'time' => '2019-11-15 15:50:02',
  'siteroot' => 'https://o2o.sctsck.com/',
)
'/=====================================================================================2019-11-15 15:55:01/'
array (
  'time' => '2019-11-15 15:55:01',
  'siteroot' => 'https://o2o.sctsck.com/',
)
'/=====================================================================================2019-11-15 16:00:01/'
array (
  'time' => '2019-11-15 16:00:01',
  'siteroot' => 'https://o2o.sctsck.com/',
)
'/=====================================================================================2019-11-15 16:05:02/'
array (
  'time' => '2019-11-15 16:05:02',
  'siteroot' => 'https://o2o.sctsck.com/',
)
'/=====================================================================================2019-11-15 16:10:01/'
array (
  'time' => '2019-11-15 16:10:01',
  'siteroot' => 'https://o2o.sctsck.com/',
)
'/=====================================================================================2019-11-15 16:15:01/'
array (
  'time' => '2019-11-15 16:15:01',
  'siteroot' => 'https://o2o.sctsck.com/',
)
'/=====================================================================================2019-11-15 16:20:01/'
array (
  'time' => '2019-11-15 16:20:01',
  'siteroot' => 'https://o2o.sctsck.com/',
)
'/=====================================================================================2019-11-15 16:25:01/'
array (
  'time' => '2019-11-15 16:25:01',
  'siteroot' => 'https://o2o.sctsck.com/',
)
'/=====================================================================================2019-11-15 16:30:03/'
array (
  'time' => '2019-11-15 16:30:03',
  'siteroot' => 'https://o2o.sctsck.com/',
)
'/=====================================================================================2019-11-15 16:35:01/'
array (
  'time' => '2019-11-15 16:35:01',
  'siteroot' => 'https://o2o.sctsck.com/',
)
'/=====================================================================================2019-11-15 16:40:01/'
array (
  'time' => '2019-11-15 16:40:01',
  'siteroot' => 'https://o2o.sctsck.com/',
)
'/=====================================================================================2019-11-15 16:45:02/'
array (
  'time' => '2019-11-15 16:45:02',
  'siteroot' => 'https://o2o.sctsck.com/',
)
'/=====================================================================================2019-11-15 16:50:01/'
array (
  'time' => '2019-11-15 16:50:01',
  'siteroot' => 'https://o2o.sctsck.com/',
)
'/=====================================================================================2019-11-15 16:55:01/'
array (
  'time' => '2019-11-15 16:55:01',
  'siteroot' => 'https://o2o.sctsck.com/',
)
'/=====================================================================================2019-11-15 17:00:02/'
array (
  'time' => '2019-11-15 17:00:02',
  'siteroot' => 'https://o2o.sctsck.com/',
)
'/=====================================================================================2019-11-15 17:05:01/'
array (
  'time' => '2019-11-15 17:05:01',
  'siteroot' => 'https://o2o.sctsck.com/',
)
'/=====================================================================================2019-11-15 17:10:02/'
array (
  'time' => '2019-11-15 17:10:02',
  'siteroot' => 'https://o2o.sctsck.com/',
)
'/=====================================================================================2019-11-15 17:15:01/'
array (
  'time' => '2019-11-15 17:15:01',
  'siteroot' => 'https://o2o.sctsck.com/',
)
'/=====================================================================================2019-11-15 17:20:02/'
array (
  'time' => '2019-11-15 17:20:02',
  'siteroot' => 'https://o2o.sctsck.com/',
)
'/=====================================================================================2019-11-15 17:25:01/'
array (
  'time' => '2019-11-15 17:25:01',
  'siteroot' => 'https://o2o.sctsck.com/',
)
'/=====================================================================================2019-11-15 17:30:01/'
array (
  'time' => '2019-11-15 17:30:01',
  'siteroot' => 'https://o2o.sctsck.com/',
)
'/=====================================================================================2019-11-15 17:35:01/'
array (
  'time' => '2019-11-15 17:35:01',
  'siteroot' => 'https://o2o.sctsck.com/',
)
'/=====================================================================================2019-11-15 17:40:01/'
array (
  'time' => '2019-11-15 17:40:01',
  'siteroot' => 'https://o2o.sctsck.com/',
)
'/=====================================================================================2019-11-15 17:45:02/'
array (
  'time' => '2019-11-15 17:45:02',
  'siteroot' => 'https://o2o.sctsck.com/',
)
'/=====================================================================================2019-11-15 17:50:01/'
array (
  'time' => '2019-11-15 17:50:01',
  'siteroot' => 'https://o2o.sctsck.com/',
)
'/=====================================================================================2019-11-15 17:55:01/'
array (
  'time' => '2019-11-15 17:55:01',
  'siteroot' => 'https://o2o.sctsck.com/',
)
'/=====================================================================================2019-11-15 18:00:02/'
array (
  'time' => '2019-11-15 18:00:02',
  'siteroot' => 'https://o2o.sctsck.com/',
)
'/=====================================================================================2019-11-15 18:05:01/'
array (
  'time' => '2019-11-15 18:05:01',
  'siteroot' => 'https://o2o.sctsck.com/',
)
'/=====================================================================================2019-11-15 18:10:02/'
array (
  'time' => '2019-11-15 18:10:02',
  'siteroot' => 'https://o2o.sctsck.com/',
)
'/=====================================================================================2019-11-15 18:15:01/'
array (
  'time' => '2019-11-15 18:15:01',
  'siteroot' => 'https://o2o.sctsck.com/',
)
'/=====================================================================================2019-11-15 18:20:01/'
array (
  'time' => '2019-11-15 18:20:01',
  'siteroot' => 'https://o2o.sctsck.com/',
)
'/=====================================================================================2019-11-15 18:25:02/'
array (
  'time' => '2019-11-15 18:25:02',
  'siteroot' => 'https://o2o.sctsck.com/',
)
'/=====================================================================================2019-11-15 18:30:01/'
array (
  'time' => '2019-11-15 18:30:01',
  'siteroot' => 'https://o2o.sctsck.com/',
)
'/=====================================================================================2019-11-15 18:35:02/'
array (
  'time' => '2019-11-15 18:35:02',
  'siteroot' => 'https://o2o.sctsck.com/',
)
'/=====================================================================================2019-11-15 18:40:01/'
array (
  'time' => '2019-11-15 18:40:01',
  'siteroot' => 'https://o2o.sctsck.com/',
)
'/=====================================================================================2019-11-15 18:45:01/'
array (
  'time' => '2019-11-15 18:45:01',
  'siteroot' => 'https://o2o.sctsck.com/',
)
'/=====================================================================================2019-11-15 18:50:02/'
array (
  'time' => '2019-11-15 18:50:02',
  'siteroot' => 'https://o2o.sctsck.com/',
)
'/=====================================================================================2019-11-15 18:55:01/'
array (
  'time' => '2019-11-15 18:55:01',
  'siteroot' => 'https://o2o.sctsck.com/',
)
'/=====================================================================================2019-11-15 19:00:01/'
array (
  'time' => '2019-11-15 19:00:01',
  'siteroot' => 'https://o2o.sctsck.com/',
)
'/=====================================================================================2019-11-15 19:05:01/'
array (
  'time' => '2019-11-15 19:05:01',
  'siteroot' => 'https://o2o.sctsck.com/',
)
'/=====================================================================================2019-11-15 19:10:02/'
array (
  'time' => '2019-11-15 19:10:02',
  'siteroot' => 'https://o2o.sctsck.com/',
)
'/=====================================================================================2019-11-15 19:15:01/'
array (
  'time' => '2019-11-15 19:15:01',
  'siteroot' => 'https://o2o.sctsck.com/',
)
'/=====================================================================================2019-11-15 19:20:01/'
array (
  'time' => '2019-11-15 19:20:01',
  'siteroot' => 'https://o2o.sctsck.com/',
)
'/=====================================================================================2019-11-15 19:25:02/'
array (
  'time' => '2019-11-15 19:25:02',
  'siteroot' => 'https://o2o.sctsck.com/',
)
'/=====================================================================================2019-11-15 19:30:01/'
array (
  'time' => '2019-11-15 19:30:01',
  'siteroot' => 'https://o2o.sctsck.com/',
)
'/=====================================================================================2019-11-15 19:35:01/'
array (
  'time' => '2019-11-15 19:35:01',
  'siteroot' => 'https://o2o.sctsck.com/',
)
'/=====================================================================================2019-11-15 19:40:01/'
array (
  'time' => '2019-11-15 19:40:01',
  'siteroot' => 'https://o2o.sctsck.com/',
)
'/=====================================================================================2019-11-15 19:45:01/'
array (
  'time' => '2019-11-15 19:45:01',
  'siteroot' => 'https://o2o.sctsck.com/',
)
'/=====================================================================================2019-11-15 19:50:02/'
array (
  'time' => '2019-11-15 19:50:02',
  'siteroot' => 'https://o2o.sctsck.com/',
)
'/=====================================================================================2019-11-15 19:55:01/'
array (
  'time' => '2019-11-15 19:55:01',
  'siteroot' => 'https://o2o.sctsck.com/',
)
'/=====================================================================================2019-11-15 20:00:01/'
array (
  'time' => '2019-11-15 20:00:01',
  'siteroot' => 'https://o2o.sctsck.com/',
)
'/=====================================================================================2019-11-15 20:05:02/'
array (
  'time' => '2019-11-15 20:05:02',
  'siteroot' => 'https://o2o.sctsck.com/',
)
'/=====================================================================================2019-11-15 20:10:02/'
array (
  'time' => '2019-11-15 20:10:02',
  'siteroot' => 'https://o2o.sctsck.com/',
)
'/=====================================================================================2019-11-15 20:15:02/'
array (
  'time' => '2019-11-15 20:15:02',
  'siteroot' => 'https://o2o.sctsck.com/',
)
'/=====================================================================================2019-11-15 20:20:01/'
array (
  'time' => '2019-11-15 20:20:01',
  'siteroot' => 'https://o2o.sctsck.com/',
)
'/=====================================================================================2019-11-15 20:25:01/'
array (
  'time' => '2019-11-15 20:25:01',
  'siteroot' => 'https://o2o.sctsck.com/',
)
'/=====================================================================================2019-11-15 20:30:02/'
array (
  'time' => '2019-11-15 20:30:02',
  'siteroot' => 'https://o2o.sctsck.com/',
)
'/=====================================================================================2019-11-15 20:35:01/'
array (
  'time' => '2019-11-15 20:35:01',
  'siteroot' => 'https://o2o.sctsck.com/',
)
'/=====================================================================================2019-11-15 20:40:02/'
array (
  'time' => '2019-11-15 20:40:02',
  'siteroot' => 'https://o2o.sctsck.com/',
)
'/=====================================================================================2019-11-15 20:45:01/'
array (
  'time' => '2019-11-15 20:45:01',
  'siteroot' => 'https://o2o.sctsck.com/',
)
'/=====================================================================================2019-11-15 20:50:02/'
array (
  'time' => '2019-11-15 20:50:02',
  'siteroot' => 'https://o2o.sctsck.com/',
)
'/=====================================================================================2019-11-15 20:55:01/'
array (
  'time' => '2019-11-15 20:55:01',
  'siteroot' => 'https://o2o.sctsck.com/',
)
'/=====================================================================================2019-11-15 21:00:01/'
array (
  'time' => '2019-11-15 21:00:01',
  'siteroot' => 'https://o2o.sctsck.com/',
)
'/=====================================================================================2019-11-15 21:05:02/'
array (
  'time' => '2019-11-15 21:05:02',
  'siteroot' => 'https://o2o.sctsck.com/',
)
'/=====================================================================================2019-11-15 21:10:01/'
array (
  'time' => '2019-11-15 21:10:01',
  'siteroot' => 'https://o2o.sctsck.com/',
)
'/=====================================================================================2019-11-15 21:15:01/'
array (
  'time' => '2019-11-15 21:15:01',
  'siteroot' => 'https://o2o.sctsck.com/',
)
'/=====================================================================================2019-11-15 21:20:02/'
array (
  'time' => '2019-11-15 21:20:02',
  'siteroot' => 'https://o2o.sctsck.com/',
)
'/=====================================================================================2019-11-15 21:25:01/'
array (
  'time' => '2019-11-15 21:25:01',
  'siteroot' => 'https://o2o.sctsck.com/',
)
'/=====================================================================================2019-11-15 21:30:02/'
array (
  'time' => '2019-11-15 21:30:02',
  'siteroot' => 'https://o2o.sctsck.com/',
)
'/=====================================================================================2019-11-15 21:35:06/'
array (
  'time' => '2019-11-15 21:35:06',
  'siteroot' => 'https://o2o.sctsck.com/',
)
'/=====================================================================================2019-11-15 21:40:02/'
array (
  'time' => '2019-11-15 21:40:02',
  'siteroot' => 'https://o2o.sctsck.com/',
)
'/=====================================================================================2019-11-15 21:45:01/'
array (
  'time' => '2019-11-15 21:45:01',
  'siteroot' => 'https://o2o.sctsck.com/',
)
'/=====================================================================================2019-11-15 21:50:02/'
array (
  'time' => '2019-11-15 21:50:02',
  'siteroot' => 'https://o2o.sctsck.com/',
)
'/=====================================================================================2019-11-15 21:55:01/'
array (
  'time' => '2019-11-15 21:55:01',
  'siteroot' => 'https://o2o.sctsck.com/',
)
'/=====================================================================================2019-11-15 22:00:01/'
array (
  'time' => '2019-11-15 22:00:01',
  'siteroot' => 'https://o2o.sctsck.com/',
)
'/=====================================================================================2019-11-15 22:05:01/'
array (
  'time' => '2019-11-15 22:05:01',
  'siteroot' => 'https://o2o.sctsck.com/',
)
'/=====================================================================================2019-11-15 22:10:01/'
array (
  'time' => '2019-11-15 22:10:01',
  'siteroot' => 'https://o2o.sctsck.com/',
)
'/=====================================================================================2019-11-15 22:15:02/'
array (
  'time' => '2019-11-15 22:15:02',
  'siteroot' => 'https://o2o.sctsck.com/',
)
'/=====================================================================================2019-11-15 22:20:01/'
array (
  'time' => '2019-11-15 22:20:01',
  'siteroot' => 'https://o2o.sctsck.com/',
)
'/=====================================================================================2019-11-15 22:25:02/'
array (
  'time' => '2019-11-15 22:25:02',
  'siteroot' => 'https://o2o.sctsck.com/',
)
'/=====================================================================================2019-11-15 22:30:01/'
array (
  'time' => '2019-11-15 22:30:01',
  'siteroot' => 'https://o2o.sctsck.com/',
)
'/=====================================================================================2019-11-15 22:35:02/'
array (
  'time' => '2019-11-15 22:35:02',
  'siteroot' => 'https://o2o.sctsck.com/',
)
'/=====================================================================================2019-11-15 22:40:01/'
array (
  'time' => '2019-11-15 22:40:01',
  'siteroot' => 'https://o2o.sctsck.com/',
)
'/=====================================================================================2019-11-15 22:45:01/'
array (
  'time' => '2019-11-15 22:45:01',
  'siteroot' => 'https://o2o.sctsck.com/',
)
'/=====================================================================================2019-11-15 22:50:02/'
array (
  'time' => '2019-11-15 22:50:02',
  'siteroot' => 'https://o2o.sctsck.com/',
)
'/=====================================================================================2019-11-15 22:55:01/'
array (
  'time' => '2019-11-15 22:55:01',
  'siteroot' => 'https://o2o.sctsck.com/',
)
'/=====================================================================================2019-11-15 23:00:01/'
array (
  'time' => '2019-11-15 23:00:01',
  'siteroot' => 'https://o2o.sctsck.com/',
)
'/=====================================================================================2019-11-15 23:05:01/'
array (
  'time' => '2019-11-15 23:05:01',
  'siteroot' => 'https://o2o.sctsck.com/',
)
'/=====================================================================================2019-11-15 23:10:01/'
array (
  'time' => '2019-11-15 23:10:01',
  'siteroot' => 'https://o2o.sctsck.com/',
)
'/=====================================================================================2019-11-15 23:15:02/'
array (
  'time' => '2019-11-15 23:15:02',
  'siteroot' => 'https://o2o.sctsck.com/',
)
'/=====================================================================================2019-11-15 23:20:01/'
array (
  'time' => '2019-11-15 23:20:01',
  'siteroot' => 'https://o2o.sctsck.com/',
)
'/=====================================================================================2019-11-15 23:25:02/'
array (
  'time' => '2019-11-15 23:25:02',
  'siteroot' => 'https://o2o.sctsck.com/',
)
'/=====================================================================================2019-11-15 23:30:01/'
array (
  'time' => '2019-11-15 23:30:01',
  'siteroot' => 'https://o2o.sctsck.com/',
)
'/=====================================================================================2019-11-15 23:35:01/'
array (
  'time' => '2019-11-15 23:35:01',
  'siteroot' => 'https://o2o.sctsck.com/',
)
'/=====================================================================================2019-11-15 23:40:01/'
array (
  'time' => '2019-11-15 23:40:01',
  'siteroot' => 'https://o2o.sctsck.com/',
)
'/=====================================================================================2019-11-15 23:45:01/'
array (
  'time' => '2019-11-15 23:45:01',
  'siteroot' => 'https://o2o.sctsck.com/',
)
'/=====================================================================================2019-11-15 23:50:02/'
array (
  'time' => '2019-11-15 23:50:02',
  'siteroot' => 'https://o2o.sctsck.com/',
)
'/=====================================================================================2019-11-15 23:55:01/'
array (
  'time' => '2019-11-15 23:55:01',
  'siteroot' => 'https://o2o.sctsck.com/',
)
