'/=====================================================================================2019-11-15 14:32:16/'
array (
  'weid' => '4',
  'uniacid' => '4',
  'result' => 'success',
  'type' => 'wechat',
  'tid' => '2019111514321000001386536748',
  'uniontid' => '2019111514321000001386536748',
  'user' => 'oU4Jcv5mSz4sl_l_6vQj1Q_ZlsDw',
  'fee' => '298.00',
  'tag' => 
  array (
    'acid' => '4',
    'uid' => '1195',
    'transaction_id' => '4200000466201911153200311479',
  ),
  'is_usecard' => '0',
  'card_type' => '0',
  'card_fee' => '298.00',
  'card_id' => '',
  'from' => 'notify',
)
