'/=====================================================================================2019-11-16 19:33:15/'
array (
  'weid' => '4',
  'uniacid' => '4',
  'result' => 'success',
  'type' => 'wechat',
  'tid' => '2019111619330300001351638702',
  'uniontid' => '2019111619330300001351638702',
  'user' => 'oU4JcvzPG2MEoB2PGACpUzrCx_ko',
  'fee' => '12.00',
  'tag' => 
  array (
    'acid' => '4',
    'uid' => '461',
    'transaction_id' => '4200000471201911164095236929',
  ),
  'is_usecard' => '0',
  'card_type' => '0',
  'card_fee' => '12.00',
  'card_id' => '',
  'from' => 'notify',
)
