'/=====================================================================================2019-11-16 11:27:39/'
array (
  'weid' => '4',
  'uniacid' => '4',
  'result' => 'success',
  'type' => 'wechat',
  'tid' => '2019111611273100001381318980',
  'uniontid' => '2019111611273100001381318980',
  'user' => 'oU4JcvwWkTidZrw3gnNwDWc4MQmk',
  'fee' => '298.00',
  'tag' => 
  array (
    'acid' => '4',
    'uid' => '195',
    'transaction_id' => '4200000470201911167946981827',
  ),
  'is_usecard' => '0',
  'card_type' => '0',
  'card_fee' => '298.00',
  'card_id' => '',
  'from' => 'notify',
)
'/=====================================================================================2019-11-16 12:05:37/'
array (
  'weid' => '4',
  'uniacid' => '4',
  'result' => 'success',
  'type' => 'wechat',
  'tid' => '2019111612052500001341526567',
  'uniontid' => '2019111612052500001341526567',
  'user' => 'oU4Jcv0DndWkHkHXq6K5u1finrrU',
  'fee' => '298.00',
  'tag' => 
  array (
    'acid' => '4',
    'uid' => '2560',
    'transaction_id' => '4200000460201911169081231040',
  ),
  'is_usecard' => '0',
  'card_type' => '0',
  'card_fee' => '298.00',
  'card_id' => '',
  'from' => 'notify',
)
'/=====================================================================================2019-11-16 16:16:34/'
array (
  'weid' => '4',
  'uniacid' => '4',
  'result' => 'success',
  'type' => 'wechat',
  'tid' => '2019111616162100001379549628',
  'uniontid' => '2019111616162100001379549628',
  'user' => 'oU4Jcv1U2ptGBuiFTEECSuHUQut0',
  'fee' => '298.00',
  'tag' => 
  array (
    'acid' => '4',
    'uid' => '1469',
    'transaction_id' => '4200000457201911166121620810',
  ),
  'is_usecard' => '0',
  'card_type' => '0',
  'card_fee' => '298.00',
  'card_id' => '',
  'from' => 'notify',
)
'/=====================================================================================2019-11-16 16:31:23/'
array (
  'weid' => '4',
  'uniacid' => '4',
  'result' => 'success',
  'type' => 'wechat',
  'tid' => '2019111616305100001308226098',
  'uniontid' => '2019111616305100001308226098',
  'user' => 'oU4Jcv9x4ue-HT6hdgd7VxUTmn2s',
  'fee' => '298.00',
  'tag' => 
  array (
    'acid' => '4',
    'uid' => '151',
    'transaction_id' => '4200000462201911163560926711',
  ),
  'is_usecard' => '0',
  'card_type' => '0',
  'card_fee' => '298.00',
  'card_id' => '',
  'from' => 'notify',
)
'/=====================================================================================2019-11-16 19:42:12/'
array (
  'weid' => '4',
  'uniacid' => '4',
  'result' => 'success',
  'type' => 'wechat',
  'tid' => '2019111619415800001339876720',
  'uniontid' => '2019111619415800001339876720',
  'user' => 'oU4Jcv9SGFBge7Tw-ZALYZqHvH_Q',
  'fee' => '298.00',
  'tag' => 
  array (
    'acid' => '4',
    'uid' => '333',
    'transaction_id' => '4200000462201911166974191011',
  ),
  'is_usecard' => '0',
  'card_type' => '0',
  'card_fee' => '298.00',
  'card_id' => '',
  'from' => 'notify',
)
