'/=====================================================================================2019-11-18 13:29:14/'
array (
  'weid' => '4',
  'uniacid' => '4',
  'result' => 'success',
  'type' => 'wechat',
  'tid' => '2019111813285200001385822925',
  'uniontid' => '2019111813285200001385822925',
  'user' => 'oU4JcvxxUUzzDQK-tXA0lW7E3lb0',
  'fee' => '298.00',
  'tag' => 
  array (
    'acid' => '4',
    'uid' => '345',
    'transaction_id' => '4200000455201911187200652620',
  ),
  'is_usecard' => '0',
  'card_type' => '0',
  'card_fee' => '298.00',
  'card_id' => '',
  'from' => 'return',
)
'/=====================================================================================2019-11-18 13:29:50/'
array (
  'weid' => '4',
  'uniacid' => '4',
  'result' => 'success',
  'type' => 'wechat',
  'tid' => '2019111813285200001385822925',
  'uniontid' => '2019111813285200001385822925',
  'user' => 'oU4JcvxxUUzzDQK-tXA0lW7E3lb0',
  'fee' => '298.00',
  'tag' => 
  array (
    'acid' => '4',
    'uid' => '345',
    'transaction_id' => '4200000455201911187200652620',
  ),
  'is_usecard' => '0',
  'card_type' => '0',
  'card_fee' => '298.00',
  'card_id' => '',
  'from' => 'return',
)
'/=====================================================================================2019-11-18 17:52:43/'
array (
  'weid' => '4',
  'uniacid' => '4',
  'result' => 'success',
  'type' => 'wechat',
  'tid' => '2019111817522600001365518160',
  'uniontid' => '2019111817522600001365518160',
  'user' => 'oU4Jcv3o51nFP0KHzTBUuSBZyvvw',
  'fee' => '298.00',
  'tag' => 
  array (
    'acid' => '4',
    'uid' => '2066',
    'transaction_id' => '4200000464201911187505193114',
  ),
  'is_usecard' => '0',
  'card_type' => '0',
  'card_fee' => '298.00',
  'card_id' => '',
  'from' => 'return',
)
'/=====================================================================================2019-11-18 18:03:05/'
array (
  'weid' => '4',
  'uniacid' => '4',
  'result' => 'success',
  'type' => 'wechat',
  'tid' => '2019111818024400001324496868',
  'uniontid' => '2019111818024400001324496868',
  'user' => 'oU4Jcv8xCdPlIjQ5XrJLJ8AIQIro',
  'fee' => '298.00',
  'tag' => 
  array (
    'acid' => '4',
    'uid' => '3644',
    'transaction_id' => '4200000454201911188801758949',
  ),
  'is_usecard' => '0',
  'card_type' => '0',
  'card_fee' => '298.00',
  'card_id' => '',
  'from' => 'return',
)
'/=====================================================================================2019-11-18 18:06:04/'
array (
  'weid' => '4',
  'uniacid' => '4',
  'result' => 'success',
  'type' => 'wechat',
  'tid' => '2019111818024400001324496868',
  'uniontid' => '2019111818024400001324496868',
  'user' => 'oU4Jcv8xCdPlIjQ5XrJLJ8AIQIro',
  'fee' => '298.00',
  'tag' => 
  array (
    'acid' => '4',
    'uid' => '3644',
    'transaction_id' => '4200000454201911188801758949',
  ),
  'is_usecard' => '0',
  'card_type' => '0',
  'card_fee' => '298.00',
  'card_id' => '',
  'from' => 'return',
)
'/=====================================================================================2019-11-18 18:06:06/'
array (
  'weid' => '4',
  'uniacid' => '4',
  'result' => 'success',
  'type' => 'wechat',
  'tid' => '2019111818024400001324496868',
  'uniontid' => '2019111818024400001324496868',
  'user' => 'oU4Jcv8xCdPlIjQ5XrJLJ8AIQIro',
  'fee' => '298.00',
  'tag' => 
  array (
    'acid' => '4',
    'uid' => '3644',
    'transaction_id' => '4200000454201911188801758949',
  ),
  'is_usecard' => '0',
  'card_type' => '0',
  'card_fee' => '298.00',
  'card_id' => '',
  'from' => 'return',
)
'/=====================================================================================2019-11-18 18:06:07/'
array (
  'weid' => '4',
  'uniacid' => '4',
  'result' => 'success',
  'type' => 'wechat',
  'tid' => '2019111818024400001324496868',
  'uniontid' => '2019111818024400001324496868',
  'user' => 'oU4Jcv8xCdPlIjQ5XrJLJ8AIQIro',
  'fee' => '298.00',
  'tag' => 
  array (
    'acid' => '4',
    'uid' => '3644',
    'transaction_id' => '4200000454201911188801758949',
  ),
  'is_usecard' => '0',
  'card_type' => '0',
  'card_fee' => '298.00',
  'card_id' => '',
  'from' => 'return',
)
'/=====================================================================================2019-11-18 22:06:37/'
array (
  'weid' => '4',
  'uniacid' => '4',
  'result' => 'success',
  'type' => 'wechat',
  'tid' => '2019111822062200001383267481',
  'uniontid' => '2019111822062200001383267481',
  'user' => 'oU4Jcv7nOp83nWcReH0RGQSY-Q_Y',
  'fee' => '298.00',
  'tag' => 
  array (
    'acid' => '4',
    'uid' => '331',
    'transaction_id' => '4200000468201911184915962589',
  ),
  'is_usecard' => '0',
  'card_type' => '0',
  'card_fee' => '298.00',
  'card_id' => '',
  'from' => 'return',
)
'/=====================================================================================2019-11-18 22:07:01/'
array (
  'weid' => '4',
  'uniacid' => '4',
  'result' => 'success',
  'type' => 'wechat',
  'tid' => '2019111822062200001383267481',
  'uniontid' => '2019111822062200001383267481',
  'user' => 'oU4Jcv7nOp83nWcReH0RGQSY-Q_Y',
  'fee' => '298.00',
  'tag' => 
  array (
    'acid' => '4',
    'uid' => '331',
    'transaction_id' => '4200000468201911184915962589',
  ),
  'is_usecard' => '0',
  'card_type' => '0',
  'card_fee' => '298.00',
  'card_id' => '',
  'from' => 'return',
)
'/=====================================================================================2019-11-18 22:07:03/'
array (
  'weid' => '4',
  'uniacid' => '4',
  'result' => 'success',
  'type' => 'wechat',
  'tid' => '2019111822062200001383267481',
  'uniontid' => '2019111822062200001383267481',
  'user' => 'oU4Jcv7nOp83nWcReH0RGQSY-Q_Y',
  'fee' => '298.00',
  'tag' => 
  array (
    'acid' => '4',
    'uid' => '331',
    'transaction_id' => '4200000468201911184915962589',
  ),
  'is_usecard' => '0',
  'card_type' => '0',
  'card_fee' => '298.00',
  'card_id' => '',
  'from' => 'return',
)
'/=====================================================================================2019-11-18 22:07:04/'
array (
  'weid' => '4',
  'uniacid' => '4',
  'result' => 'success',
  'type' => 'wechat',
  'tid' => '2019111822062200001383267481',
  'uniontid' => '2019111822062200001383267481',
  'user' => 'oU4Jcv7nOp83nWcReH0RGQSY-Q_Y',
  'fee' => '298.00',
  'tag' => 
  array (
    'acid' => '4',
    'uid' => '331',
    'transaction_id' => '4200000468201911184915962589',
  ),
  'is_usecard' => '0',
  'card_type' => '0',
  'card_fee' => '298.00',
  'card_id' => '',
  'from' => 'return',
)
